{"E:\\Git\\myna-parser\\myna.js":{"path":"E:\\Git\\myna-parser\\myna.js","s":{"1":1,"2":11,"3":0,"4":0,"5":1,"6":11,"7":11,"8":1,"9":1,"10":1,"11":570,"12":570,"13":1,"14":0,"15":0,"16":1,"17":1,"18":570,"19":570,"20":532,"21":0,"22":532,"23":532,"24":532,"25":1,"26":1,"27":1,"28":1,"29":1,"30":1,"31":1,"32":1,"33":1,"34":1,"35":1,"36":1,"37":1,"38":1,"39":463,"40":1,"41":1,"42":1,"43":1,"44":922,"45":814,"46":108,"47":90,"48":18,"49":18,"50":0,"51":1,"52":1,"53":1,"54":2009,"55":570,"56":2009,"57":2009,"58":2009,"59":2009,"60":2009,"61":2009,"62":1,"63":59,"64":1,"65":0,"66":0,"67":1,"68":0,"69":0,"70":1,"71":1,"72":1,"73":1,"74":463,"75":463,"76":463,"77":463,"78":463,"79":463,"80":1,"81":0,"82":1,"83":85,"84":0,"85":85,"86":1,"87":12301,"88":0,"89":12301,"90":10862,"91":1439,"92":1439,"93":1439,"94":1427,"95":1427,"96":0,"97":1427,"98":714,"99":713,"100":713,"101":0,"102":713,"103":713,"104":563,"105":713,"106":713,"107":1,"108":211,"109":211,"110":1,"111":63,"112":63,"113":63,"114":1,"115":3468,"116":1,"117":23,"118":1,"119":1081,"120":1,"121":696,"122":1,"123":2756,"124":1,"125":0,"126":1,"127":22,"128":22,"129":0,"130":22,"131":22,"132":22,"133":22,"134":22,"135":1,"136":21,"137":21,"138":21,"139":1,"140":7,"141":1,"142":14,"143":1,"144":2,"145":1,"146":0,"147":1,"148":1,"149":1,"150":13,"151":1,"152":0,"153":1,"154":0,"155":1,"156":14,"157":1,"158":0,"159":1,"160":0,"161":1,"162":4,"163":1,"164":0,"165":1,"166":0,"167":1,"168":1,"169":1,"170":0,"171":1,"172":2,"173":1,"174":1,"175":1,"176":1,"177":1,"178":105,"179":105,"180":1,"181":3354,"182":5342,"183":5342,"184":5271,"185":1846,"186":1437,"187":1,"188":345,"189":739,"190":1,"191":17,"192":1,"193":1,"194":1,"195":1,"196":1,"197":122,"198":122,"199":1,"200":1803,"201":2856,"202":2856,"203":2819,"204":1480,"205":1339,"206":427,"207":1,"208":21,"209":39,"210":39,"211":3,"212":18,"213":1,"214":112,"215":243,"216":1,"217":1,"218":1,"219":1,"220":1,"221":1,"222":1,"223":48,"224":0,"225":48,"226":0,"227":48,"228":48,"229":48,"230":48,"231":1,"232":1678,"233":1678,"234":2588,"235":2586,"236":1595,"237":991,"238":901,"239":0,"240":991,"241":0,"242":991,"243":81,"244":1,"245":92,"246":1,"247":2,"248":1,"249":1,"250":1,"251":1,"252":1,"253":1,"254":1,"255":1,"256":1013,"257":1,"258":8,"259":1,"260":0,"261":1,"262":1,"263":1,"264":1,"265":1,"266":23,"267":23,"268":23,"269":23,"270":1,"271":2684,"272":364,"273":2320,"274":2320,"275":2320,"276":620,"277":1700,"278":1,"279":70,"280":1,"281":1,"282":1,"283":1,"284":1,"285":1,"286":1,"287":98,"288":98,"289":98,"290":1,"291":1740,"292":223,"293":1517,"294":1566,"295":916,"296":601,"297":1,"298":39,"299":1,"300":0,"301":1,"302":1,"303":1,"304":1,"305":1,"306":3,"307":3,"308":3,"309":1,"310":114,"311":1,"312":7,"313":1,"314":1,"315":1,"316":1,"317":1,"318":1,"319":1,"320":63,"321":1,"322":1489,"323":1395,"324":56,"325":1,"326":1,"327":1,"328":1,"329":1,"330":15,"331":15,"332":1,"333":66,"334":1,"335":5,"336":1,"337":0,"338":1,"339":1,"340":1,"341":1,"342":1,"343":1,"344":1,"345":1,"346":1,"347":1,"348":2,"349":1,"350":0,"351":1,"352":1,"353":1,"354":1,"355":1,"356":47,"357":47,"358":47,"359":1,"360":1422,"361":1,"362":0,"363":1,"364":1,"365":1,"366":98,"367":1,"368":1,"369":88,"370":88,"371":199,"372":88,"373":1,"374":1,"375":121,"376":121,"377":496,"378":121,"379":1,"380":1,"381":2,"382":121,"383":1,"384":1,"385":15,"386":1,"387":1,"388":46,"389":23,"390":46,"391":28,"392":46,"393":1,"394":1,"395":23,"396":1,"397":1,"398":5,"399":1,"400":1,"401":15,"402":1,"403":1,"404":2,"405":1,"406":1,"407":1,"408":1,"409":1,"410":22,"411":11,"412":22,"413":22,"414":22,"415":124,"416":124,"417":0,"418":124,"419":22,"420":1,"421":1,"422":0,"423":1,"424":1,"425":0,"426":1,"427":1,"428":11,"429":1,"430":1,"431":4,"432":1,"433":1,"434":7,"435":7,"436":7,"437":0,"438":7,"439":7,"440":7,"441":7,"442":91,"443":7,"444":1,"445":1,"446":7,"447":1,"448":1,"449":0,"450":1,"451":1,"452":5,"453":1,"454":1,"455":3,"456":1,"457":1,"458":2,"459":1,"460":1,"461":1,"462":1,"463":1,"464":1,"465":1,"466":1,"467":0,"468":1,"469":1,"470":47,"471":1,"472":1,"473":43,"474":41,"475":3,"476":1,"477":1,"478":42,"479":38,"480":38,"481":1,"482":1,"483":1,"484":0,"485":1,"486":3,"487":1,"488":1,"489":41,"490":1,"491":1,"492":12,"493":12,"494":38,"495":12,"496":38,"497":1,"498":1,"499":3,"500":1,"501":1,"502":1,"503":1,"504":1,"505":0,"506":0,"507":0,"508":0,"509":0,"510":0,"511":0,"512":0,"513":0,"514":1,"515":1,"516":0,"517":0,"518":0,"519":0,"520":0,"521":1,"522":1,"523":0,"524":0,"525":0,"526":0,"527":1,"528":1,"529":2,"530":1,"531":1,"532":2,"533":1,"534":1,"535":2,"536":1,"537":1,"538":1,"539":1,"540":1,"541":4,"542":1,"543":1,"544":1,"545":1,"546":2,"547":1,"548":1,"549":1,"550":2,"551":1,"552":1369,"553":1,"554":6,"555":1,"556":4,"557":1,"558":1,"559":1,"560":1,"561":1,"562":1,"563":1,"564":1,"565":1,"566":1,"567":1,"568":1,"569":1,"570":1,"571":1,"572":1,"573":1,"574":1,"575":1,"576":1,"577":1,"578":1,"579":1,"580":8,"581":254,"582":254,"583":1,"584":1,"585":4,"586":63,"587":1,"588":1,"589":4,"590":127,"591":63,"592":63,"593":63,"594":4,"595":1,"596":1,"597":1,"598":1},"b":{"1":[1,1,1],"2":[0,0],"3":[0,11],"4":[0,532],"5":[1,1],"6":[814,108],"7":[90,18],"8":[18,0],"9":[0,18],"10":[570,1439],"11":[2009,0],"12":[0,0],"13":[0,0],"14":[0,85],"15":[85,85],"16":[0,12301],"17":[12301,12301],"18":[10862,1439],"19":[0,1427],"20":[714,713],"21":[0,713],"22":[563,150],"23":[1081,0],"24":[0,22],"25":[1846,3425],"26":[1480,1339],"27":[3,36],"28":[0,48],"29":[0,48],"30":[2669,520],"31":[1595,991],"32":[1587,8],"33":[901,90],"34":[0,901],"35":[0,991],"36":[31,61],"37":[1000,13],"38":[364,2320],"39":[620,1700],"40":[223,1517],"41":[916,650],"42":[1395,56],"43":[23,23],"44":[28,18],"45":[11,11],"46":[0,124],"47":[7,0],"48":[0,7],"49":[7,7],"50":[0,1],"51":[0,0],"52":[0,0],"53":[63,64],"54":[1,1],"55":[1,0],"56":[1,1]},"f":{"1":11,"2":11,"3":1,"4":570,"5":0,"6":570,"7":1,"8":463,"9":922,"10":1,"11":2009,"12":59,"13":0,"14":0,"15":0,"16":0,"17":1,"18":463,"19":0,"20":85,"21":12301,"22":211,"23":63,"24":3468,"25":23,"26":1081,"27":696,"28":2756,"29":0,"30":22,"31":21,"32":7,"33":14,"34":2,"35":0,"36":1,"37":13,"38":0,"39":0,"40":14,"41":0,"42":0,"43":4,"44":0,"45":0,"46":1,"47":0,"48":2,"49":1,"50":105,"51":3354,"52":345,"53":739,"54":17,"55":1,"56":122,"57":1803,"58":21,"59":112,"60":243,"61":1,"62":1,"63":48,"64":1678,"65":92,"66":2,"67":1,"68":1,"69":1013,"70":8,"71":0,"72":1,"73":23,"74":2684,"75":70,"76":1,"77":1,"78":98,"79":1740,"80":39,"81":0,"82":1,"83":3,"84":114,"85":7,"86":1,"87":1,"88":63,"89":1489,"90":1,"91":15,"92":66,"93":5,"94":0,"95":1,"96":1,"97":1,"98":2,"99":0,"100":1,"101":47,"102":1422,"103":0,"104":98,"105":88,"106":121,"107":2,"108":121,"109":15,"110":46,"111":23,"112":5,"113":15,"114":2,"115":1,"116":22,"117":0,"118":0,"119":11,"120":4,"121":7,"122":7,"123":0,"124":5,"125":3,"126":2,"127":1,"128":1,"129":0,"130":47,"131":43,"132":41,"133":42,"134":38,"135":1,"136":3,"137":41,"138":12,"139":38,"140":3,"141":1,"142":0,"143":0,"144":0,"145":0,"146":2,"147":2,"148":2,"149":1,"150":4,"151":1,"152":2,"153":1369,"154":6,"155":4,"156":8,"157":254,"158":254,"159":4,"160":63,"161":4},"fnMap":{"1":{"name":"(anonymous_1)","line":4,"loc":{"start":{"line":4,"column":44},"end":{"line":4,"column":60}}},"2":{"name":"__","line":6,"loc":{"start":{"line":6,"column":4},"end":{"line":6,"column":18}}},"3":{"name":"(anonymous_3)","line":17,"loc":{"start":{"line":17,"column":1},"end":{"line":17,"column":17}}},"4":{"name":"_initialize","line":21,"loc":{"start":{"line":21,"column":4},"end":{"line":21,"column":31}}},"5":{"name":"match","line":27,"loc":{"start":{"line":27,"column":4},"end":{"line":27,"column":25}}},"6":{"name":"parse","line":39,"loc":{"start":{"line":39,"column":4},"end":{"line":39,"column":25}}},"7":{"name":"(anonymous_7)","line":52,"loc":{"start":{"line":52,"column":5},"end":{"line":52,"column":27}}},"8":{"name":"genId","line":77,"loc":{"start":{"line":77,"column":4},"end":{"line":77,"column":21}}},"9":{"name":"RuleTypeToRule","line":87,"loc":{"start":{"line":87,"column":4},"end":{"line":87,"column":34}}},"10":{"name":"(anonymous_10)","line":102,"loc":{"start":{"line":102,"column":19},"end":{"line":102,"column":31}}},"11":{"name":"AstNode","line":104,"loc":{"start":{"line":104,"column":8},"end":{"line":104,"column":43}}},"12":{"name":"(anonymous_12)","line":115,"loc":{"start":{"line":115,"column":17},"end":{"line":115,"column":29}}},"13":{"name":"(anonymous_13)","line":121,"loc":{"start":{"line":121,"column":17},"end":{"line":121,"column":29}}},"14":{"name":"(anonymous_14)","line":121,"loc":{"start":{"line":121,"column":93},"end":{"line":121,"column":106}}},"15":{"name":"(anonymous_15)","line":127,"loc":{"start":{"line":127,"column":17},"end":{"line":127,"column":29}}},"16":{"name":"(anonymous_16)","line":127,"loc":{"start":{"line":127,"column":102},"end":{"line":127,"column":115}}},"17":{"name":"(anonymous_17)","line":140,"loc":{"start":{"line":140,"column":16},"end":{"line":140,"column":28}}},"18":{"name":"Rule","line":142,"loc":{"start":{"line":142,"column":8},"end":{"line":142,"column":29}}},"19":{"name":"(anonymous_19)","line":156,"loc":{"start":{"line":156,"column":45},"end":{"line":156,"column":62}}},"20":{"name":"(anonymous_20)","line":160,"loc":{"start":{"line":160,"column":31},"end":{"line":160,"column":48}}},"21":{"name":"(anonymous_21)","line":168,"loc":{"start":{"line":168,"column":31},"end":{"line":168,"column":48}}},"22":{"name":"(anonymous_22)","line":207,"loc":{"start":{"line":207,"column":33},"end":{"line":207,"column":53}}},"23":{"name":"(anonymous_23)","line":213,"loc":{"start":{"line":213,"column":33},"end":{"line":213,"column":66}}},"24":{"name":"(anonymous_24)","line":220,"loc":{"start":{"line":220,"column":17},"end":{"line":220,"column":29}}},"25":{"name":"(anonymous_25)","line":228,"loc":{"start":{"line":228,"column":17},"end":{"line":228,"column":29}}},"26":{"name":"(anonymous_26)","line":236,"loc":{"start":{"line":236,"column":17},"end":{"line":236,"column":29}}},"27":{"name":"(anonymous_27)","line":243,"loc":{"start":{"line":243,"column":34},"end":{"line":243,"column":46}}},"28":{"name":"(anonymous_28)","line":248,"loc":{"start":{"line":248,"column":17},"end":{"line":248,"column":29}}},"29":{"name":"(anonymous_29)","line":255,"loc":{"start":{"line":255,"column":45},"end":{"line":255,"column":57}}},"30":{"name":"(anonymous_30)","line":260,"loc":{"start":{"line":260,"column":17},"end":{"line":260,"column":29}}},"31":{"name":"(anonymous_31)","line":275,"loc":{"start":{"line":275,"column":17},"end":{"line":275,"column":29}}},"32":{"name":"(anonymous_32)","line":285,"loc":{"start":{"line":285,"column":17},"end":{"line":285,"column":29}}},"33":{"name":"(anonymous_33)","line":290,"loc":{"start":{"line":290,"column":17},"end":{"line":290,"column":29}}},"34":{"name":"(anonymous_34)","line":295,"loc":{"start":{"line":295,"column":17},"end":{"line":295,"column":29}}},"35":{"name":"(anonymous_35)","line":300,"loc":{"start":{"line":300,"column":17},"end":{"line":300,"column":29}}},"36":{"name":"(anonymous_36)","line":305,"loc":{"start":{"line":305,"column":17},"end":{"line":305,"column":29}}},"37":{"name":"(anonymous_37)","line":310,"loc":{"start":{"line":310,"column":17},"end":{"line":310,"column":29}}},"38":{"name":"(anonymous_38)","line":315,"loc":{"start":{"line":315,"column":17},"end":{"line":315,"column":29}}},"39":{"name":"(anonymous_39)","line":320,"loc":{"start":{"line":320,"column":17},"end":{"line":320,"column":29}}},"40":{"name":"(anonymous_40)","line":324,"loc":{"start":{"line":324,"column":30},"end":{"line":324,"column":43}}},"41":{"name":"(anonymous_41)","line":325,"loc":{"start":{"line":325,"column":32},"end":{"line":325,"column":45}}},"42":{"name":"(anonymous_42)","line":326,"loc":{"start":{"line":326,"column":33},"end":{"line":326,"column":46}}},"43":{"name":"(anonymous_43)","line":327,"loc":{"start":{"line":327,"column":28},"end":{"line":327,"column":41}}},"44":{"name":"(anonymous_44)","line":328,"loc":{"start":{"line":328,"column":31},"end":{"line":328,"column":44}}},"45":{"name":"(anonymous_45)","line":329,"loc":{"start":{"line":329,"column":35},"end":{"line":329,"column":48}}},"46":{"name":"(anonymous_46)","line":330,"loc":{"start":{"line":330,"column":32},"end":{"line":330,"column":49}}},"47":{"name":"(anonymous_47)","line":331,"loc":{"start":{"line":331,"column":33},"end":{"line":331,"column":53}}},"48":{"name":"(anonymous_48)","line":332,"loc":{"start":{"line":332,"column":35},"end":{"line":332,"column":56}}},"49":{"name":"(anonymous_49)","line":343,"loc":{"start":{"line":343,"column":20},"end":{"line":343,"column":38}}},"50":{"name":"Sequence","line":345,"loc":{"start":{"line":345,"column":8},"end":{"line":345,"column":33}}},"51":{"name":"(anonymous_51)","line":349,"loc":{"start":{"line":349,"column":49},"end":{"line":349,"column":66}}},"52":{"name":"(anonymous_52)","line":359,"loc":{"start":{"line":359,"column":17},"end":{"line":359,"column":29}}},"53":{"name":"(anonymous_53)","line":359,"loc":{"start":{"line":359,"column":59},"end":{"line":359,"column":72}}},"54":{"name":"(anonymous_54)","line":363,"loc":{"start":{"line":363,"column":49},"end":{"line":363,"column":61}}},"55":{"name":"(anonymous_55)","line":368,"loc":{"start":{"line":368,"column":18},"end":{"line":368,"column":36}}},"56":{"name":"Choice","line":370,"loc":{"start":{"line":370,"column":8},"end":{"line":370,"column":31}}},"57":{"name":"(anonymous_57)","line":374,"loc":{"start":{"line":374,"column":47},"end":{"line":374,"column":64}}},"58":{"name":"(anonymous_58)","line":384,"loc":{"start":{"line":384,"column":33},"end":{"line":384,"column":50}}},"59":{"name":"(anonymous_59)","line":393,"loc":{"start":{"line":393,"column":17},"end":{"line":393,"column":29}}},"60":{"name":"(anonymous_60)","line":393,"loc":{"start":{"line":393,"column":59},"end":{"line":393,"column":72}}},"61":{"name":"(anonymous_61)","line":397,"loc":{"start":{"line":397,"column":47},"end":{"line":397,"column":59}}},"62":{"name":"(anonymous_62)","line":403,"loc":{"start":{"line":403,"column":23},"end":{"line":403,"column":41}}},"63":{"name":"BoundedRule","line":405,"loc":{"start":{"line":405,"column":8},"end":{"line":405,"column":45}}},"64":{"name":"(anonymous_64)","line":413,"loc":{"start":{"line":413,"column":52},"end":{"line":413,"column":69}}},"65":{"name":"(anonymous_65)","line":434,"loc":{"start":{"line":434,"column":17},"end":{"line":434,"column":29}}},"66":{"name":"(anonymous_66)","line":441,"loc":{"start":{"line":441,"column":52},"end":{"line":441,"column":64}}},"67":{"name":"(anonymous_67)","line":446,"loc":{"start":{"line":446,"column":19},"end":{"line":446,"column":37}}},"68":{"name":"Advance","line":448,"loc":{"start":{"line":448,"column":8},"end":{"line":448,"column":27}}},"69":{"name":"(anonymous_69)","line":452,"loc":{"start":{"line":452,"column":48},"end":{"line":452,"column":65}}},"70":{"name":"(anonymous_70)","line":454,"loc":{"start":{"line":454,"column":17},"end":{"line":454,"column":29}}},"71":{"name":"(anonymous_71)","line":458,"loc":{"start":{"line":458,"column":48},"end":{"line":458,"column":60}}},"72":{"name":"(anonymous_72)","line":463,"loc":{"start":{"line":463,"column":18},"end":{"line":463,"column":36}}},"73":{"name":"Lookup","line":465,"loc":{"start":{"line":465,"column":8},"end":{"line":465,"column":43}}},"74":{"name":"(anonymous_74)","line":471,"loc":{"start":{"line":471,"column":47},"end":{"line":471,"column":64}}},"75":{"name":"(anonymous_75)","line":481,"loc":{"start":{"line":481,"column":17},"end":{"line":481,"column":29}}},"76":{"name":"(anonymous_76)","line":485,"loc":{"start":{"line":485,"column":47},"end":{"line":485,"column":59}}},"77":{"name":"(anonymous_77)","line":490,"loc":{"start":{"line":490,"column":16},"end":{"line":490,"column":34}}},"78":{"name":"Text","line":492,"loc":{"start":{"line":492,"column":8},"end":{"line":492,"column":28}}},"79":{"name":"(anonymous_79)","line":497,"loc":{"start":{"line":497,"column":45},"end":{"line":497,"column":62}}},"80":{"name":"(anonymous_80)","line":506,"loc":{"start":{"line":506,"column":17},"end":{"line":506,"column":29}}},"81":{"name":"(anonymous_81)","line":510,"loc":{"start":{"line":510,"column":45},"end":{"line":510,"column":57}}},"82":{"name":"(anonymous_82)","line":516,"loc":{"start":{"line":516,"column":17},"end":{"line":516,"column":35}}},"83":{"name":"Delay","line":518,"loc":{"start":{"line":518,"column":8},"end":{"line":518,"column":27}}},"84":{"name":"(anonymous_84)","line":523,"loc":{"start":{"line":523,"column":46},"end":{"line":523,"column":63}}},"85":{"name":"(anonymous_85)","line":525,"loc":{"start":{"line":525,"column":17},"end":{"line":525,"column":29}}},"86":{"name":"(anonymous_86)","line":529,"loc":{"start":{"line":529,"column":46},"end":{"line":529,"column":58}}},"87":{"name":"(anonymous_87)","line":536,"loc":{"start":{"line":536,"column":25},"end":{"line":536,"column":43}}},"88":{"name":"PredicateRule","line":538,"loc":{"start":{"line":538,"column":8},"end":{"line":538,"column":33}}},"89":{"name":"(anonymous_89)","line":543,"loc":{"start":{"line":543,"column":40},"end":{"line":543,"column":57}}},"90":{"name":"(anonymous_90)","line":552,"loc":{"start":{"line":552,"column":15},"end":{"line":552,"column":33}}},"91":{"name":"Not","line":554,"loc":{"start":{"line":554,"column":8},"end":{"line":554,"column":27}}},"92":{"name":"(anonymous_92)","line":558,"loc":{"start":{"line":558,"column":30},"end":{"line":558,"column":47}}},"93":{"name":"(anonymous_93)","line":560,"loc":{"start":{"line":560,"column":17},"end":{"line":560,"column":29}}},"94":{"name":"(anonymous_94)","line":564,"loc":{"start":{"line":564,"column":44},"end":{"line":564,"column":56}}},"95":{"name":"(anonymous_95)","line":569,"loc":{"start":{"line":569,"column":14},"end":{"line":569,"column":32}}},"96":{"name":"At","line":571,"loc":{"start":{"line":571,"column":8},"end":{"line":571,"column":26}}},"97":{"name":"(anonymous_97)","line":575,"loc":{"start":{"line":575,"column":29},"end":{"line":575,"column":46}}},"98":{"name":"(anonymous_98)","line":577,"loc":{"start":{"line":577,"column":17},"end":{"line":577,"column":29}}},"99":{"name":"(anonymous_99)","line":581,"loc":{"start":{"line":581,"column":43},"end":{"line":581,"column":55}}},"100":{"name":"(anonymous_100)","line":586,"loc":{"start":{"line":586,"column":21},"end":{"line":586,"column":39}}},"101":{"name":"Predicate","line":588,"loc":{"start":{"line":588,"column":8},"end":{"line":588,"column":31}}},"102":{"name":"(anonymous_102)","line":593,"loc":{"start":{"line":593,"column":36},"end":{"line":593,"column":53}}},"103":{"name":"(anonymous_103)","line":594,"loc":{"start":{"line":594,"column":50},"end":{"line":594,"column":62}}},"104":{"name":"text","line":601,"loc":{"start":{"line":601,"column":4},"end":{"line":601,"column":24}}},"105":{"name":"seq","line":606,"loc":{"start":{"line":606,"column":4},"end":{"line":606,"column":19}}},"106":{"name":"choice","line":615,"loc":{"start":{"line":615,"column":4},"end":{"line":615,"column":22}}},"107":{"name":"delay","line":625,"loc":{"start":{"line":625,"column":4},"end":{"line":625,"column":24}}},"108":{"name":"(anonymous_108)","line":625,"loc":{"start":{"line":625,"column":43},"end":{"line":625,"column":55}}},"109":{"name":"not","line":628,"loc":{"start":{"line":628,"column":4},"end":{"line":628,"column":23}}},"110":{"name":"bounded","line":635,"loc":{"start":{"line":635,"column":4},"end":{"line":635,"column":37}}},"111":{"name":"star","line":643,"loc":{"start":{"line":643,"column":4},"end":{"line":643,"column":24}}},"112":{"name":"plus","line":649,"loc":{"start":{"line":649,"column":4},"end":{"line":649,"column":24}}},"113":{"name":"opt","line":654,"loc":{"start":{"line":654,"column":4},"end":{"line":654,"column":23}}},"114":{"name":"repeat","line":660,"loc":{"start":{"line":660,"column":4},"end":{"line":660,"column":33}}},"115":{"name":"at","line":665,"loc":{"start":{"line":665,"column":4},"end":{"line":665,"column":22}}},"116":{"name":"lookup","line":671,"loc":{"start":{"line":671,"column":4},"end":{"line":671,"column":45}}},"117":{"name":"atChar","line":686,"loc":{"start":{"line":686,"column":4},"end":{"line":686,"column":27}}},"118":{"name":"notAtChar","line":689,"loc":{"start":{"line":689,"column":4},"end":{"line":689,"column":30}}},"119":{"name":"char","line":692,"loc":{"start":{"line":692,"column":4},"end":{"line":692,"column":25}}},"120":{"name":"charExcept","line":695,"loc":{"start":{"line":695,"column":4},"end":{"line":695,"column":31}}},"121":{"name":"inRange","line":698,"loc":{"start":{"line":698,"column":4},"end":{"line":698,"column":48}}},"122":{"name":"range","line":710,"loc":{"start":{"line":710,"column":4},"end":{"line":710,"column":29}}},"123":{"name":"exceptRange","line":712,"loc":{"start":{"line":712,"column":4},"end":{"line":712,"column":35}}},"124":{"name":"delimited","line":716,"loc":{"start":{"line":716,"column":4},"end":{"line":716,"column":40}}},"125":{"name":"except","line":718,"loc":{"start":{"line":718,"column":4},"end":{"line":718,"column":37}}},"126":{"name":"repeatWhileNot","line":720,"loc":{"start":{"line":720,"column":4},"end":{"line":720,"column":45}}},"127":{"name":"repeatUntilPast","line":722,"loc":{"start":{"line":722,"column":4},"end":{"line":722,"column":46}}},"128":{"name":"advanceWhileNot","line":724,"loc":{"start":{"line":724,"column":4},"end":{"line":724,"column":35}}},"129":{"name":"advanceUntilPast","line":726,"loc":{"start":{"line":726,"column":4},"end":{"line":726,"column":36}}},"130":{"name":"predicate","line":730,"loc":{"start":{"line":730,"column":4},"end":{"line":730,"column":27}}},"131":{"name":"action","line":732,"loc":{"start":{"line":732,"column":4},"end":{"line":732,"column":24}}},"132":{"name":"(anonymous_132)","line":732,"loc":{"start":{"line":732,"column":43},"end":{"line":732,"column":60}}},"133":{"name":"err","line":734,"loc":{"start":{"line":734,"column":4},"end":{"line":734,"column":21}}},"134":{"name":"(anonymous_134)","line":734,"loc":{"start":{"line":734,"column":37},"end":{"line":734,"column":50}}},"135":{"name":"log","line":736,"loc":{"start":{"line":736,"column":4},"end":{"line":736,"column":22}}},"136":{"name":"(anonymous_136)","line":738,"loc":{"start":{"line":738,"column":22},"end":{"line":738,"column":35}}},"137":{"name":"assert","line":741,"loc":{"start":{"line":741,"column":4},"end":{"line":741,"column":26}}},"138":{"name":"guardedSeq","line":748,"loc":{"start":{"line":748,"column":4},"end":{"line":748,"column":35}}},"139":{"name":"(anonymous_139)","line":753,"loc":{"start":{"line":753,"column":58},"end":{"line":753,"column":71}}},"140":{"name":"doubleQuoted","line":757,"loc":{"start":{"line":757,"column":4},"end":{"line":757,"column":32}}},"141":{"name":"singleQuoted","line":759,"loc":{"start":{"line":759,"column":4},"end":{"line":759,"column":32}}},"142":{"name":"join","line":762,"loc":{"start":{"line":762,"column":4},"end":{"line":762,"column":23}}},"143":{"name":"keywordMap","line":777,"loc":{"start":{"line":777,"column":4},"end":{"line":777,"column":26}}},"144":{"name":"(anonymous_144)","line":782,"loc":{"start":{"line":782,"column":25},"end":{"line":782,"column":38}}},"145":{"name":"seqWs","line":786,"loc":{"start":{"line":786,"column":4},"end":{"line":786,"column":21}}},"146":{"name":"parenthesized","line":795,"loc":{"start":{"line":795,"column":4},"end":{"line":795,"column":33}}},"147":{"name":"braced","line":797,"loc":{"start":{"line":797,"column":4},"end":{"line":797,"column":26}}},"148":{"name":"bracketed","line":799,"loc":{"start":{"line":799,"column":4},"end":{"line":799,"column":29}}},"149":{"name":"tagged","line":801,"loc":{"start":{"line":801,"column":4},"end":{"line":801,"column":26}}},"150":{"name":"keyword","line":804,"loc":{"start":{"line":804,"column":4},"end":{"line":804,"column":27}}},"151":{"name":"keywords","line":806,"loc":{"start":{"line":806,"column":4},"end":{"line":806,"column":24}}},"152":{"name":"(anonymous_152)","line":816,"loc":{"start":{"line":816,"column":35},"end":{"line":816,"column":52}}},"153":{"name":"(anonymous_153)","line":817,"loc":{"start":{"line":817,"column":36},"end":{"line":817,"column":53}}},"154":{"name":"(anonymous_154)","line":818,"loc":{"start":{"line":818,"column":25},"end":{"line":818,"column":42}}},"155":{"name":"(anonymous_155)","line":819,"loc":{"start":{"line":819,"column":28},"end":{"line":819,"column":45}}},"156":{"name":"grammarRules","line":847,"loc":{"start":{"line":847,"column":4},"end":{"line":847,"column":29}}},"157":{"name":"(anonymous_157)","line":850,"loc":{"start":{"line":850,"column":17},"end":{"line":850,"column":30}}},"158":{"name":"(anonymous_158)","line":851,"loc":{"start":{"line":851,"column":20},"end":{"line":851,"column":33}}},"159":{"name":"grammarToString","line":855,"loc":{"start":{"line":855,"column":4},"end":{"line":855,"column":32}}},"160":{"name":"(anonymous_160)","line":857,"loc":{"start":{"line":857,"column":17},"end":{"line":857,"column":30}}},"161":{"name":"registerGrammar","line":865,"loc":{"start":{"line":865,"column":4},"end":{"line":865,"column":51}}}},"statementMap":{"1":{"start":{"line":4,"column":0},"end":{"line":8,"column":2}},"2":{"start":{"line":5,"column":4},"end":{"line":5,"column":58}},"3":{"start":{"line":5,"column":21},"end":{"line":5,"column":58}},"4":{"start":{"line":5,"column":46},"end":{"line":5,"column":58}},"5":{"start":{"line":6,"column":4},"end":{"line":6,"column":43}},"6":{"start":{"line":6,"column":20},"end":{"line":6,"column":41}},"7":{"start":{"line":7,"column":4},"end":{"line":7,"column":89}},"8":{"start":{"line":16,"column":0},"end":{"line":16,"column":9}},"9":{"start":{"line":17,"column":0},"end":{"line":881,"column":24}},"10":{"start":{"line":21,"column":4},"end":{"line":24,"column":5}},"11":{"start":{"line":22,"column":8},"end":{"line":22,"column":22}},"12":{"start":{"line":23,"column":8},"end":{"line":23,"column":37}},"13":{"start":{"line":27,"column":4},"end":{"line":30,"column":5}},"14":{"start":{"line":28,"column":8},"end":{"line":28,"column":23}},"15":{"start":{"line":29,"column":8},"end":{"line":29,"column":26}},"16":{"start":{"line":31,"column":4},"end":{"line":31,"column":23}},"17":{"start":{"line":39,"column":4},"end":{"line":47,"column":5}},"18":{"start":{"line":40,"column":8},"end":{"line":40,"column":23}},"19":{"start":{"line":41,"column":8},"end":{"line":41,"column":29}},"20":{"start":{"line":42,"column":8},"end":{"line":43,"column":48}},"21":{"start":{"line":43,"column":12},"end":{"line":43,"column":48}},"22":{"start":{"line":44,"column":8},"end":{"line":44,"column":29}},"23":{"start":{"line":45,"column":8},"end":{"line":45,"column":23}},"24":{"start":{"line":46,"column":8},"end":{"line":46,"column":20}},"25":{"start":{"line":48,"column":4},"end":{"line":48,"column":23}},"26":{"start":{"line":52,"column":4},"end":{"line":67,"column":50}},"27":{"start":{"line":54,"column":8},"end":{"line":54,"column":74}},"28":{"start":{"line":56,"column":8},"end":{"line":56,"column":80}},"29":{"start":{"line":58,"column":8},"end":{"line":58,"column":68}},"30":{"start":{"line":60,"column":8},"end":{"line":60,"column":74}},"31":{"start":{"line":62,"column":8},"end":{"line":62,"column":76}},"32":{"start":{"line":64,"column":8},"end":{"line":64,"column":80}},"33":{"start":{"line":66,"column":8},"end":{"line":66,"column":96}},"34":{"start":{"line":68,"column":4},"end":{"line":68,"column":37}},"35":{"start":{"line":72,"column":4},"end":{"line":72,"column":23}},"36":{"start":{"line":74,"column":4},"end":{"line":74,"column":20}},"37":{"start":{"line":76,"column":4},"end":{"line":76,"column":20}},"38":{"start":{"line":77,"column":4},"end":{"line":79,"column":5}},"39":{"start":{"line":78,"column":8},"end":{"line":78,"column":25}},"40":{"start":{"line":81,"column":4},"end":{"line":81,"column":20}},"41":{"start":{"line":83,"column":4},"end":{"line":83,"column":20}},"42":{"start":{"line":85,"column":4},"end":{"line":85,"column":15}},"43":{"start":{"line":87,"column":4},"end":{"line":95,"column":5}},"44":{"start":{"line":88,"column":8},"end":{"line":89,"column":24}},"45":{"start":{"line":89,"column":12},"end":{"line":89,"column":24}},"46":{"start":{"line":90,"column":8},"end":{"line":91,"column":30}},"47":{"start":{"line":91,"column":12},"end":{"line":91,"column":30}},"48":{"start":{"line":92,"column":8},"end":{"line":93,"column":67}},"49":{"start":{"line":93,"column":12},"end":{"line":93,"column":67}},"50":{"start":{"line":94,"column":8},"end":{"line":94,"column":41}},"51":{"start":{"line":96,"column":4},"end":{"line":96,"column":41}},"52":{"start":{"line":102,"column":4},"end":{"line":132,"column":9}},"53":{"start":{"line":104,"column":8},"end":{"line":112,"column":9}},"54":{"start":{"line":105,"column":12},"end":{"line":105,"column":48}},"55":{"start":{"line":105,"column":36},"end":{"line":105,"column":46}},"56":{"start":{"line":106,"column":12},"end":{"line":106,"column":49}},"57":{"start":{"line":106,"column":34},"end":{"line":106,"column":47}},"58":{"start":{"line":107,"column":12},"end":{"line":107,"column":29}},"59":{"start":{"line":108,"column":12},"end":{"line":108,"column":31}},"60":{"start":{"line":109,"column":12},"end":{"line":109,"column":27}},"61":{"start":{"line":111,"column":12},"end":{"line":111,"column":33}},"62":{"start":{"line":113,"column":8},"end":{"line":118,"column":11}},"63":{"start":{"line":115,"column":31},"end":{"line":115,"column":73}},"64":{"start":{"line":119,"column":8},"end":{"line":124,"column":11}},"65":{"start":{"line":121,"column":31},"end":{"line":121,"column":146}},"66":{"start":{"line":121,"column":108},"end":{"line":121,"column":126}},"67":{"start":{"line":125,"column":8},"end":{"line":130,"column":11}},"68":{"start":{"line":127,"column":31},"end":{"line":127,"column":159}},"69":{"start":{"line":127,"column":117},"end":{"line":127,"column":139}},"70":{"start":{"line":131,"column":8},"end":{"line":131,"column":23}},"71":{"start":{"line":133,"column":4},"end":{"line":133,"column":27}},"72":{"start":{"line":140,"column":4},"end":{"line":334,"column":9}},"73":{"start":{"line":142,"column":8},"end":{"line":154,"column":9}},"74":{"start":{"line":143,"column":12},"end":{"line":143,"column":31}},"75":{"start":{"line":145,"column":12},"end":{"line":145,"column":27}},"76":{"start":{"line":147,"column":12},"end":{"line":147,"column":34}},"77":{"start":{"line":149,"column":12},"end":{"line":149,"column":30}},"78":{"start":{"line":151,"column":12},"end":{"line":151,"column":27}},"79":{"start":{"line":153,"column":12},"end":{"line":153,"column":40}},"80":{"start":{"line":156,"column":8},"end":{"line":158,"column":10}},"81":{"start":{"line":157,"column":12},"end":{"line":157,"column":45}},"82":{"start":{"line":160,"column":8},"end":{"line":165,"column":10}},"83":{"start":{"line":162,"column":12},"end":{"line":163,"column":29}},"84":{"start":{"line":163,"column":16},"end":{"line":163,"column":29}},"85":{"start":{"line":164,"column":12},"end":{"line":164,"column":61}},"86":{"start":{"line":168,"column":8},"end":{"line":204,"column":10}},"87":{"start":{"line":170,"column":12},"end":{"line":171,"column":30}},"88":{"start":{"line":171,"column":16},"end":{"line":171,"column":30}},"89":{"start":{"line":173,"column":12},"end":{"line":203,"column":13}},"90":{"start":{"line":175,"column":16},"end":{"line":175,"column":55}},"91":{"start":{"line":179,"column":16},"end":{"line":179,"column":52}},"92":{"start":{"line":181,"column":16},"end":{"line":181,"column":34}},"93":{"start":{"line":183,"column":16},"end":{"line":183,"column":60}},"94":{"start":{"line":185,"column":16},"end":{"line":185,"column":41}},"95":{"start":{"line":186,"column":16},"end":{"line":187,"column":56}},"96":{"start":{"line":187,"column":20},"end":{"line":187,"column":56}},"97":{"start":{"line":189,"column":16},"end":{"line":190,"column":34}},"98":{"start":{"line":190,"column":20},"end":{"line":190,"column":34}},"99":{"start":{"line":192,"column":16},"end":{"line":192,"column":34}},"100":{"start":{"line":195,"column":16},"end":{"line":196,"column":56}},"101":{"start":{"line":196,"column":20},"end":{"line":196,"column":56}},"102":{"start":{"line":197,"column":16},"end":{"line":197,"column":57}},"103":{"start":{"line":198,"column":16},"end":{"line":199,"column":52}},"104":{"start":{"line":199,"column":20},"end":{"line":199,"column":52}},"105":{"start":{"line":200,"column":16},"end":{"line":200,"column":46}},"106":{"start":{"line":202,"column":16},"end":{"line":202,"column":29}},"107":{"start":{"line":207,"column":8},"end":{"line":210,"column":10}},"108":{"start":{"line":208,"column":12},"end":{"line":208,"column":33}},"109":{"start":{"line":209,"column":12},"end":{"line":209,"column":24}},"110":{"start":{"line":213,"column":8},"end":{"line":217,"column":10}},"111":{"start":{"line":214,"column":12},"end":{"line":214,"column":43}},"112":{"start":{"line":215,"column":12},"end":{"line":215,"column":33}},"113":{"start":{"line":216,"column":12},"end":{"line":216,"column":24}},"114":{"start":{"line":218,"column":8},"end":{"line":225,"column":11}},"115":{"start":{"line":221,"column":16},"end":{"line":221,"column":58}},"116":{"start":{"line":226,"column":8},"end":{"line":233,"column":11}},"117":{"start":{"line":229,"column":16},"end":{"line":229,"column":45}},"118":{"start":{"line":234,"column":8},"end":{"line":241,"column":11}},"119":{"start":{"line":237,"column":16},"end":{"line":237,"column":71}},"120":{"start":{"line":243,"column":8},"end":{"line":245,"column":10}},"121":{"start":{"line":244,"column":12},"end":{"line":244,"column":61}},"122":{"start":{"line":246,"column":8},"end":{"line":253,"column":11}},"123":{"start":{"line":249,"column":16},"end":{"line":249,"column":37}},"124":{"start":{"line":255,"column":8},"end":{"line":257,"column":10}},"125":{"start":{"line":256,"column":12},"end":{"line":256,"column":45}},"126":{"start":{"line":258,"column":8},"end":{"line":272,"column":11}},"127":{"start":{"line":261,"column":16},"end":{"line":261,"column":51}},"128":{"start":{"line":262,"column":16},"end":{"line":263,"column":54}},"129":{"start":{"line":263,"column":20},"end":{"line":263,"column":54}},"130":{"start":{"line":264,"column":16},"end":{"line":264,"column":35}},"131":{"start":{"line":265,"column":16},"end":{"line":265,"column":49}},"132":{"start":{"line":266,"column":16},"end":{"line":266,"column":35}},"133":{"start":{"line":267,"column":16},"end":{"line":267,"column":55}},"134":{"start":{"line":268,"column":16},"end":{"line":268,"column":25}},"135":{"start":{"line":273,"column":8},"end":{"line":282,"column":11}},"136":{"start":{"line":276,"column":16},"end":{"line":276,"column":34}},"137":{"start":{"line":277,"column":16},"end":{"line":277,"column":40}},"138":{"start":{"line":278,"column":16},"end":{"line":278,"column":25}},"139":{"start":{"line":283,"column":8},"end":{"line":288,"column":11}},"140":{"start":{"line":285,"column":31},"end":{"line":285,"column":48}},"141":{"start":{"line":289,"column":8},"end":{"line":293,"column":11}},"142":{"start":{"line":290,"column":31},"end":{"line":290,"column":49}},"143":{"start":{"line":294,"column":8},"end":{"line":298,"column":11}},"144":{"start":{"line":295,"column":31},"end":{"line":295,"column":49}},"145":{"start":{"line":299,"column":8},"end":{"line":303,"column":11}},"146":{"start":{"line":300,"column":31},"end":{"line":300,"column":48}},"147":{"start":{"line":304,"column":8},"end":{"line":308,"column":11}},"148":{"start":{"line":305,"column":31},"end":{"line":305,"column":62}},"149":{"start":{"line":309,"column":8},"end":{"line":313,"column":11}},"150":{"start":{"line":310,"column":31},"end":{"line":310,"column":57}},"151":{"start":{"line":314,"column":8},"end":{"line":318,"column":11}},"152":{"start":{"line":315,"column":31},"end":{"line":315,"column":58}},"153":{"start":{"line":319,"column":8},"end":{"line":323,"column":11}},"154":{"start":{"line":320,"column":31},"end":{"line":320,"column":58}},"155":{"start":{"line":324,"column":8},"end":{"line":324,"column":68}},"156":{"start":{"line":324,"column":45},"end":{"line":324,"column":65}},"157":{"start":{"line":325,"column":8},"end":{"line":325,"column":74}},"158":{"start":{"line":325,"column":47},"end":{"line":325,"column":71}},"159":{"start":{"line":326,"column":8},"end":{"line":326,"column":76}},"160":{"start":{"line":326,"column":48},"end":{"line":326,"column":73}},"161":{"start":{"line":327,"column":8},"end":{"line":327,"column":69}},"162":{"start":{"line":327,"column":43},"end":{"line":327,"column":66}},"163":{"start":{"line":328,"column":8},"end":{"line":328,"column":80}},"164":{"start":{"line":328,"column":46},"end":{"line":328,"column":77}},"165":{"start":{"line":329,"column":8},"end":{"line":329,"column":85}},"166":{"start":{"line":329,"column":50},"end":{"line":329,"column":82}},"167":{"start":{"line":330,"column":8},"end":{"line":330,"column":81}},"168":{"start":{"line":330,"column":51},"end":{"line":330,"column":78}},"169":{"start":{"line":331,"column":8},"end":{"line":331,"column":89}},"170":{"start":{"line":331,"column":55},"end":{"line":331,"column":86}},"171":{"start":{"line":332,"column":8},"end":{"line":332,"column":95}},"172":{"start":{"line":332,"column":58},"end":{"line":332,"column":92}},"173":{"start":{"line":333,"column":8},"end":{"line":333,"column":20}},"174":{"start":{"line":335,"column":4},"end":{"line":335,"column":21}},"175":{"start":{"line":343,"column":4},"end":{"line":365,"column":13}},"176":{"start":{"line":344,"column":8},"end":{"line":344,"column":36}},"177":{"start":{"line":345,"column":8},"end":{"line":348,"column":9}},"178":{"start":{"line":346,"column":12},"end":{"line":346,"column":37}},"179":{"start":{"line":347,"column":12},"end":{"line":347,"column":35}},"180":{"start":{"line":349,"column":8},"end":{"line":357,"column":10}},"181":{"start":{"line":350,"column":12},"end":{"line":355,"column":13}},"182":{"start":{"line":351,"column":16},"end":{"line":351,"column":31}},"183":{"start":{"line":352,"column":16},"end":{"line":352,"column":39}},"184":{"start":{"line":353,"column":16},"end":{"line":354,"column":33}},"185":{"start":{"line":354,"column":20},"end":{"line":354,"column":33}},"186":{"start":{"line":356,"column":12},"end":{"line":356,"column":25}},"187":{"start":{"line":358,"column":8},"end":{"line":362,"column":11}},"188":{"start":{"line":359,"column":31},"end":{"line":359,"column":120}},"189":{"start":{"line":359,"column":74},"end":{"line":359,"column":100}},"190":{"start":{"line":363,"column":8},"end":{"line":363,"column":98}},"191":{"start":{"line":363,"column":63},"end":{"line":363,"column":95}},"192":{"start":{"line":364,"column":8},"end":{"line":364,"column":24}},"193":{"start":{"line":366,"column":4},"end":{"line":366,"column":29}},"194":{"start":{"line":368,"column":4},"end":{"line":399,"column":13}},"195":{"start":{"line":369,"column":8},"end":{"line":369,"column":34}},"196":{"start":{"line":370,"column":8},"end":{"line":373,"column":9}},"197":{"start":{"line":371,"column":12},"end":{"line":371,"column":37}},"198":{"start":{"line":372,"column":12},"end":{"line":372,"column":33}},"199":{"start":{"line":374,"column":8},"end":{"line":383,"column":10}},"200":{"start":{"line":375,"column":12},"end":{"line":381,"column":13}},"201":{"start":{"line":376,"column":16},"end":{"line":376,"column":31}},"202":{"start":{"line":377,"column":16},"end":{"line":377,"column":44}},"203":{"start":{"line":378,"column":16},"end":{"line":379,"column":29}},"204":{"start":{"line":379,"column":20},"end":{"line":379,"column":29}},"205":{"start":{"line":380,"column":16},"end":{"line":380,"column":30}},"206":{"start":{"line":382,"column":12},"end":{"line":382,"column":26}},"207":{"start":{"line":384,"column":8},"end":{"line":391,"column":10}},"208":{"start":{"line":385,"column":12},"end":{"line":389,"column":13}},"209":{"start":{"line":386,"column":16},"end":{"line":386,"column":31}},"210":{"start":{"line":387,"column":16},"end":{"line":388,"column":32}},"211":{"start":{"line":388,"column":20},"end":{"line":388,"column":32}},"212":{"start":{"line":390,"column":12},"end":{"line":390,"column":25}},"213":{"start":{"line":392,"column":8},"end":{"line":396,"column":11}},"214":{"start":{"line":393,"column":31},"end":{"line":393,"column":122}},"215":{"start":{"line":393,"column":74},"end":{"line":393,"column":100}},"216":{"start":{"line":397,"column":8},"end":{"line":397,"column":94}},"217":{"start":{"line":397,"column":61},"end":{"line":397,"column":91}},"218":{"start":{"line":398,"column":8},"end":{"line":398,"column":22}},"219":{"start":{"line":400,"column":4},"end":{"line":400,"column":25}},"220":{"start":{"line":403,"column":4},"end":{"line":443,"column":13}},"221":{"start":{"line":404,"column":8},"end":{"line":404,"column":39}},"222":{"start":{"line":405,"column":8},"end":{"line":412,"column":9}},"223":{"start":{"line":406,"column":12},"end":{"line":406,"column":44}},"224":{"start":{"line":406,"column":34},"end":{"line":406,"column":42}},"225":{"start":{"line":407,"column":12},"end":{"line":407,"column":45}},"226":{"start":{"line":407,"column":34},"end":{"line":407,"column":43}},"227":{"start":{"line":408,"column":12},"end":{"line":408,"column":38}},"228":{"start":{"line":409,"column":12},"end":{"line":409,"column":27}},"229":{"start":{"line":410,"column":12},"end":{"line":410,"column":27}},"230":{"start":{"line":411,"column":12},"end":{"line":411,"column":34}},"231":{"start":{"line":413,"column":8},"end":{"line":432,"column":10}},"232":{"start":{"line":414,"column":12},"end":{"line":414,"column":31}},"233":{"start":{"line":416,"column":12},"end":{"line":430,"column":13}},"234":{"start":{"line":417,"column":16},"end":{"line":417,"column":56}},"235":{"start":{"line":420,"column":16},"end":{"line":421,"column":61}},"236":{"start":{"line":421,"column":20},"end":{"line":421,"column":61}},"237":{"start":{"line":423,"column":16},"end":{"line":425,"column":57}},"238":{"start":{"line":424,"column":20},"end":{"line":425,"column":57}},"239":{"start":{"line":425,"column":24},"end":{"line":425,"column":57}},"240":{"start":{"line":427,"column":16},"end":{"line":428,"column":34}},"241":{"start":{"line":428,"column":20},"end":{"line":428,"column":34}},"242":{"start":{"line":429,"column":16},"end":{"line":429,"column":29}},"243":{"start":{"line":431,"column":12},"end":{"line":431,"column":26}},"244":{"start":{"line":433,"column":8},"end":{"line":440,"column":11}},"245":{"start":{"line":435,"column":16},"end":{"line":436,"column":76}},"246":{"start":{"line":441,"column":8},"end":{"line":441,"column":129}},"247":{"start":{"line":441,"column":66},"end":{"line":441,"column":126}},"248":{"start":{"line":442,"column":8},"end":{"line":442,"column":27}},"249":{"start":{"line":444,"column":4},"end":{"line":444,"column":35}},"250":{"start":{"line":446,"column":4},"end":{"line":460,"column":13}},"251":{"start":{"line":447,"column":8},"end":{"line":447,"column":35}},"252":{"start":{"line":448,"column":8},"end":{"line":451,"column":9}},"253":{"start":{"line":449,"column":12},"end":{"line":449,"column":34}},"254":{"start":{"line":450,"column":12},"end":{"line":450,"column":34}},"255":{"start":{"line":452,"column":8},"end":{"line":452,"column":120}},"256":{"start":{"line":452,"column":67},"end":{"line":452,"column":117}},"257":{"start":{"line":453,"column":8},"end":{"line":457,"column":11}},"258":{"start":{"line":454,"column":31},"end":{"line":454,"column":42}},"259":{"start":{"line":458,"column":8},"end":{"line":458,"column":86}},"260":{"start":{"line":458,"column":62},"end":{"line":458,"column":83}},"261":{"start":{"line":459,"column":8},"end":{"line":459,"column":23}},"262":{"start":{"line":461,"column":4},"end":{"line":461,"column":27}},"263":{"start":{"line":463,"column":4},"end":{"line":487,"column":13}},"264":{"start":{"line":464,"column":8},"end":{"line":464,"column":34}},"265":{"start":{"line":465,"column":8},"end":{"line":470,"column":9}},"266":{"start":{"line":466,"column":12},"end":{"line":466,"column":34}},"267":{"start":{"line":467,"column":12},"end":{"line":467,"column":33}},"268":{"start":{"line":468,"column":12},"end":{"line":468,"column":39}},"269":{"start":{"line":469,"column":12},"end":{"line":469,"column":33}},"270":{"start":{"line":471,"column":8},"end":{"line":479,"column":10}},"271":{"start":{"line":472,"column":12},"end":{"line":473,"column":30}},"272":{"start":{"line":473,"column":16},"end":{"line":473,"column":30}},"273":{"start":{"line":474,"column":12},"end":{"line":474,"column":36}},"274":{"start":{"line":475,"column":12},"end":{"line":475,"column":37}},"275":{"start":{"line":476,"column":12},"end":{"line":477,"column":38}},"276":{"start":{"line":477,"column":16},"end":{"line":477,"column":38}},"277":{"start":{"line":478,"column":12},"end":{"line":478,"column":47}},"278":{"start":{"line":480,"column":8},"end":{"line":484,"column":11}},"279":{"start":{"line":481,"column":31},"end":{"line":481,"column":50}},"280":{"start":{"line":485,"column":8},"end":{"line":485,"column":111}},"281":{"start":{"line":485,"column":61},"end":{"line":485,"column":108}},"282":{"start":{"line":486,"column":8},"end":{"line":486,"column":22}},"283":{"start":{"line":488,"column":4},"end":{"line":488,"column":25}},"284":{"start":{"line":490,"column":4},"end":{"line":512,"column":13}},"285":{"start":{"line":491,"column":8},"end":{"line":491,"column":32}},"286":{"start":{"line":492,"column":8},"end":{"line":496,"column":9}},"287":{"start":{"line":493,"column":12},"end":{"line":493,"column":34}},"288":{"start":{"line":494,"column":12},"end":{"line":494,"column":29}},"289":{"start":{"line":495,"column":12},"end":{"line":495,"column":31}},"290":{"start":{"line":497,"column":8},"end":{"line":504,"column":10}},"291":{"start":{"line":498,"column":12},"end":{"line":499,"column":30}},"292":{"start":{"line":499,"column":16},"end":{"line":499,"column":30}},"293":{"start":{"line":500,"column":12},"end":{"line":502,"column":34}},"294":{"start":{"line":501,"column":16},"end":{"line":502,"column":34}},"295":{"start":{"line":502,"column":20},"end":{"line":502,"column":34}},"296":{"start":{"line":503,"column":12},"end":{"line":503,"column":44}},"297":{"start":{"line":505,"column":8},"end":{"line":509,"column":11}},"298":{"start":{"line":506,"column":31},"end":{"line":506,"column":60}},"299":{"start":{"line":510,"column":8},"end":{"line":510,"column":89}},"300":{"start":{"line":510,"column":59},"end":{"line":510,"column":86}},"301":{"start":{"line":511,"column":8},"end":{"line":511,"column":20}},"302":{"start":{"line":513,"column":4},"end":{"line":513,"column":21}},"303":{"start":{"line":516,"column":4},"end":{"line":531,"column":13}},"304":{"start":{"line":517,"column":8},"end":{"line":517,"column":33}},"305":{"start":{"line":518,"column":8},"end":{"line":522,"column":9}},"306":{"start":{"line":519,"column":12},"end":{"line":519,"column":34}},"307":{"start":{"line":520,"column":12},"end":{"line":520,"column":25}},"308":{"start":{"line":521,"column":12},"end":{"line":521,"column":32}},"309":{"start":{"line":523,"column":8},"end":{"line":523,"column":98}},"310":{"start":{"line":523,"column":65},"end":{"line":523,"column":95}},"311":{"start":{"line":524,"column":8},"end":{"line":528,"column":11}},"312":{"start":{"line":525,"column":31},"end":{"line":525,"column":59}},"313":{"start":{"line":529,"column":8},"end":{"line":529,"column":89}},"314":{"start":{"line":529,"column":60},"end":{"line":529,"column":86}},"315":{"start":{"line":530,"column":8},"end":{"line":530,"column":21}},"316":{"start":{"line":532,"column":4},"end":{"line":532,"column":23}},"317":{"start":{"line":536,"column":4},"end":{"line":549,"column":13}},"318":{"start":{"line":537,"column":8},"end":{"line":537,"column":41}},"319":{"start":{"line":538,"column":8},"end":{"line":540,"column":9}},"320":{"start":{"line":539,"column":12},"end":{"line":539,"column":42}},"321":{"start":{"line":543,"column":8},"end":{"line":547,"column":10}},"322":{"start":{"line":544,"column":12},"end":{"line":545,"column":30}},"323":{"start":{"line":545,"column":16},"end":{"line":545,"column":30}},"324":{"start":{"line":546,"column":12},"end":{"line":546,"column":25}},"325":{"start":{"line":548,"column":8},"end":{"line":548,"column":29}},"326":{"start":{"line":550,"column":4},"end":{"line":550,"column":39}},"327":{"start":{"line":552,"column":4},"end":{"line":566,"column":22}},"328":{"start":{"line":553,"column":8},"end":{"line":553,"column":31}},"329":{"start":{"line":554,"column":8},"end":{"line":557,"column":9}},"330":{"start":{"line":555,"column":12},"end":{"line":555,"column":38}},"331":{"start":{"line":556,"column":12},"end":{"line":556,"column":30}},"332":{"start":{"line":558,"column":8},"end":{"line":558,"column":89}},"333":{"start":{"line":558,"column":49},"end":{"line":558,"column":86}},"334":{"start":{"line":559,"column":8},"end":{"line":563,"column":11}},"335":{"start":{"line":560,"column":31},"end":{"line":560,"column":77}},"336":{"start":{"line":564,"column":8},"end":{"line":564,"column":93}},"337":{"start":{"line":564,"column":58},"end":{"line":564,"column":90}},"338":{"start":{"line":565,"column":8},"end":{"line":565,"column":19}},"339":{"start":{"line":567,"column":4},"end":{"line":567,"column":19}},"340":{"start":{"line":569,"column":4},"end":{"line":583,"column":22}},"341":{"start":{"line":570,"column":8},"end":{"line":570,"column":30}},"342":{"start":{"line":571,"column":8},"end":{"line":574,"column":9}},"343":{"start":{"line":572,"column":12},"end":{"line":572,"column":38}},"344":{"start":{"line":573,"column":12},"end":{"line":573,"column":29}},"345":{"start":{"line":575,"column":8},"end":{"line":575,"column":87}},"346":{"start":{"line":575,"column":48},"end":{"line":575,"column":84}},"347":{"start":{"line":576,"column":8},"end":{"line":580,"column":11}},"348":{"start":{"line":577,"column":31},"end":{"line":577,"column":77}},"349":{"start":{"line":581,"column":8},"end":{"line":581,"column":91}},"350":{"start":{"line":581,"column":57},"end":{"line":581,"column":88}},"351":{"start":{"line":582,"column":8},"end":{"line":582,"column":18}},"352":{"start":{"line":584,"column":4},"end":{"line":584,"column":17}},"353":{"start":{"line":586,"column":4},"end":{"line":596,"column":22}},"354":{"start":{"line":587,"column":8},"end":{"line":587,"column":37}},"355":{"start":{"line":588,"column":8},"end":{"line":592,"column":9}},"356":{"start":{"line":589,"column":12},"end":{"line":589,"column":34}},"357":{"start":{"line":590,"column":12},"end":{"line":590,"column":25}},"358":{"start":{"line":591,"column":12},"end":{"line":591,"column":36}},"359":{"start":{"line":593,"column":8},"end":{"line":593,"column":80}},"360":{"start":{"line":593,"column":55},"end":{"line":593,"column":77}},"361":{"start":{"line":594,"column":8},"end":{"line":594,"column":97}},"362":{"start":{"line":594,"column":64},"end":{"line":594,"column":94}},"363":{"start":{"line":595,"column":8},"end":{"line":595,"column":25}},"364":{"start":{"line":597,"column":4},"end":{"line":597,"column":31}},"365":{"start":{"line":601,"column":4},"end":{"line":603,"column":5}},"366":{"start":{"line":602,"column":8},"end":{"line":602,"column":30}},"367":{"start":{"line":604,"column":4},"end":{"line":604,"column":21}},"368":{"start":{"line":606,"column":4},"end":{"line":612,"column":5}},"369":{"start":{"line":607,"column":8},"end":{"line":607,"column":23}},"370":{"start":{"line":608,"column":8},"end":{"line":610,"column":9}},"371":{"start":{"line":609,"column":12},"end":{"line":609,"column":42}},"372":{"start":{"line":611,"column":8},"end":{"line":611,"column":55}},"373":{"start":{"line":613,"column":4},"end":{"line":613,"column":19}},"374":{"start":{"line":615,"column":4},"end":{"line":621,"column":5}},"375":{"start":{"line":616,"column":8},"end":{"line":616,"column":23}},"376":{"start":{"line":617,"column":8},"end":{"line":619,"column":9}},"377":{"start":{"line":618,"column":12},"end":{"line":618,"column":42}},"378":{"start":{"line":620,"column":8},"end":{"line":620,"column":53}},"379":{"start":{"line":622,"column":4},"end":{"line":622,"column":25}},"380":{"start":{"line":625,"column":4},"end":{"line":625,"column":92}},"381":{"start":{"line":625,"column":26},"end":{"line":625,"column":90}},"382":{"start":{"line":625,"column":57},"end":{"line":625,"column":86}},"383":{"start":{"line":626,"column":4},"end":{"line":626,"column":23}},"384":{"start":{"line":628,"column":4},"end":{"line":630,"column":5}},"385":{"start":{"line":629,"column":8},"end":{"line":629,"column":45}},"386":{"start":{"line":631,"column":4},"end":{"line":631,"column":19}},"387":{"start":{"line":635,"column":4},"end":{"line":639,"column":5}},"388":{"start":{"line":636,"column":8},"end":{"line":636,"column":40}},"389":{"start":{"line":636,"column":30},"end":{"line":636,"column":38}},"390":{"start":{"line":637,"column":8},"end":{"line":637,"column":41}},"391":{"start":{"line":637,"column":30},"end":{"line":637,"column":39}},"392":{"start":{"line":638,"column":8},"end":{"line":638,"column":63}},"393":{"start":{"line":640,"column":4},"end":{"line":640,"column":27}},"394":{"start":{"line":643,"column":4},"end":{"line":645,"column":5}},"395":{"start":{"line":644,"column":8},"end":{"line":644,"column":45}},"396":{"start":{"line":646,"column":4},"end":{"line":646,"column":21}},"397":{"start":{"line":649,"column":4},"end":{"line":651,"column":5}},"398":{"start":{"line":650,"column":8},"end":{"line":650,"column":48}},"399":{"start":{"line":652,"column":4},"end":{"line":652,"column":21}},"400":{"start":{"line":654,"column":4},"end":{"line":656,"column":5}},"401":{"start":{"line":655,"column":8},"end":{"line":655,"column":50}},"402":{"start":{"line":657,"column":4},"end":{"line":657,"column":19}},"403":{"start":{"line":660,"column":4},"end":{"line":662,"column":5}},"404":{"start":{"line":661,"column":8},"end":{"line":661,"column":61}},"405":{"start":{"line":663,"column":4},"end":{"line":663,"column":25}},"406":{"start":{"line":665,"column":4},"end":{"line":667,"column":5}},"407":{"start":{"line":666,"column":8},"end":{"line":666,"column":44}},"408":{"start":{"line":668,"column":4},"end":{"line":668,"column":17}},"409":{"start":{"line":671,"column":4},"end":{"line":682,"column":5}},"410":{"start":{"line":672,"column":8},"end":{"line":672,"column":56}},"411":{"start":{"line":672,"column":36},"end":{"line":672,"column":54}},"412":{"start":{"line":673,"column":8},"end":{"line":673,"column":19}},"413":{"start":{"line":674,"column":8},"end":{"line":674,"column":37}},"414":{"start":{"line":675,"column":8},"end":{"line":680,"column":9}},"415":{"start":{"line":676,"column":12},"end":{"line":676,"column":33}},"416":{"start":{"line":677,"column":12},"end":{"line":678,"column":60}},"417":{"start":{"line":678,"column":16},"end":{"line":678,"column":60}},"418":{"start":{"line":679,"column":12},"end":{"line":679,"column":21}},"419":{"start":{"line":681,"column":8},"end":{"line":681,"column":56}},"420":{"start":{"line":683,"column":4},"end":{"line":683,"column":25}},"421":{"start":{"line":686,"column":4},"end":{"line":686,"column":82}},"422":{"start":{"line":686,"column":29},"end":{"line":686,"column":80}},"423":{"start":{"line":687,"column":4},"end":{"line":687,"column":25}},"424":{"start":{"line":689,"column":4},"end":{"line":689,"column":106}},"425":{"start":{"line":689,"column":32},"end":{"line":689,"column":104}},"426":{"start":{"line":690,"column":4},"end":{"line":690,"column":31}},"427":{"start":{"line":692,"column":4},"end":{"line":692,"column":74}},"428":{"start":{"line":692,"column":27},"end":{"line":692,"column":72}},"429":{"start":{"line":693,"column":4},"end":{"line":693,"column":21}},"430":{"start":{"line":695,"column":4},"end":{"line":695,"column":101}},"431":{"start":{"line":695,"column":33},"end":{"line":695,"column":99}},"432":{"start":{"line":696,"column":4},"end":{"line":696,"column":33}},"433":{"start":{"line":698,"column":4},"end":{"line":708,"column":5}},"434":{"start":{"line":699,"column":8},"end":{"line":699,"column":56}},"435":{"start":{"line":699,"column":36},"end":{"line":699,"column":54}},"436":{"start":{"line":700,"column":8},"end":{"line":701,"column":48}},"437":{"start":{"line":701,"column":12},"end":{"line":701,"column":48}},"438":{"start":{"line":702,"column":8},"end":{"line":702,"column":40}},"439":{"start":{"line":703,"column":8},"end":{"line":703,"column":40}},"440":{"start":{"line":704,"column":8},"end":{"line":704,"column":24}},"441":{"start":{"line":705,"column":8},"end":{"line":706,"column":48}},"442":{"start":{"line":706,"column":12},"end":{"line":706,"column":48}},"443":{"start":{"line":707,"column":8},"end":{"line":707,"column":47}},"444":{"start":{"line":709,"column":4},"end":{"line":709,"column":27}},"445":{"start":{"line":710,"column":4},"end":{"line":710,"column":72}},"446":{"start":{"line":710,"column":31},"end":{"line":710,"column":70}},"447":{"start":{"line":711,"column":4},"end":{"line":711,"column":23}},"448":{"start":{"line":712,"column":4},"end":{"line":712,"column":99}},"449":{"start":{"line":712,"column":37},"end":{"line":712,"column":97}},"450":{"start":{"line":713,"column":4},"end":{"line":713,"column":35}},"451":{"start":{"line":716,"column":4},"end":{"line":716,"column":119}},"452":{"start":{"line":716,"column":42},"end":{"line":716,"column":117}},"453":{"start":{"line":717,"column":4},"end":{"line":717,"column":31}},"454":{"start":{"line":718,"column":4},"end":{"line":718,"column":92}},"455":{"start":{"line":718,"column":39},"end":{"line":718,"column":90}},"456":{"start":{"line":719,"column":4},"end":{"line":719,"column":25}},"457":{"start":{"line":720,"column":4},"end":{"line":720,"column":106}},"458":{"start":{"line":720,"column":47},"end":{"line":720,"column":104}},"459":{"start":{"line":721,"column":4},"end":{"line":721,"column":41}},"460":{"start":{"line":722,"column":4},"end":{"line":722,"column":132}},"461":{"start":{"line":722,"column":48},"end":{"line":722,"column":130}},"462":{"start":{"line":723,"column":4},"end":{"line":723,"column":43}},"463":{"start":{"line":724,"column":4},"end":{"line":724,"column":96}},"464":{"start":{"line":724,"column":37},"end":{"line":724,"column":94}},"465":{"start":{"line":725,"column":4},"end":{"line":725,"column":43}},"466":{"start":{"line":726,"column":4},"end":{"line":726,"column":108}},"467":{"start":{"line":726,"column":38},"end":{"line":726,"column":106}},"468":{"start":{"line":727,"column":4},"end":{"line":727,"column":45}},"469":{"start":{"line":730,"column":4},"end":{"line":730,"column":56}},"470":{"start":{"line":730,"column":29},"end":{"line":730,"column":54}},"471":{"start":{"line":731,"column":4},"end":{"line":731,"column":31}},"472":{"start":{"line":732,"column":4},"end":{"line":732,"column":109}},"473":{"start":{"line":732,"column":26},"end":{"line":732,"column":107}},"474":{"start":{"line":732,"column":62},"end":{"line":732,"column":72}},"475":{"start":{"line":732,"column":73},"end":{"line":732,"column":85}},"476":{"start":{"line":733,"column":4},"end":{"line":733,"column":25}},"477":{"start":{"line":734,"column":4},"end":{"line":734,"column":101}},"478":{"start":{"line":734,"column":23},"end":{"line":734,"column":99}},"479":{"start":{"line":734,"column":52},"end":{"line":734,"column":68}},"480":{"start":{"line":734,"column":69},"end":{"line":734,"column":80}},"481":{"start":{"line":735,"column":4},"end":{"line":735,"column":19}},"482":{"start":{"line":736,"column":4},"end":{"line":739,"column":5}},"483":{"start":{"line":737,"column":8},"end":{"line":737,"column":41}},"484":{"start":{"line":737,"column":30},"end":{"line":737,"column":39}},"485":{"start":{"line":738,"column":8},"end":{"line":738,"column":73}},"486":{"start":{"line":738,"column":37},"end":{"line":738,"column":54}},"487":{"start":{"line":740,"column":4},"end":{"line":740,"column":19}},"488":{"start":{"line":741,"column":4},"end":{"line":741,"column":105}},"489":{"start":{"line":741,"column":28},"end":{"line":741,"column":103}},"490":{"start":{"line":742,"column":4},"end":{"line":742,"column":25}},"491":{"start":{"line":748,"column":4},"end":{"line":754,"column":5}},"492":{"start":{"line":749,"column":8},"end":{"line":749,"column":23}},"493":{"start":{"line":750,"column":8},"end":{"line":752,"column":9}},"494":{"start":{"line":751,"column":12},"end":{"line":751,"column":42}},"495":{"start":{"line":753,"column":8},"end":{"line":753,"column":118}},"496":{"start":{"line":753,"column":73},"end":{"line":753,"column":90}},"497":{"start":{"line":755,"column":4},"end":{"line":755,"column":33}},"498":{"start":{"line":757,"column":4},"end":{"line":757,"column":96}},"499":{"start":{"line":757,"column":34},"end":{"line":757,"column":94}},"500":{"start":{"line":758,"column":4},"end":{"line":758,"column":37}},"501":{"start":{"line":759,"column":4},"end":{"line":759,"column":94}},"502":{"start":{"line":759,"column":34},"end":{"line":759,"column":92}},"503":{"start":{"line":760,"column":4},"end":{"line":760,"column":37}},"504":{"start":{"line":762,"column":4},"end":{"line":774,"column":5}},"505":{"start":{"line":763,"column":8},"end":{"line":763,"column":20}},"506":{"start":{"line":764,"column":8},"end":{"line":766,"column":9}},"507":{"start":{"line":765,"column":12},"end":{"line":765,"column":39}},"508":{"start":{"line":767,"column":8},"end":{"line":767,"column":19}},"509":{"start":{"line":768,"column":8},"end":{"line":772,"column":9}},"510":{"start":{"line":769,"column":12},"end":{"line":770,"column":28}},"511":{"start":{"line":770,"column":16},"end":{"line":770,"column":28}},"512":{"start":{"line":771,"column":12},"end":{"line":771,"column":26}},"513":{"start":{"line":773,"column":8},"end":{"line":773,"column":17}},"514":{"start":{"line":775,"column":4},"end":{"line":775,"column":21}},"515":{"start":{"line":777,"column":4},"end":{"line":783,"column":5}},"516":{"start":{"line":778,"column":8},"end":{"line":778,"column":23}},"517":{"start":{"line":779,"column":8},"end":{"line":781,"column":9}},"518":{"start":{"line":780,"column":12},"end":{"line":780,"column":42}},"519":{"start":{"line":782,"column":8},"end":{"line":782,"column":89}},"520":{"start":{"line":782,"column":40},"end":{"line":782,"column":85}},"521":{"start":{"line":784,"column":4},"end":{"line":784,"column":33}},"522":{"start":{"line":786,"column":4},"end":{"line":792,"column":5}},"523":{"start":{"line":787,"column":8},"end":{"line":787,"column":23}},"524":{"start":{"line":788,"column":8},"end":{"line":790,"column":9}},"525":{"start":{"line":789,"column":12},"end":{"line":789,"column":42}},"526":{"start":{"line":791,"column":8},"end":{"line":791,"column":78}},"527":{"start":{"line":793,"column":4},"end":{"line":793,"column":23}},"528":{"start":{"line":795,"column":4},"end":{"line":795,"column":114}},"529":{"start":{"line":795,"column":35},"end":{"line":795,"column":112}},"530":{"start":{"line":796,"column":4},"end":{"line":796,"column":39}},"531":{"start":{"line":797,"column":4},"end":{"line":797,"column":100}},"532":{"start":{"line":797,"column":28},"end":{"line":797,"column":98}},"533":{"start":{"line":798,"column":4},"end":{"line":798,"column":25}},"534":{"start":{"line":799,"column":4},"end":{"line":799,"column":106}},"535":{"start":{"line":799,"column":31},"end":{"line":799,"column":104}},"536":{"start":{"line":800,"column":4},"end":{"line":800,"column":31}},"537":{"start":{"line":801,"column":4},"end":{"line":801,"column":100}},"538":{"start":{"line":801,"column":28},"end":{"line":801,"column":98}},"539":{"start":{"line":802,"column":4},"end":{"line":802,"column":25}},"540":{"start":{"line":804,"column":4},"end":{"line":804,"column":93}},"541":{"start":{"line":804,"column":29},"end":{"line":804,"column":91}},"542":{"start":{"line":805,"column":4},"end":{"line":805,"column":27}},"543":{"start":{"line":806,"column":4},"end":{"line":812,"column":5}},"544":{"start":{"line":807,"column":8},"end":{"line":807,"column":23}},"545":{"start":{"line":808,"column":8},"end":{"line":810,"column":9}},"546":{"start":{"line":809,"column":12},"end":{"line":809,"column":42}},"547":{"start":{"line":811,"column":8},"end":{"line":811,"column":56}},"548":{"start":{"line":813,"column":4},"end":{"line":813,"column":29}},"549":{"start":{"line":816,"column":4},"end":{"line":816,"column":70}},"550":{"start":{"line":816,"column":54},"end":{"line":816,"column":66}},"551":{"start":{"line":817,"column":4},"end":{"line":817,"column":72}},"552":{"start":{"line":817,"column":55},"end":{"line":817,"column":68}},"553":{"start":{"line":818,"column":4},"end":{"line":818,"column":78}},"554":{"start":{"line":818,"column":44},"end":{"line":818,"column":74}},"555":{"start":{"line":819,"column":4},"end":{"line":819,"column":80}},"556":{"start":{"line":819,"column":47},"end":{"line":819,"column":76}},"557":{"start":{"line":820,"column":4},"end":{"line":820,"column":33}},"558":{"start":{"line":821,"column":4},"end":{"line":821,"column":33}},"559":{"start":{"line":822,"column":4},"end":{"line":822,"column":39}},"560":{"start":{"line":823,"column":4},"end":{"line":823,"column":39}},"561":{"start":{"line":824,"column":4},"end":{"line":824,"column":61}},"562":{"start":{"line":825,"column":4},"end":{"line":825,"column":33}},"563":{"start":{"line":826,"column":4},"end":{"line":826,"column":40}},"564":{"start":{"line":827,"column":4},"end":{"line":827,"column":72}},"565":{"start":{"line":828,"column":4},"end":{"line":828,"column":73}},"566":{"start":{"line":829,"column":4},"end":{"line":829,"column":40}},"567":{"start":{"line":830,"column":4},"end":{"line":830,"column":38}},"568":{"start":{"line":831,"column":4},"end":{"line":831,"column":56}},"569":{"start":{"line":832,"column":4},"end":{"line":832,"column":32}},"570":{"start":{"line":833,"column":4},"end":{"line":833,"column":64}},"571":{"start":{"line":834,"column":4},"end":{"line":834,"column":69}},"572":{"start":{"line":835,"column":4},"end":{"line":835,"column":74}},"573":{"start":{"line":836,"column":4},"end":{"line":836,"column":28}},"574":{"start":{"line":837,"column":4},"end":{"line":837,"column":29}},"575":{"start":{"line":838,"column":4},"end":{"line":838,"column":43}},"576":{"start":{"line":839,"column":4},"end":{"line":839,"column":27}},"577":{"start":{"line":840,"column":4},"end":{"line":840,"column":26}},"578":{"start":{"line":841,"column":4},"end":{"line":841,"column":35}},"579":{"start":{"line":847,"column":4},"end":{"line":852,"column":5}},"580":{"start":{"line":848,"column":8},"end":{"line":851,"column":64}},"581":{"start":{"line":850,"column":32},"end":{"line":850,"column":44}},"582":{"start":{"line":851,"column":35},"end":{"line":851,"column":60}},"583":{"start":{"line":853,"column":4},"end":{"line":853,"column":37}},"584":{"start":{"line":855,"column":4},"end":{"line":859,"column":5}},"585":{"start":{"line":856,"column":8},"end":{"line":858,"column":24}},"586":{"start":{"line":857,"column":32},"end":{"line":857,"column":52}},"587":{"start":{"line":860,"column":4},"end":{"line":860,"column":43}},"588":{"start":{"line":865,"column":4},"end":{"line":874,"column":5}},"589":{"start":{"line":866,"column":8},"end":{"line":872,"column":9}},"590":{"start":{"line":867,"column":12},"end":{"line":871,"column":13}},"591":{"start":{"line":868,"column":16},"end":{"line":868,"column":38}},"592":{"start":{"line":869,"column":16},"end":{"line":869,"column":45}},"593":{"start":{"line":870,"column":16},"end":{"line":870,"column":49}},"594":{"start":{"line":873,"column":8},"end":{"line":873,"column":45}},"595":{"start":{"line":875,"column":4},"end":{"line":875,"column":43}},"596":{"start":{"line":880,"column":4},"end":{"line":880,"column":34}},"597":{"start":{"line":882,"column":0},"end":{"line":883,"column":26}},"598":{"start":{"line":883,"column":4},"end":{"line":883,"column":26}}},"branchMap":{"1":{"line":4,"type":"binary-expr","locations":[{"start":{"line":4,"column":17},"end":{"line":4,"column":21}},{"start":{"line":4,"column":25},"end":{"line":4,"column":39}},{"start":{"line":4,"column":44},"end":{"line":8,"column":1}}]},"2":{"line":5,"type":"if","locations":[{"start":{"line":5,"column":21},"end":{"line":5,"column":21}},{"start":{"line":5,"column":21},"end":{"line":5,"column":21}}]},"3":{"line":7,"type":"cond-expr","locations":[{"start":{"line":7,"column":31},"end":{"line":7,"column":47}},{"start":{"line":7,"column":51},"end":{"line":7,"column":87}}]},"4":{"line":42,"type":"if","locations":[{"start":{"line":42,"column":8},"end":{"line":42,"column":8}},{"start":{"line":42,"column":8},"end":{"line":42,"column":8}}]},"5":{"line":67,"type":"binary-expr","locations":[{"start":{"line":67,"column":7},"end":{"line":67,"column":22}},{"start":{"line":67,"column":27},"end":{"line":67,"column":47}}]},"6":{"line":88,"type":"if","locations":[{"start":{"line":88,"column":8},"end":{"line":88,"column":8}},{"start":{"line":88,"column":8},"end":{"line":88,"column":8}}]},"7":{"line":90,"type":"if","locations":[{"start":{"line":90,"column":8},"end":{"line":90,"column":8}},{"start":{"line":90,"column":8},"end":{"line":90,"column":8}}]},"8":{"line":92,"type":"if","locations":[{"start":{"line":92,"column":8},"end":{"line":92,"column":8}},{"start":{"line":92,"column":8},"end":{"line":92,"column":8}}]},"9":{"line":93,"type":"cond-expr","locations":[{"start":{"line":93,"column":26},"end":{"line":93,"column":44}},{"start":{"line":93,"column":47},"end":{"line":93,"column":66}}]},"10":{"line":105,"type":"if","locations":[{"start":{"line":105,"column":12},"end":{"line":105,"column":12}},{"start":{"line":105,"column":12},"end":{"line":105,"column":12}}]},"11":{"line":106,"type":"if","locations":[{"start":{"line":106,"column":12},"end":{"line":106,"column":12}},{"start":{"line":106,"column":12},"end":{"line":106,"column":12}}]},"12":{"line":121,"type":"cond-expr","locations":[{"start":{"line":121,"column":62},"end":{"line":121,"column":66}},{"start":{"line":121,"column":69},"end":{"line":121,"column":145}}]},"13":{"line":127,"type":"cond-expr","locations":[{"start":{"line":127,"column":62},"end":{"line":127,"column":75}},{"start":{"line":127,"column":78},"end":{"line":127,"column":158}}]},"14":{"line":162,"type":"if","locations":[{"start":{"line":162,"column":12},"end":{"line":162,"column":12}},{"start":{"line":162,"column":12},"end":{"line":162,"column":12}}]},"15":{"line":162,"type":"binary-expr","locations":[{"start":{"line":162,"column":16},"end":{"line":162,"column":25}},{"start":{"line":162,"column":29},"end":{"line":162,"column":50}}]},"16":{"line":170,"type":"if","locations":[{"start":{"line":170,"column":12},"end":{"line":170,"column":12}},{"start":{"line":170,"column":12},"end":{"line":170,"column":12}}]},"17":{"line":170,"type":"binary-expr","locations":[{"start":{"line":170,"column":16},"end":{"line":170,"column":25}},{"start":{"line":170,"column":29},"end":{"line":170,"column":50}}]},"18":{"line":173,"type":"if","locations":[{"start":{"line":173,"column":12},"end":{"line":173,"column":12}},{"start":{"line":173,"column":12},"end":{"line":173,"column":12}}]},"19":{"line":186,"type":"if","locations":[{"start":{"line":186,"column":16},"end":{"line":186,"column":16}},{"start":{"line":186,"column":16},"end":{"line":186,"column":16}}]},"20":{"line":189,"type":"if","locations":[{"start":{"line":189,"column":16},"end":{"line":189,"column":16}},{"start":{"line":189,"column":16},"end":{"line":189,"column":16}}]},"21":{"line":195,"type":"if","locations":[{"start":{"line":195,"column":16},"end":{"line":195,"column":16}},{"start":{"line":195,"column":16},"end":{"line":195,"column":16}}]},"22":{"line":198,"type":"if","locations":[{"start":{"line":198,"column":16},"end":{"line":198,"column":16}},{"start":{"line":198,"column":16},"end":{"line":198,"column":16}}]},"23":{"line":237,"type":"cond-expr","locations":[{"start":{"line":237,"column":39},"end":{"line":237,"column":52}},{"start":{"line":237,"column":55},"end":{"line":237,"column":70}}]},"24":{"line":262,"type":"if","locations":[{"start":{"line":262,"column":16},"end":{"line":262,"column":16}},{"start":{"line":262,"column":16},"end":{"line":262,"column":16}}]},"25":{"line":353,"type":"if","locations":[{"start":{"line":353,"column":16},"end":{"line":353,"column":16}},{"start":{"line":353,"column":16},"end":{"line":353,"column":16}}]},"26":{"line":378,"type":"if","locations":[{"start":{"line":378,"column":16},"end":{"line":378,"column":16}},{"start":{"line":378,"column":16},"end":{"line":378,"column":16}}]},"27":{"line":387,"type":"if","locations":[{"start":{"line":387,"column":16},"end":{"line":387,"column":16}},{"start":{"line":387,"column":16},"end":{"line":387,"column":16}}]},"28":{"line":406,"type":"if","locations":[{"start":{"line":406,"column":12},"end":{"line":406,"column":12}},{"start":{"line":406,"column":12},"end":{"line":406,"column":12}}]},"29":{"line":407,"type":"if","locations":[{"start":{"line":407,"column":12},"end":{"line":407,"column":12}},{"start":{"line":407,"column":12},"end":{"line":407,"column":12}}]},"30":{"line":416,"type":"binary-expr","locations":[{"start":{"line":416,"column":28},"end":{"line":416,"column":40}},{"start":{"line":416,"column":44},"end":{"line":416,"column":56}}]},"31":{"line":420,"type":"if","locations":[{"start":{"line":420,"column":16},"end":{"line":420,"column":16}},{"start":{"line":420,"column":16},"end":{"line":420,"column":16}}]},"32":{"line":421,"type":"cond-expr","locations":[{"start":{"line":421,"column":45},"end":{"line":421,"column":51}},{"start":{"line":421,"column":54},"end":{"line":421,"column":60}}]},"33":{"line":423,"type":"if","locations":[{"start":{"line":423,"column":16},"end":{"line":423,"column":16}},{"start":{"line":423,"column":16},"end":{"line":423,"column":16}}]},"34":{"line":424,"type":"if","locations":[{"start":{"line":424,"column":20},"end":{"line":424,"column":20}},{"start":{"line":424,"column":20},"end":{"line":424,"column":20}}]},"35":{"line":427,"type":"if","locations":[{"start":{"line":427,"column":16},"end":{"line":427,"column":16}},{"start":{"line":427,"column":16},"end":{"line":427,"column":16}}]},"36":{"line":436,"type":"cond-expr","locations":[{"start":{"line":436,"column":54},"end":{"line":436,"column":62}},{"start":{"line":436,"column":65},"end":{"line":436,"column":68}}]},"37":{"line":452,"type":"cond-expr","locations":[{"start":{"line":452,"column":98},"end":{"line":452,"column":107}},{"start":{"line":452,"column":110},"end":{"line":452,"column":116}}]},"38":{"line":472,"type":"if","locations":[{"start":{"line":472,"column":12},"end":{"line":472,"column":12}},{"start":{"line":472,"column":12},"end":{"line":472,"column":12}}]},"39":{"line":476,"type":"if","locations":[{"start":{"line":476,"column":12},"end":{"line":476,"column":12}},{"start":{"line":476,"column":12},"end":{"line":476,"column":12}}]},"40":{"line":498,"type":"if","locations":[{"start":{"line":498,"column":12},"end":{"line":498,"column":12}},{"start":{"line":498,"column":12},"end":{"line":498,"column":12}}]},"41":{"line":501,"type":"if","locations":[{"start":{"line":501,"column":16},"end":{"line":501,"column":16}},{"start":{"line":501,"column":16},"end":{"line":501,"column":16}}]},"42":{"line":544,"type":"if","locations":[{"start":{"line":544,"column":12},"end":{"line":544,"column":12}},{"start":{"line":544,"column":12},"end":{"line":544,"column":12}}]},"43":{"line":636,"type":"if","locations":[{"start":{"line":636,"column":8},"end":{"line":636,"column":8}},{"start":{"line":636,"column":8},"end":{"line":636,"column":8}}]},"44":{"line":637,"type":"if","locations":[{"start":{"line":637,"column":8},"end":{"line":637,"column":8}},{"start":{"line":637,"column":8},"end":{"line":637,"column":8}}]},"45":{"line":672,"type":"if","locations":[{"start":{"line":672,"column":8},"end":{"line":672,"column":8}},{"start":{"line":672,"column":8},"end":{"line":672,"column":8}}]},"46":{"line":677,"type":"if","locations":[{"start":{"line":677,"column":12},"end":{"line":677,"column":12}},{"start":{"line":677,"column":12},"end":{"line":677,"column":12}}]},"47":{"line":699,"type":"if","locations":[{"start":{"line":699,"column":8},"end":{"line":699,"column":8}},{"start":{"line":699,"column":8},"end":{"line":699,"column":8}}]},"48":{"line":700,"type":"if","locations":[{"start":{"line":700,"column":8},"end":{"line":700,"column":8}},{"start":{"line":700,"column":8},"end":{"line":700,"column":8}}]},"49":{"line":700,"type":"binary-expr","locations":[{"start":{"line":700,"column":12},"end":{"line":700,"column":27}},{"start":{"line":700,"column":31},"end":{"line":700,"column":46}}]},"50":{"line":737,"type":"if","locations":[{"start":{"line":737,"column":8},"end":{"line":737,"column":8}},{"start":{"line":737,"column":8},"end":{"line":737,"column":8}}]},"51":{"line":769,"type":"if","locations":[{"start":{"line":769,"column":12},"end":{"line":769,"column":12}},{"start":{"line":769,"column":12},"end":{"line":769,"column":12}}]},"52":{"line":782,"type":"cond-expr","locations":[{"start":{"line":782,"column":70},"end":{"line":782,"column":80}},{"start":{"line":782,"column":83},"end":{"line":782,"column":84}}]},"53":{"line":867,"type":"if","locations":[{"start":{"line":867,"column":12},"end":{"line":867,"column":12}},{"start":{"line":867,"column":12},"end":{"line":867,"column":12}}]},"54":{"line":881,"type":"binary-expr","locations":[{"start":{"line":881,"column":3},"end":{"line":881,"column":7}},{"start":{"line":881,"column":12},"end":{"line":881,"column":21}}]},"55":{"line":882,"type":"if","locations":[{"start":{"line":882,"column":0},"end":{"line":882,"column":0}},{"start":{"line":882,"column":0},"end":{"line":882,"column":0}}]},"56":{"line":882,"type":"binary-expr","locations":[{"start":{"line":882,"column":4},"end":{"line":882,"column":30}},{"start":{"line":882,"column":34},"end":{"line":882,"column":48}}]}}},"E:\\Git\\myna-parser\\grammars\\csv.js":{"path":"E:\\Git\\myna-parser\\grammars\\csv.js","s":{"1":1,"2":1,"3":1,"4":1,"5":1,"6":1,"7":1,"8":1,"9":1,"10":1,"11":1,"12":1},"b":{"1":[1,0],"2":[1,0],"3":[1,1]},"f":{"1":1},"fnMap":{"1":{"name":"CsvGrammar","line":7,"loc":{"start":{"line":7,"column":0},"end":{"line":8,"column":0}}}},"statementMap":{"1":{"start":{"line":7,"column":0},"end":{"line":23,"column":1}},"2":{"start":{"line":9,"column":4},"end":{"line":10,"column":24}},"3":{"start":{"line":10,"column":8},"end":{"line":10,"column":24}},"4":{"start":{"line":13,"column":4},"end":{"line":13,"column":17}},"5":{"start":{"line":15,"column":4},"end":{"line":15,"column":56}},"6":{"start":{"line":16,"column":4},"end":{"line":16,"column":70}},"7":{"start":{"line":17,"column":4},"end":{"line":17,"column":61}},"8":{"start":{"line":18,"column":4},"end":{"line":18,"column":58}},"9":{"start":{"line":19,"column":4},"end":{"line":19,"column":55}},"10":{"start":{"line":22,"column":4},"end":{"line":22,"column":35}},"11":{"start":{"line":26,"column":0},"end":{"line":27,"column":32}},"12":{"start":{"line":27,"column":4},"end":{"line":27,"column":32}}},"branchMap":{"1":{"line":9,"type":"if","locations":[{"start":{"line":9,"column":4},"end":{"line":9,"column":4}},{"start":{"line":9,"column":4},"end":{"line":9,"column":4}}]},"2":{"line":26,"type":"if","locations":[{"start":{"line":26,"column":0},"end":{"line":26,"column":0}},{"start":{"line":26,"column":0},"end":{"line":26,"column":0}}]},"3":{"line":26,"type":"binary-expr","locations":[{"start":{"line":26,"column":4},"end":{"line":26,"column":30}},{"start":{"line":26,"column":34},"end":{"line":26,"column":48}}]}}},"E:\\Git\\myna-parser\\grammars\\json.js":{"path":"E:\\Git\\myna-parser\\grammars\\json.js","s":{"1":1,"2":1,"3":1,"4":1,"5":1,"6":1,"7":1,"8":1,"9":1,"10":1,"11":1,"12":63,"13":1,"14":1,"15":1,"16":1,"17":1,"18":1,"19":1,"20":1,"21":1,"22":1},"b":{"1":[1,0],"2":[1,1]},"f":{"1":1,"2":63},"fnMap":{"1":{"name":"JsonGrammar","line":5,"loc":{"start":{"line":5,"column":0},"end":{"line":6,"column":0}}},"2":{"name":"(anonymous_2)","line":23,"loc":{"start":{"line":23,"column":25},"end":{"line":23,"column":36}}}},"statementMap":{"1":{"start":{"line":5,"column":0},"end":{"line":37,"column":1}},"2":{"start":{"line":8,"column":4},"end":{"line":8,"column":17}},"3":{"start":{"line":11,"column":4},"end":{"line":11,"column":59}},"4":{"start":{"line":12,"column":4},"end":{"line":12,"column":61}},"5":{"start":{"line":13,"column":4},"end":{"line":13,"column":93}},"6":{"start":{"line":14,"column":4},"end":{"line":14,"column":51}},"7":{"start":{"line":15,"column":4},"end":{"line":15,"column":39}},"8":{"start":{"line":16,"column":4},"end":{"line":16,"column":82}},"9":{"start":{"line":17,"column":4},"end":{"line":17,"column":41}},"10":{"start":{"line":22,"column":4},"end":{"line":22,"column":21}},"11":{"start":{"line":23,"column":4},"end":{"line":25,"column":11}},"12":{"start":{"line":24,"column":8},"end":{"line":24,"column":103}},"13":{"start":{"line":27,"column":4},"end":{"line":27,"column":66}},"14":{"start":{"line":28,"column":4},"end":{"line":28,"column":48}},"15":{"start":{"line":29,"column":4},"end":{"line":29,"column":58}},"16":{"start":{"line":30,"column":4},"end":{"line":30,"column":107}},"17":{"start":{"line":31,"column":4},"end":{"line":31,"column":82}},"18":{"start":{"line":32,"column":4},"end":{"line":32,"column":81}},"19":{"start":{"line":33,"column":4},"end":{"line":33,"column":78}},"20":{"start":{"line":36,"column":4},"end":{"line":36,"column":36}},"21":{"start":{"line":40,"column":0},"end":{"line":41,"column":33}},"22":{"start":{"line":41,"column":4},"end":{"line":41,"column":33}}},"branchMap":{"1":{"line":40,"type":"if","locations":[{"start":{"line":40,"column":0},"end":{"line":40,"column":0}},{"start":{"line":40,"column":0},"end":{"line":40,"column":0}}]},"2":{"line":40,"type":"binary-expr","locations":[{"start":{"line":40,"column":4},"end":{"line":40,"column":30}},{"start":{"line":40,"column":34},"end":{"line":40,"column":48}}]}}},"E:\\Git\\myna-parser\\grammars\\arithmetic.js":{"path":"E:\\Git\\myna-parser\\grammars\\arithmetic.js","s":{"1":1,"2":1,"3":1,"4":1,"5":1,"6":1,"7":1,"8":1,"9":58,"10":1,"11":1,"12":1,"13":1,"14":1,"15":1,"16":1,"17":1,"18":1,"19":1,"20":1,"21":1,"22":1,"23":1,"24":1},"b":{"1":[1,0],"2":[1,1]},"f":{"1":1,"2":58},"fnMap":{"1":{"name":"ArithmeticGrammar","line":4,"loc":{"start":{"line":4,"column":0},"end":{"line":5,"column":0}}},"2":{"name":"(anonymous_2)","line":17,"loc":{"start":{"line":17,"column":24},"end":{"line":17,"column":35}}}},"statementMap":{"1":{"start":{"line":4,"column":0},"end":{"line":35,"column":1}},"2":{"start":{"line":7,"column":4},"end":{"line":7,"column":17}},"3":{"start":{"line":10,"column":4},"end":{"line":10,"column":51}},"4":{"start":{"line":11,"column":4},"end":{"line":11,"column":39}},"5":{"start":{"line":12,"column":4},"end":{"line":12,"column":82}},"6":{"start":{"line":13,"column":4},"end":{"line":13,"column":41}},"7":{"start":{"line":16,"column":4},"end":{"line":16,"column":21}},"8":{"start":{"line":17,"column":4},"end":{"line":17,"column":58}},"9":{"start":{"line":17,"column":37},"end":{"line":17,"column":54}},"10":{"start":{"line":20,"column":4},"end":{"line":20,"column":81}},"11":{"start":{"line":21,"column":4},"end":{"line":21,"column":56}},"12":{"start":{"line":22,"column":4},"end":{"line":22,"column":63}},"13":{"start":{"line":23,"column":4},"end":{"line":23,"column":43}},"14":{"start":{"line":24,"column":4},"end":{"line":24,"column":70}},"15":{"start":{"line":25,"column":4},"end":{"line":25,"column":65}},"16":{"start":{"line":26,"column":4},"end":{"line":26,"column":65}},"17":{"start":{"line":27,"column":4},"end":{"line":27,"column":88}},"18":{"start":{"line":28,"column":4},"end":{"line":28,"column":62}},"19":{"start":{"line":29,"column":4},"end":{"line":29,"column":62}},"20":{"start":{"line":30,"column":4},"end":{"line":30,"column":82}},"21":{"start":{"line":31,"column":4},"end":{"line":31,"column":40}},"22":{"start":{"line":34,"column":4},"end":{"line":34,"column":42}},"23":{"start":{"line":38,"column":0},"end":{"line":39,"column":39}},"24":{"start":{"line":39,"column":4},"end":{"line":39,"column":39}}},"branchMap":{"1":{"line":38,"type":"if","locations":[{"start":{"line":38,"column":0},"end":{"line":38,"column":0}},{"start":{"line":38,"column":0},"end":{"line":38,"column":0}}]},"2":{"line":38,"type":"binary-expr","locations":[{"start":{"line":38,"column":4},"end":{"line":38,"column":30}},{"start":{"line":38,"column":34},"end":{"line":38,"column":48}}]}}},"E:\\Git\\myna-parser\\examples\\arithmetic_evaluator.js":{"path":"E:\\Git\\myna-parser\\examples\\arithmetic_evaluator.js","s":{"1":1,"2":222,"3":0,"4":0,"5":222,"6":34,"7":34,"8":11,"9":11,"10":6,"11":6,"12":5,"13":5,"14":0,"15":34,"16":45,"17":45,"18":14,"19":14,"20":14,"21":14,"22":0,"23":0,"24":0,"25":45,"26":59,"27":59,"28":11,"29":9,"30":59,"31":11,"32":48,"33":6,"34":5,"35":14,"36":0,"37":0,"38":1,"39":0,"40":0,"41":1,"42":1},"b":{"1":[0,222],"2":[34,45,59,11,48,6,5,14,0,0],"3":[6,5,0],"4":[14,0,0],"5":[9,2],"6":[1,0],"7":[1,1]},"f":{"1":222,"2":0},"fnMap":{"1":{"name":"EvalArithmetic","line":3,"loc":{"start":{"line":3,"column":0},"end":{"line":4,"column":0}}},"2":{"name":"ArithmeticEvaluator","line":57,"loc":{"start":{"line":57,"column":0},"end":{"line":58,"column":0}}}},"statementMap":{"1":{"start":{"line":3,"column":0},"end":{"line":55,"column":1}},"2":{"start":{"line":5,"column":4},"end":{"line":9,"column":5}},"3":{"start":{"line":7,"column":8},"end":{"line":7,"column":133}},"4":{"start":{"line":8,"column":8},"end":{"line":8,"column":88}},"5":{"start":{"line":11,"column":4},"end":{"line":54,"column":5}},"6":{"start":{"line":15,"column":12},"end":{"line":15,"column":53}},"7":{"start":{"line":16,"column":12},"end":{"line":23,"column":13}},"8":{"start":{"line":17,"column":16},"end":{"line":17,"column":45}},"9":{"start":{"line":18,"column":16},"end":{"line":22,"column":17}},"10":{"start":{"line":19,"column":37},"end":{"line":19,"column":64}},"11":{"start":{"line":19,"column":65},"end":{"line":19,"column":71}},"12":{"start":{"line":20,"column":37},"end":{"line":20,"column":64}},"13":{"start":{"line":20,"column":65},"end":{"line":20,"column":71}},"14":{"start":{"line":21,"column":29},"end":{"line":21,"column":78}},"15":{"start":{"line":24,"column":12},"end":{"line":24,"column":21}},"16":{"start":{"line":28,"column":12},"end":{"line":28,"column":53}},"17":{"start":{"line":29,"column":12},"end":{"line":36,"column":13}},"18":{"start":{"line":30,"column":16},"end":{"line":30,"column":45}},"19":{"start":{"line":31,"column":16},"end":{"line":35,"column":17}},"20":{"start":{"line":32,"column":37},"end":{"line":32,"column":64}},"21":{"start":{"line":32,"column":65},"end":{"line":32,"column":71}},"22":{"start":{"line":33,"column":37},"end":{"line":33,"column":64}},"23":{"start":{"line":33,"column":65},"end":{"line":33,"column":71}},"24":{"start":{"line":34,"column":29},"end":{"line":34,"column":78}},"25":{"start":{"line":37,"column":12},"end":{"line":37,"column":21}},"26":{"start":{"line":41,"column":12},"end":{"line":41,"column":74}},"27":{"start":{"line":42,"column":12},"end":{"line":44,"column":27}},"28":{"start":{"line":43,"column":16},"end":{"line":44,"column":27}},"29":{"start":{"line":44,"column":20},"end":{"line":44,"column":27}},"30":{"start":{"line":45,"column":12},"end":{"line":45,"column":21}},"31":{"start":{"line":47,"column":27},"end":{"line":47,"column":67}},"32":{"start":{"line":48,"column":23},"end":{"line":48,"column":52}},"33":{"start":{"line":49,"column":24},"end":{"line":49,"column":64}},"34":{"start":{"line":50,"column":24},"end":{"line":50,"column":64}},"35":{"start":{"line":51,"column":24},"end":{"line":51,"column":64}},"36":{"start":{"line":52,"column":24},"end":{"line":52,"column":64}},"37":{"start":{"line":53,"column":17},"end":{"line":53,"column":67}},"38":{"start":{"line":57,"column":0},"end":{"line":61,"column":1}},"39":{"start":{"line":59,"column":4},"end":{"line":59,"column":21}},"40":{"start":{"line":60,"column":4},"end":{"line":60,"column":31}},"41":{"start":{"line":64,"column":0},"end":{"line":65,"column":36}},"42":{"start":{"line":65,"column":4},"end":{"line":65,"column":36}}},"branchMap":{"1":{"line":5,"type":"if","locations":[{"start":{"line":5,"column":4},"end":{"line":5,"column":4}},{"start":{"line":5,"column":4},"end":{"line":5,"column":4}}]},"2":{"line":11,"type":"switch","locations":[{"start":{"line":13,"column":8},"end":{"line":25,"column":9}},{"start":{"line":26,"column":8},"end":{"line":38,"column":9}},{"start":{"line":39,"column":8},"end":{"line":46,"column":9}},{"start":{"line":47,"column":8},"end":{"line":47,"column":67}},{"start":{"line":48,"column":8},"end":{"line":48,"column":52}},{"start":{"line":49,"column":8},"end":{"line":49,"column":64}},{"start":{"line":50,"column":8},"end":{"line":50,"column":64}},{"start":{"line":51,"column":8},"end":{"line":51,"column":64}},{"start":{"line":52,"column":8},"end":{"line":52,"column":64}},{"start":{"line":53,"column":8},"end":{"line":53,"column":67}}]},"3":{"line":18,"type":"switch","locations":[{"start":{"line":19,"column":20},"end":{"line":19,"column":71}},{"start":{"line":20,"column":20},"end":{"line":20,"column":71}},{"start":{"line":21,"column":20},"end":{"line":21,"column":78}}]},"4":{"line":31,"type":"switch","locations":[{"start":{"line":32,"column":20},"end":{"line":32,"column":71}},{"start":{"line":33,"column":20},"end":{"line":33,"column":71}},{"start":{"line":34,"column":20},"end":{"line":34,"column":78}}]},"5":{"line":43,"type":"if","locations":[{"start":{"line":43,"column":16},"end":{"line":43,"column":16}},{"start":{"line":43,"column":16},"end":{"line":43,"column":16}}]},"6":{"line":64,"type":"if","locations":[{"start":{"line":64,"column":0},"end":{"line":64,"column":0}},{"start":{"line":64,"column":0},"end":{"line":64,"column":0}}]},"7":{"line":64,"type":"binary-expr","locations":[{"start":{"line":64,"column":4},"end":{"line":64,"column":30}},{"start":{"line":64,"column":34},"end":{"line":64,"column":48}}]}}}}