TN:
SF:E:\Git\myna-parser\myna.js
FN:4,(anonymous_1)
FN:6,__
FN:17,(anonymous_3)
FN:21,_initialize
FN:28,match
FN:40,parse
FN:53,(anonymous_7)
FN:78,genId
FN:88,RuleTypeToRule
FN:101,(anonymous_10)
FN:102,AstNode
FN:111,(anonymous_12)
FN:124,(anonymous_13)
FN:126,Rule
FN:138,(anonymous_15)
FN:142,(anonymous_16)
FN:150,(anonymous_17)
FN:188,(anonymous_18)
FN:193,(anonymous_19)
FN:199,(anonymous_20)
FN:207,(anonymous_21)
FN:214,(anonymous_22)
FN:219,(anonymous_23)
FN:226,(anonymous_24)
FN:231,(anonymous_25)
FN:245,(anonymous_26)
FN:255,(anonymous_27)
FN:260,(anonymous_28)
FN:265,(anonymous_29)
FN:270,(anonymous_30)
FN:275,(anonymous_31)
FN:280,(anonymous_32)
FN:285,(anonymous_33)
FN:290,(anonymous_34)
FN:294,(anonymous_35)
FN:295,(anonymous_36)
FN:296,(anonymous_37)
FN:297,(anonymous_38)
FN:298,(anonymous_39)
FN:299,(anonymous_40)
FN:300,(anonymous_41)
FN:301,(anonymous_42)
FN:302,(anonymous_43)
FN:313,(anonymous_44)
FN:315,Sequence
FN:319,(anonymous_46)
FN:329,(anonymous_47)
FN:329,(anonymous_48)
FN:333,(anonymous_49)
FN:338,(anonymous_50)
FN:340,Choice
FN:344,(anonymous_52)
FN:354,(anonymous_53)
FN:363,(anonymous_54)
FN:363,(anonymous_55)
FN:367,(anonymous_56)
FN:373,(anonymous_57)
FN:375,BoundedRule
FN:383,(anonymous_59)
FN:404,(anonymous_60)
FN:411,(anonymous_61)
FN:416,(anonymous_62)
FN:418,Advance
FN:422,(anonymous_64)
FN:424,(anonymous_65)
FN:428,(anonymous_66)
FN:433,(anonymous_67)
FN:435,Lookup
FN:441,(anonymous_69)
FN:451,(anonymous_70)
FN:455,(anonymous_71)
FN:460,(anonymous_72)
FN:462,Text
FN:467,(anonymous_74)
FN:476,(anonymous_75)
FN:480,(anonymous_76)
FN:486,(anonymous_77)
FN:488,Delay
FN:493,(anonymous_79)
FN:495,(anonymous_80)
FN:499,(anonymous_81)
FN:506,(anonymous_82)
FN:508,PredicateRule
FN:513,(anonymous_84)
FN:522,(anonymous_85)
FN:524,Not
FN:528,(anonymous_87)
FN:530,(anonymous_88)
FN:534,(anonymous_89)
FN:539,(anonymous_90)
FN:541,At
FN:545,(anonymous_92)
FN:547,(anonymous_93)
FN:551,(anonymous_94)
FN:556,(anonymous_95)
FN:558,Predicate
FN:563,(anonymous_97)
FN:564,(anonymous_98)
FN:571,text
FN:576,seq
FN:585,choice
FN:595,delay
FN:595,(anonymous_103)
FN:598,not
FN:605,bounded
FN:613,star
FN:619,plus
FN:624,opt
FN:630,repeat
FN:635,at
FN:641,lookup
FN:656,atChar
FN:659,notAtChar
FN:662,char
FN:665,charExcept
FN:668,inRange
FN:680,range
FN:682,exceptRange
FN:686,delimited
FN:688,except
FN:690,repeatWhileNot
FN:692,repeatUntilPast
FN:694,advanceWhileNot
FN:696,advanceUntilPast
FN:700,predicate
FN:702,action
FN:702,(anonymous_127)
FN:704,err
FN:704,(anonymous_129)
FN:706,log
FN:708,(anonymous_131)
FN:711,assert
FN:718,guardedSeq
FN:723,(anonymous_134)
FN:727,doubleQuoted
FN:729,singleQuoted
FN:732,parenthesized
FN:734,braced
FN:736,bracketed
FN:738,tagged
FN:741,keyword
FN:743,keywords
FN:753,(anonymous_143)
FN:754,(anonymous_144)
FN:755,(anonymous_145)
FN:756,(anonymous_146)
FN:784,grammarRules
FN:787,(anonymous_148)
FN:788,(anonymous_149)
FN:792,grammarToString
FN:794,(anonymous_151)
FN:802,registerGrammar
FNF:152
FNH:125
FNDA:11,(anonymous_1)
FNDA:11,__
FNDA:1,(anonymous_3)
FNDA:550,_initialize
FNDA:0,match
FNDA:550,parse
FNDA:1,(anonymous_7)
FNDA:474,genId
FNDA:903,RuleTypeToRule
FNDA:1,(anonymous_10)
FNDA:1493,AstNode
FNDA:0,(anonymous_12)
FNDA:1,(anonymous_13)
FNDA:474,Rule
FNDA:0,(anonymous_15)
FNDA:85,(anonymous_16)
FNDA:10217,(anonymous_17)
FNDA:229,(anonymous_18)
FNDA:61,(anonymous_19)
FNDA:494,(anonymous_20)
FNDA:3537,(anonymous_21)
FNDA:636,(anonymous_22)
FNDA:2714,(anonymous_23)
FNDA:0,(anonymous_24)
FNDA:20,(anonymous_25)
FNDA:20,(anonymous_26)
FNDA:9,(anonymous_27)
FNDA:13,(anonymous_28)
FNDA:2,(anonymous_29)
FNDA:0,(anonymous_30)
FNDA:1,(anonymous_31)
FNDA:14,(anonymous_32)
FNDA:0,(anonymous_33)
FNDA:0,(anonymous_34)
FNDA:15,(anonymous_35)
FNDA:0,(anonymous_36)
FNDA:0,(anonymous_37)
FNDA:3,(anonymous_38)
FNDA:0,(anonymous_39)
FNDA:0,(anonymous_40)
FNDA:1,(anonymous_41)
FNDA:0,(anonymous_42)
FNDA:3,(anonymous_43)
FNDA:1,(anonymous_44)
FNDA:107,Sequence
FNDA:2512,(anonymous_46)
FNDA:795,(anonymous_47)
FNDA:1821,(anonymous_48)
FNDA:15,(anonymous_49)
FNDA:1,(anonymous_50)
FNDA:125,Choice
FNDA:1672,(anonymous_52)
FNDA:21,(anonymous_53)
FNDA:610,(anonymous_54)
FNDA:1233,(anonymous_55)
FNDA:2,(anonymous_56)
FNDA:1,(anonymous_57)
FNDA:51,BoundedRule
FNDA:1348,(anonymous_59)
FNDA:402,(anonymous_60)
FNDA:2,(anonymous_61)
FNDA:1,(anonymous_62)
FNDA:1,Advance
FNDA:885,(anonymous_64)
FNDA:7,(anonymous_65)
FNDA:0,(anonymous_66)
FNDA:1,(anonymous_67)
FNDA:20,Lookup
FNDA:2178,(anonymous_69)
FNDA:123,(anonymous_70)
FNDA:0,(anonymous_71)
FNDA:1,(anonymous_72)
FNDA:100,Text
FNDA:1619,(anonymous_74)
FNDA:693,(anonymous_75)
FNDA:0,(anonymous_76)
FNDA:1,(anonymous_77)
FNDA:3,Delay
FNDA:88,(anonymous_79)
FNDA:5,(anonymous_80)
FNDA:1,(anonymous_81)
FNDA:1,(anonymous_82)
FNDA:67,PredicateRule
FNDA:1255,(anonymous_84)
FNDA:1,(anonymous_85)
FNDA:15,Not
FNDA:66,(anonymous_87)
FNDA:79,(anonymous_88)
FNDA:0,(anonymous_89)
FNDA:1,(anonymous_90)
FNDA:1,At
FNDA:1,(anonymous_92)
FNDA:2,(anonymous_93)
FNDA:0,(anonymous_94)
FNDA:1,(anonymous_95)
FNDA:51,Predicate
FNDA:1188,(anonymous_97)
FNDA:0,(anonymous_98)
FNDA:100,text
FNDA:92,seq
FNDA:123,choice
FNDA:2,delay
FNDA:93,(anonymous_103)
FNDA:15,not
FNDA:49,bounded
FNDA:23,star
FNDA:5,plus
FNDA:18,opt
FNDA:2,repeat
FNDA:1,at
FNDA:20,lookup
FNDA:0,atChar
FNDA:0,notAtChar
FNDA:9,char
FNDA:4,charExcept
FNDA:7,inRange
FNDA:7,range
FNDA:0,exceptRange
FNDA:6,delimited
FNDA:3,except
FNDA:2,repeatWhileNot
FNDA:1,repeatUntilPast
FNDA:1,advanceWhileNot
FNDA:0,advanceUntilPast
FNDA:51,predicate
FNDA:47,action
FNDA:41,(anonymous_127)
FNDA:46,err
FNDA:38,(anonymous_129)
FNDA:1,log
FNDA:3,(anonymous_131)
FNDA:45,assert
FNDA:13,guardedSeq
FNDA:42,(anonymous_134)
FNDA:3,doubleQuoted
FNDA:1,singleQuoted
FNDA:3,parenthesized
FNDA:2,braced
FNDA:2,bracketed
FNDA:1,tagged
FNDA:4,keyword
FNDA:1,keywords
FNDA:2,(anonymous_143)
FNDA:1135,(anonymous_144)
FNDA:6,(anonymous_145)
FNDA:4,(anonymous_146)
FNDA:0,grammarRules
FNDA:0,(anonymous_148)
FNDA:0,(anonymous_149)
FNDA:0,grammarToString
FNDA:0,(anonymous_151)
FNDA:4,registerGrammar
DA:4,1
DA:5,11
DA:6,11
DA:7,11
DA:16,1
DA:17,1
DA:21,1
DA:22,550
DA:23,550
DA:25,1
DA:28,1
DA:29,0
DA:30,0
DA:32,1
DA:40,1
DA:41,550
DA:42,550
DA:43,512
DA:44,0
DA:45,512
DA:46,512
DA:47,512
DA:49,1
DA:53,1
DA:55,1
DA:57,1
DA:59,1
DA:61,1
DA:63,1
DA:65,1
DA:67,1
DA:69,1
DA:73,1
DA:75,1
DA:77,1
DA:78,1
DA:79,474
DA:82,1
DA:84,1
DA:86,1
DA:88,1
DA:89,903
DA:90,795
DA:91,108
DA:92,92
DA:93,16
DA:94,16
DA:95,0
DA:97,1
DA:101,1
DA:102,1
DA:103,1493
DA:104,1493
DA:105,1493
DA:106,1493
DA:107,1493
DA:108,1493
DA:110,1
DA:111,0
DA:115,1
DA:117,1
DA:124,1
DA:126,1
DA:127,474
DA:129,474
DA:131,474
DA:133,474
DA:135,474
DA:138,1
DA:139,0
DA:142,1
DA:144,85
DA:145,0
DA:146,85
DA:150,1
DA:152,10217
DA:153,0
DA:155,10217
DA:157,9274
DA:161,943
DA:163,943
DA:165,943
DA:167,931
DA:168,931
DA:169,0
DA:171,931
DA:172,360
DA:174,571
DA:177,571
DA:178,0
DA:179,571
DA:180,571
DA:181,457
DA:182,571
DA:184,571
DA:188,1
DA:189,229
DA:190,229
DA:193,1
DA:194,61
DA:195,61
DA:197,1
DA:200,494
DA:205,1
DA:208,3537
DA:214,1
DA:215,636
DA:217,1
DA:220,2714
DA:226,1
DA:227,0
DA:229,1
DA:232,20
DA:233,20
DA:234,0
DA:235,20
DA:236,20
DA:237,20
DA:238,20
DA:243,1
DA:246,20
DA:247,20
DA:248,20
DA:253,1
DA:255,9
DA:259,1
DA:260,13
DA:264,1
DA:265,2
DA:269,1
DA:270,0
DA:274,1
DA:275,1
DA:279,1
DA:280,14
DA:284,1
DA:285,0
DA:289,1
DA:290,0
DA:294,15
DA:295,1
DA:296,1
DA:297,3
DA:298,1
DA:299,1
DA:300,1
DA:301,1
DA:302,3
DA:303,1
DA:305,1
DA:313,1
DA:314,1
DA:315,1
DA:316,107
DA:317,107
DA:319,1
DA:320,2512
DA:321,4129
DA:322,4129
DA:323,4058
DA:324,1317
DA:326,1124
DA:328,1
DA:329,1821
DA:333,15
DA:334,1
DA:336,1
DA:338,1
DA:339,1
DA:340,1
DA:341,125
DA:342,125
DA:344,1
DA:345,1672
DA:346,2585
DA:347,2585
DA:348,2548
DA:349,1311
DA:350,1237
DA:352,398
DA:354,1
DA:355,21
DA:356,39
DA:357,39
DA:358,3
DA:360,18
DA:362,1
DA:363,1233
DA:367,2
DA:368,1
DA:370,1
DA:373,1
DA:374,1
DA:375,1
DA:376,51
DA:377,51
DA:378,51
DA:379,51
DA:380,51
DA:381,51
DA:383,1
DA:384,1348
DA:386,1348
DA:387,2162
DA:390,2160
DA:391,1250
DA:393,910
DA:394,805
DA:395,0
DA:397,910
DA:398,0
DA:399,910
DA:401,96
DA:403,1
DA:405,402
DA:411,2
DA:412,1
DA:414,1
DA:416,1
DA:417,1
DA:418,1
DA:419,1
DA:420,1
DA:422,885
DA:423,1
DA:424,7
DA:428,1
DA:429,1
DA:431,1
DA:433,1
DA:434,1
DA:435,1
DA:436,20
DA:437,20
DA:438,20
DA:439,20
DA:441,1
DA:442,2178
DA:443,220
DA:444,1958
DA:445,1958
DA:446,1958
DA:447,492
DA:448,1466
DA:450,1
DA:451,123
DA:455,1
DA:456,1
DA:458,1
DA:460,1
DA:461,1
DA:462,1
DA:463,100
DA:464,100
DA:465,100
DA:467,1
DA:468,1619
DA:469,224
DA:470,1395
DA:471,1444
DA:472,803
DA:473,592
DA:475,1
DA:476,693
DA:480,1
DA:481,1
DA:483,1
DA:486,1
DA:487,1
DA:488,1
DA:489,3
DA:490,3
DA:491,3
DA:493,88
DA:494,1
DA:495,5
DA:499,1
DA:500,1
DA:502,1
DA:506,1
DA:507,1
DA:508,1
DA:509,67
DA:513,1
DA:514,1255
DA:515,1161
DA:516,56
DA:518,1
DA:520,1
DA:522,1
DA:523,1
DA:524,1
DA:525,15
DA:526,15
DA:528,66
DA:529,1
DA:530,79
DA:534,1
DA:535,1
DA:537,1
DA:539,1
DA:540,1
DA:541,1
DA:542,1
DA:543,1
DA:545,1
DA:546,1
DA:547,2
DA:551,1
DA:552,1
DA:554,1
DA:556,1
DA:557,1
DA:558,1
DA:559,51
DA:560,51
DA:561,51
DA:563,1188
DA:564,1
DA:565,1
DA:567,1
DA:571,1
DA:572,100
DA:574,1
DA:576,1
DA:577,92
DA:578,92
DA:579,209
DA:581,92
DA:583,1
DA:585,1
DA:586,123
DA:587,123
DA:588,496
DA:590,123
DA:592,1
DA:595,93
DA:596,1
DA:598,1
DA:599,15
DA:601,1
DA:605,1
DA:606,49
DA:607,49
DA:608,49
DA:610,1
DA:613,1
DA:614,23
DA:616,1
DA:619,1
DA:620,5
DA:622,1
DA:624,1
DA:625,18
DA:627,1
DA:630,1
DA:631,2
DA:633,1
DA:635,1
DA:636,1
DA:638,1
DA:641,1
DA:642,20
DA:643,20
DA:644,20
DA:645,20
DA:646,124
DA:647,124
DA:648,0
DA:649,124
DA:651,20
DA:653,1
DA:656,1
DA:657,1
DA:659,1
DA:660,1
DA:662,9
DA:663,1
DA:665,4
DA:666,1
DA:668,1
DA:669,7
DA:670,7
DA:671,0
DA:672,7
DA:673,7
DA:674,7
DA:675,7
DA:676,91
DA:677,7
DA:679,1
DA:680,7
DA:681,1
DA:682,1
DA:683,1
DA:686,6
DA:687,1
DA:688,3
DA:689,1
DA:690,2
DA:691,1
DA:692,1
DA:693,1
DA:694,1
DA:695,1
DA:696,1
DA:697,1
DA:700,51
DA:701,1
DA:702,47
DA:703,1
DA:704,46
DA:705,1
DA:706,1
DA:707,1
DA:708,3
DA:710,1
DA:711,45
DA:712,1
DA:718,1
DA:719,13
DA:720,13
DA:721,42
DA:723,42
DA:725,1
DA:727,3
DA:728,1
DA:729,1
DA:730,1
DA:732,3
DA:733,1
DA:734,2
DA:735,1
DA:736,2
DA:737,1
DA:738,1
DA:739,1
DA:741,4
DA:742,1
DA:743,1
DA:744,1
DA:745,1
DA:746,2
DA:748,1
DA:750,1
DA:753,2
DA:754,1135
DA:755,6
DA:756,4
DA:757,1
DA:758,1
DA:759,1
DA:760,1
DA:761,1
DA:762,1
DA:763,1
DA:764,1
DA:765,1
DA:766,1
DA:767,1
DA:768,1
DA:769,1
DA:770,1
DA:771,1
DA:772,1
DA:773,1
DA:774,1
DA:775,1
DA:776,1
DA:777,1
DA:778,1
DA:784,1
DA:785,0
DA:787,0
DA:788,0
DA:790,1
DA:792,1
DA:793,0
DA:794,0
DA:797,1
DA:802,1
DA:803,4
DA:804,123
DA:805,61
DA:806,61
DA:807,61
DA:808,61
DA:811,4
DA:813,1
DA:818,1
DA:820,1
DA:821,1
LF:492
LH:468
BRDA:4,1,0,1
BRDA:4,1,1,1
BRDA:4,1,2,1
BRDA:5,2,0,0
BRDA:5,2,1,0
BRDA:7,3,0,0
BRDA:7,3,1,11
BRDA:43,4,0,0
BRDA:43,4,1,512
BRDA:68,5,0,1
BRDA:68,5,1,1
BRDA:89,6,0,795
BRDA:89,6,1,108
BRDA:91,7,0,92
BRDA:91,7,1,16
BRDA:93,8,0,16
BRDA:93,8,1,0
BRDA:94,9,0,0
BRDA:94,9,1,16
BRDA:103,10,0,550
BRDA:103,10,1,943
BRDA:104,11,0,1493
BRDA:104,11,1,0
BRDA:144,12,0,0
BRDA:144,12,1,85
BRDA:144,13,0,85
BRDA:144,13,1,85
BRDA:152,14,0,0
BRDA:152,14,1,10217
BRDA:152,15,0,10217
BRDA:152,15,1,10217
BRDA:155,16,0,9274
BRDA:155,16,1,943
BRDA:168,17,0,0
BRDA:168,17,1,931
BRDA:171,18,0,360
BRDA:171,18,1,571
BRDA:177,19,0,0
BRDA:177,19,1,571
BRDA:180,20,0,457
BRDA:180,20,1,114
BRDA:208,21,0,968
BRDA:208,21,1,2569
BRDA:233,22,0,0
BRDA:233,22,1,20
BRDA:323,23,0,1317
BRDA:323,23,1,2741
BRDA:348,24,0,1311
BRDA:348,24,1,1237
BRDA:357,25,0,3
BRDA:357,25,1,36
BRDA:376,26,0,0
BRDA:376,26,1,51
BRDA:377,27,0,0
BRDA:377,27,1,51
BRDA:386,28,0,2258
BRDA:386,28,1,534
BRDA:390,29,0,1250
BRDA:390,29,1,910
BRDA:391,30,0,1242
BRDA:391,30,1,8
BRDA:393,31,0,805
BRDA:393,31,1,105
BRDA:394,32,0,0
BRDA:394,32,1,805
BRDA:397,33,0,0
BRDA:397,33,1,910
BRDA:406,34,0,175
BRDA:406,34,1,227
BRDA:422,35,0,872
BRDA:422,35,1,13
BRDA:442,36,0,220
BRDA:442,36,1,1958
BRDA:446,37,0,492
BRDA:446,37,1,1466
BRDA:468,38,0,224
BRDA:468,38,1,1395
BRDA:471,39,0,803
BRDA:471,39,1,641
BRDA:514,40,0,1161
BRDA:514,40,1,56
BRDA:606,41,0,23
BRDA:606,41,1,26
BRDA:607,42,0,28
BRDA:607,42,1,21
BRDA:642,43,0,9
BRDA:642,43,1,11
BRDA:647,44,0,0
BRDA:647,44,1,124
BRDA:669,45,0,7
BRDA:669,45,1,0
BRDA:670,46,0,0
BRDA:670,46,1,7
BRDA:670,47,0,7
BRDA:670,47,1,7
BRDA:707,48,0,0
BRDA:707,48,1,1
BRDA:804,49,0,61
BRDA:804,49,1,62
BRDA:819,50,0,1
BRDA:819,50,1,1
BRDA:820,51,0,1
BRDA:820,51,1,0
BRDA:820,52,0,1
BRDA:820,52,1,1
BRF:105
BRH:84
end_of_record
TN:
SF:E:\Git\myna-parser\grammars\csv.js
FN:7,CsvGrammar
FNF:1
FNH:1
FNDA:1,CsvGrammar
DA:7,1
DA:9,1
DA:10,1
DA:13,1
DA:15,1
DA:16,1
DA:17,1
DA:18,1
DA:19,1
DA:22,1
DA:26,1
DA:27,1
LF:12
LH:12
BRDA:9,1,0,1
BRDA:9,1,1,0
BRDA:26,2,0,1
BRDA:26,2,1,0
BRDA:26,3,0,1
BRDA:26,3,1,1
BRF:6
BRH:4
end_of_record
TN:
SF:E:\Git\myna-parser\grammars\json.js
FN:5,JsonGrammar
FN:23,(anonymous_2)
FNF:2
FNH:2
FNDA:1,JsonGrammar
FNDA:62,(anonymous_2)
DA:5,1
DA:8,1
DA:11,1
DA:12,1
DA:13,1
DA:14,1
DA:15,1
DA:16,1
DA:17,1
DA:22,1
DA:23,1
DA:24,62
DA:27,1
DA:28,1
DA:29,1
DA:30,1
DA:31,1
DA:32,1
DA:33,1
DA:36,1
DA:40,1
DA:41,1
LF:22
LH:22
BRDA:40,1,0,1
BRDA:40,1,1,0
BRDA:40,2,0,1
BRDA:40,2,1,1
BRF:4
BRH:3
end_of_record
TN:
SF:E:\Git\myna-parser\grammars\arithmetic.js
FN:4,ArithmeticGrammar
FN:19,(anonymous_2)
FNF:2
FNH:2
FNDA:1,ArithmeticGrammar
FNDA:31,(anonymous_2)
DA:4,1
DA:7,1
DA:10,1
DA:11,1
DA:12,1
DA:13,1
DA:18,1
DA:19,31
DA:21,1
DA:22,1
DA:23,1
DA:24,1
DA:25,1
DA:26,1
DA:27,1
DA:28,1
DA:29,1
DA:30,1
DA:33,1
DA:37,1
DA:38,1
LF:21
LH:21
BRDA:37,1,0,1
BRDA:37,1,1,0
BRDA:37,2,0,1
BRDA:37,2,1,1
BRF:4
BRH:3
end_of_record
