TN:
SF:E:\Git\myna-parser\myna.js
FN:4,(anonymous_1)
FN:6,__
FN:17,(anonymous_3)
FN:21,_initialize
FN:27,match
FN:39,parse
FN:52,(anonymous_7)
FN:77,genId
FN:87,RuleTypeToRule
FN:102,(anonymous_10)
FN:104,AstNode
FN:115,(anonymous_12)
FN:121,(anonymous_13)
FN:121,(anonymous_14)
FN:127,(anonymous_15)
FN:127,(anonymous_16)
FN:140,(anonymous_17)
FN:142,Rule
FN:156,(anonymous_19)
FN:160,(anonymous_20)
FN:168,(anonymous_21)
FN:207,(anonymous_22)
FN:213,(anonymous_23)
FN:220,(anonymous_24)
FN:228,(anonymous_25)
FN:236,(anonymous_26)
FN:243,(anonymous_27)
FN:248,(anonymous_28)
FN:255,(anonymous_29)
FN:260,(anonymous_30)
FN:275,(anonymous_31)
FN:285,(anonymous_32)
FN:290,(anonymous_33)
FN:295,(anonymous_34)
FN:300,(anonymous_35)
FN:305,(anonymous_36)
FN:310,(anonymous_37)
FN:315,(anonymous_38)
FN:320,(anonymous_39)
FN:324,(anonymous_40)
FN:325,(anonymous_41)
FN:326,(anonymous_42)
FN:327,(anonymous_43)
FN:328,(anonymous_44)
FN:329,(anonymous_45)
FN:330,(anonymous_46)
FN:331,(anonymous_47)
FN:332,(anonymous_48)
FN:343,(anonymous_49)
FN:345,Sequence
FN:349,(anonymous_51)
FN:359,(anonymous_52)
FN:359,(anonymous_53)
FN:363,(anonymous_54)
FN:368,(anonymous_55)
FN:370,Choice
FN:374,(anonymous_57)
FN:384,(anonymous_58)
FN:393,(anonymous_59)
FN:393,(anonymous_60)
FN:397,(anonymous_61)
FN:403,(anonymous_62)
FN:405,BoundedRule
FN:413,(anonymous_64)
FN:434,(anonymous_65)
FN:441,(anonymous_66)
FN:446,(anonymous_67)
FN:448,Advance
FN:452,(anonymous_69)
FN:454,(anonymous_70)
FN:458,(anonymous_71)
FN:463,(anonymous_72)
FN:465,Lookup
FN:471,(anonymous_74)
FN:481,(anonymous_75)
FN:485,(anonymous_76)
FN:490,(anonymous_77)
FN:492,Text
FN:497,(anonymous_79)
FN:506,(anonymous_80)
FN:510,(anonymous_81)
FN:516,(anonymous_82)
FN:518,Delay
FN:523,(anonymous_84)
FN:525,(anonymous_85)
FN:529,(anonymous_86)
FN:536,(anonymous_87)
FN:538,PredicateRule
FN:543,(anonymous_89)
FN:552,(anonymous_90)
FN:554,Not
FN:558,(anonymous_92)
FN:560,(anonymous_93)
FN:564,(anonymous_94)
FN:569,(anonymous_95)
FN:571,At
FN:575,(anonymous_97)
FN:577,(anonymous_98)
FN:581,(anonymous_99)
FN:586,(anonymous_100)
FN:588,Predicate
FN:593,(anonymous_102)
FN:594,(anonymous_103)
FN:601,text
FN:606,seq
FN:615,choice
FN:625,delay
FN:625,(anonymous_108)
FN:628,not
FN:635,bounded
FN:643,star
FN:649,plus
FN:654,opt
FN:660,repeat
FN:665,at
FN:671,lookup
FN:686,atChar
FN:689,notAtChar
FN:692,char
FN:695,charExcept
FN:698,inRange
FN:710,range
FN:712,exceptRange
FN:716,delimited
FN:718,except
FN:720,repeatWhileNot
FN:722,repeatUntilPast
FN:724,advanceWhileNot
FN:726,advanceUntilPast
FN:730,predicate
FN:732,action
FN:732,(anonymous_132)
FN:734,err
FN:734,(anonymous_134)
FN:736,log
FN:738,(anonymous_136)
FN:741,assert
FN:748,guardedSeq
FN:753,(anonymous_139)
FN:757,doubleQuoted
FN:759,singleQuoted
FN:762,join
FN:777,keywordMap
FN:782,(anonymous_144)
FN:786,seqWs
FN:795,parenthesized
FN:797,braced
FN:799,bracketed
FN:801,tagged
FN:804,keyword
FN:806,keywords
FN:816,(anonymous_152)
FN:817,(anonymous_153)
FN:818,(anonymous_154)
FN:819,(anonymous_155)
FN:847,grammarRules
FN:850,(anonymous_157)
FN:851,(anonymous_158)
FN:855,grammarToString
FN:857,(anonymous_160)
FN:865,registerGrammar
FNF:161
FNH:133
FNDA:11,(anonymous_1)
FNDA:11,__
FNDA:1,(anonymous_3)
FNDA:570,_initialize
FNDA:0,match
FNDA:570,parse
FNDA:1,(anonymous_7)
FNDA:463,genId
FNDA:922,RuleTypeToRule
FNDA:1,(anonymous_10)
FNDA:2009,AstNode
FNDA:59,(anonymous_12)
FNDA:0,(anonymous_13)
FNDA:0,(anonymous_14)
FNDA:0,(anonymous_15)
FNDA:0,(anonymous_16)
FNDA:1,(anonymous_17)
FNDA:463,Rule
FNDA:0,(anonymous_19)
FNDA:85,(anonymous_20)
FNDA:12301,(anonymous_21)
FNDA:211,(anonymous_22)
FNDA:63,(anonymous_23)
FNDA:3468,(anonymous_24)
FNDA:23,(anonymous_25)
FNDA:1081,(anonymous_26)
FNDA:696,(anonymous_27)
FNDA:2756,(anonymous_28)
FNDA:0,(anonymous_29)
FNDA:22,(anonymous_30)
FNDA:21,(anonymous_31)
FNDA:7,(anonymous_32)
FNDA:14,(anonymous_33)
FNDA:2,(anonymous_34)
FNDA:0,(anonymous_35)
FNDA:1,(anonymous_36)
FNDA:13,(anonymous_37)
FNDA:0,(anonymous_38)
FNDA:0,(anonymous_39)
FNDA:14,(anonymous_40)
FNDA:0,(anonymous_41)
FNDA:0,(anonymous_42)
FNDA:4,(anonymous_43)
FNDA:0,(anonymous_44)
FNDA:0,(anonymous_45)
FNDA:1,(anonymous_46)
FNDA:0,(anonymous_47)
FNDA:2,(anonymous_48)
FNDA:1,(anonymous_49)
FNDA:105,Sequence
FNDA:3354,(anonymous_51)
FNDA:345,(anonymous_52)
FNDA:739,(anonymous_53)
FNDA:17,(anonymous_54)
FNDA:1,(anonymous_55)
FNDA:122,Choice
FNDA:1803,(anonymous_57)
FNDA:21,(anonymous_58)
FNDA:112,(anonymous_59)
FNDA:243,(anonymous_60)
FNDA:1,(anonymous_61)
FNDA:1,(anonymous_62)
FNDA:48,BoundedRule
FNDA:1678,(anonymous_64)
FNDA:92,(anonymous_65)
FNDA:2,(anonymous_66)
FNDA:1,(anonymous_67)
FNDA:1,Advance
FNDA:1013,(anonymous_69)
FNDA:8,(anonymous_70)
FNDA:0,(anonymous_71)
FNDA:1,(anonymous_72)
FNDA:23,Lookup
FNDA:2684,(anonymous_74)
FNDA:70,(anonymous_75)
FNDA:1,(anonymous_76)
FNDA:1,(anonymous_77)
FNDA:98,Text
FNDA:1740,(anonymous_79)
FNDA:39,(anonymous_80)
FNDA:0,(anonymous_81)
FNDA:1,(anonymous_82)
FNDA:3,Delay
FNDA:114,(anonymous_84)
FNDA:7,(anonymous_85)
FNDA:1,(anonymous_86)
FNDA:1,(anonymous_87)
FNDA:63,PredicateRule
FNDA:1489,(anonymous_89)
FNDA:1,(anonymous_90)
FNDA:15,Not
FNDA:66,(anonymous_92)
FNDA:5,(anonymous_93)
FNDA:0,(anonymous_94)
FNDA:1,(anonymous_95)
FNDA:1,At
FNDA:1,(anonymous_97)
FNDA:2,(anonymous_98)
FNDA:0,(anonymous_99)
FNDA:1,(anonymous_100)
FNDA:47,Predicate
FNDA:1422,(anonymous_102)
FNDA:0,(anonymous_103)
FNDA:98,text
FNDA:88,seq
FNDA:121,choice
FNDA:2,delay
FNDA:121,(anonymous_108)
FNDA:15,not
FNDA:46,bounded
FNDA:23,star
FNDA:5,plus
FNDA:15,opt
FNDA:2,repeat
FNDA:1,at
FNDA:22,lookup
FNDA:0,atChar
FNDA:0,notAtChar
FNDA:11,char
FNDA:4,charExcept
FNDA:7,inRange
FNDA:7,range
FNDA:0,exceptRange
FNDA:5,delimited
FNDA:3,except
FNDA:2,repeatWhileNot
FNDA:1,repeatUntilPast
FNDA:1,advanceWhileNot
FNDA:0,advanceUntilPast
FNDA:47,predicate
FNDA:43,action
FNDA:41,(anonymous_132)
FNDA:42,err
FNDA:38,(anonymous_134)
FNDA:1,log
FNDA:3,(anonymous_136)
FNDA:41,assert
FNDA:12,guardedSeq
FNDA:38,(anonymous_139)
FNDA:3,doubleQuoted
FNDA:1,singleQuoted
FNDA:0,join
FNDA:0,keywordMap
FNDA:0,(anonymous_144)
FNDA:0,seqWs
FNDA:2,parenthesized
FNDA:2,braced
FNDA:2,bracketed
FNDA:1,tagged
FNDA:4,keyword
FNDA:1,keywords
FNDA:2,(anonymous_152)
FNDA:1369,(anonymous_153)
FNDA:6,(anonymous_154)
FNDA:4,(anonymous_155)
FNDA:8,grammarRules
FNDA:254,(anonymous_157)
FNDA:254,(anonymous_158)
FNDA:4,grammarToString
FNDA:63,(anonymous_160)
FNDA:4,registerGrammar
DA:4,1
DA:5,11
DA:6,11
DA:7,11
DA:16,1
DA:17,1
DA:21,1
DA:22,570
DA:23,570
DA:27,1
DA:28,0
DA:29,0
DA:31,1
DA:39,1
DA:40,570
DA:41,570
DA:42,532
DA:43,0
DA:44,532
DA:45,532
DA:46,532
DA:48,1
DA:52,1
DA:54,1
DA:56,1
DA:58,1
DA:60,1
DA:62,1
DA:64,1
DA:66,1
DA:68,1
DA:72,1
DA:74,1
DA:76,1
DA:77,1
DA:78,463
DA:81,1
DA:83,1
DA:85,1
DA:87,1
DA:88,922
DA:89,814
DA:90,108
DA:91,90
DA:92,18
DA:93,18
DA:94,0
DA:96,1
DA:102,1
DA:104,1
DA:105,2009
DA:106,2009
DA:107,2009
DA:108,2009
DA:109,2009
DA:111,2009
DA:113,1
DA:115,59
DA:119,1
DA:121,0
DA:125,1
DA:127,0
DA:131,1
DA:133,1
DA:140,1
DA:142,1
DA:143,463
DA:145,463
DA:147,463
DA:149,463
DA:151,463
DA:153,463
DA:156,1
DA:157,0
DA:160,1
DA:162,85
DA:163,0
DA:164,85
DA:168,1
DA:170,12301
DA:171,0
DA:173,12301
DA:175,10862
DA:179,1439
DA:181,1439
DA:183,1439
DA:185,1427
DA:186,1427
DA:187,0
DA:189,1427
DA:190,714
DA:192,713
DA:195,713
DA:196,0
DA:197,713
DA:198,713
DA:199,563
DA:200,713
DA:202,713
DA:207,1
DA:208,211
DA:209,211
DA:213,1
DA:214,63
DA:215,63
DA:216,63
DA:218,1
DA:221,3468
DA:226,1
DA:229,23
DA:234,1
DA:237,1081
DA:243,1
DA:244,696
DA:246,1
DA:249,2756
DA:255,1
DA:256,0
DA:258,1
DA:261,22
DA:262,22
DA:263,0
DA:264,22
DA:265,22
DA:266,22
DA:267,22
DA:268,22
DA:273,1
DA:276,21
DA:277,21
DA:278,21
DA:283,1
DA:285,7
DA:289,1
DA:290,14
DA:294,1
DA:295,2
DA:299,1
DA:300,0
DA:304,1
DA:305,1
DA:309,1
DA:310,13
DA:314,1
DA:315,0
DA:319,1
DA:320,0
DA:324,14
DA:325,1
DA:326,1
DA:327,4
DA:328,1
DA:329,1
DA:330,1
DA:331,1
DA:332,2
DA:333,1
DA:335,1
DA:343,1
DA:344,1
DA:345,1
DA:346,105
DA:347,105
DA:349,1
DA:350,3354
DA:351,5342
DA:352,5342
DA:353,5271
DA:354,1846
DA:356,1437
DA:358,1
DA:359,739
DA:363,17
DA:364,1
DA:366,1
DA:368,1
DA:369,1
DA:370,1
DA:371,122
DA:372,122
DA:374,1
DA:375,1803
DA:376,2856
DA:377,2856
DA:378,2819
DA:379,1480
DA:380,1339
DA:382,427
DA:384,1
DA:385,21
DA:386,39
DA:387,39
DA:388,3
DA:390,18
DA:392,1
DA:393,243
DA:397,1
DA:398,1
DA:400,1
DA:403,1
DA:404,1
DA:405,1
DA:406,48
DA:407,48
DA:408,48
DA:409,48
DA:410,48
DA:411,48
DA:413,1
DA:414,1678
DA:416,1678
DA:417,2588
DA:420,2586
DA:421,1595
DA:423,991
DA:424,901
DA:425,0
DA:427,991
DA:428,0
DA:429,991
DA:431,81
DA:433,1
DA:435,92
DA:441,2
DA:442,1
DA:444,1
DA:446,1
DA:447,1
DA:448,1
DA:449,1
DA:450,1
DA:452,1013
DA:453,1
DA:454,8
DA:458,1
DA:459,1
DA:461,1
DA:463,1
DA:464,1
DA:465,1
DA:466,23
DA:467,23
DA:468,23
DA:469,23
DA:471,1
DA:472,2684
DA:473,364
DA:474,2320
DA:475,2320
DA:476,2320
DA:477,620
DA:478,1700
DA:480,1
DA:481,70
DA:485,1
DA:486,1
DA:488,1
DA:490,1
DA:491,1
DA:492,1
DA:493,98
DA:494,98
DA:495,98
DA:497,1
DA:498,1740
DA:499,223
DA:500,1517
DA:501,1566
DA:502,916
DA:503,601
DA:505,1
DA:506,39
DA:510,1
DA:511,1
DA:513,1
DA:516,1
DA:517,1
DA:518,1
DA:519,3
DA:520,3
DA:521,3
DA:523,114
DA:524,1
DA:525,7
DA:529,1
DA:530,1
DA:532,1
DA:536,1
DA:537,1
DA:538,1
DA:539,63
DA:543,1
DA:544,1489
DA:545,1395
DA:546,56
DA:548,1
DA:550,1
DA:552,1
DA:553,1
DA:554,1
DA:555,15
DA:556,15
DA:558,66
DA:559,1
DA:560,5
DA:564,1
DA:565,1
DA:567,1
DA:569,1
DA:570,1
DA:571,1
DA:572,1
DA:573,1
DA:575,1
DA:576,1
DA:577,2
DA:581,1
DA:582,1
DA:584,1
DA:586,1
DA:587,1
DA:588,1
DA:589,47
DA:590,47
DA:591,47
DA:593,1422
DA:594,1
DA:595,1
DA:597,1
DA:601,1
DA:602,98
DA:604,1
DA:606,1
DA:607,88
DA:608,88
DA:609,199
DA:611,88
DA:613,1
DA:615,1
DA:616,121
DA:617,121
DA:618,496
DA:620,121
DA:622,1
DA:625,121
DA:626,1
DA:628,1
DA:629,15
DA:631,1
DA:635,1
DA:636,46
DA:637,46
DA:638,46
DA:640,1
DA:643,1
DA:644,23
DA:646,1
DA:649,1
DA:650,5
DA:652,1
DA:654,1
DA:655,15
DA:657,1
DA:660,1
DA:661,2
DA:663,1
DA:665,1
DA:666,1
DA:668,1
DA:671,1
DA:672,22
DA:673,22
DA:674,22
DA:675,22
DA:676,124
DA:677,124
DA:678,0
DA:679,124
DA:681,22
DA:683,1
DA:686,1
DA:687,1
DA:689,1
DA:690,1
DA:692,11
DA:693,1
DA:695,4
DA:696,1
DA:698,1
DA:699,7
DA:700,7
DA:701,0
DA:702,7
DA:703,7
DA:704,7
DA:705,7
DA:706,91
DA:707,7
DA:709,1
DA:710,7
DA:711,1
DA:712,1
DA:713,1
DA:716,5
DA:717,1
DA:718,3
DA:719,1
DA:720,2
DA:721,1
DA:722,1
DA:723,1
DA:724,1
DA:725,1
DA:726,1
DA:727,1
DA:730,47
DA:731,1
DA:732,43
DA:733,1
DA:734,42
DA:735,1
DA:736,1
DA:737,1
DA:738,3
DA:740,1
DA:741,41
DA:742,1
DA:748,1
DA:749,12
DA:750,12
DA:751,38
DA:753,38
DA:755,1
DA:757,3
DA:758,1
DA:759,1
DA:760,1
DA:762,1
DA:763,0
DA:764,0
DA:765,0
DA:767,0
DA:768,0
DA:769,0
DA:770,0
DA:771,0
DA:773,0
DA:775,1
DA:777,1
DA:778,0
DA:779,0
DA:780,0
DA:782,0
DA:784,1
DA:786,1
DA:787,0
DA:788,0
DA:789,0
DA:791,0
DA:793,1
DA:795,2
DA:796,1
DA:797,2
DA:798,1
DA:799,2
DA:800,1
DA:801,1
DA:802,1
DA:804,4
DA:805,1
DA:806,1
DA:807,1
DA:808,1
DA:809,2
DA:811,1
DA:813,1
DA:816,2
DA:817,1369
DA:818,6
DA:819,4
DA:820,1
DA:821,1
DA:822,1
DA:823,1
DA:824,1
DA:825,1
DA:826,1
DA:827,1
DA:828,1
DA:829,1
DA:830,1
DA:831,1
DA:832,1
DA:833,1
DA:834,1
DA:835,1
DA:836,1
DA:837,1
DA:838,1
DA:839,1
DA:840,1
DA:841,1
DA:847,1
DA:848,8
DA:850,254
DA:851,254
DA:853,1
DA:855,1
DA:856,4
DA:857,63
DA:860,1
DA:865,1
DA:866,4
DA:867,127
DA:868,63
DA:869,63
DA:870,63
DA:873,4
DA:875,1
DA:880,1
DA:882,1
DA:883,1
LF:522
LH:485
BRDA:4,1,0,1
BRDA:4,1,1,1
BRDA:4,1,2,1
BRDA:5,2,0,0
BRDA:5,2,1,0
BRDA:7,3,0,0
BRDA:7,3,1,11
BRDA:42,4,0,0
BRDA:42,4,1,532
BRDA:67,5,0,1
BRDA:67,5,1,1
BRDA:88,6,0,814
BRDA:88,6,1,108
BRDA:90,7,0,90
BRDA:90,7,1,18
BRDA:92,8,0,18
BRDA:92,8,1,0
BRDA:93,9,0,0
BRDA:93,9,1,18
BRDA:105,10,0,570
BRDA:105,10,1,1439
BRDA:106,11,0,2009
BRDA:106,11,1,0
BRDA:121,12,0,0
BRDA:121,12,1,0
BRDA:127,13,0,0
BRDA:127,13,1,0
BRDA:162,14,0,0
BRDA:162,14,1,85
BRDA:162,15,0,85
BRDA:162,15,1,85
BRDA:170,16,0,0
BRDA:170,16,1,12301
BRDA:170,17,0,12301
BRDA:170,17,1,12301
BRDA:173,18,0,10862
BRDA:173,18,1,1439
BRDA:186,19,0,0
BRDA:186,19,1,1427
BRDA:189,20,0,714
BRDA:189,20,1,713
BRDA:195,21,0,0
BRDA:195,21,1,713
BRDA:198,22,0,563
BRDA:198,22,1,150
BRDA:237,23,0,1081
BRDA:237,23,1,0
BRDA:262,24,0,0
BRDA:262,24,1,22
BRDA:353,25,0,1846
BRDA:353,25,1,3425
BRDA:378,26,0,1480
BRDA:378,26,1,1339
BRDA:387,27,0,3
BRDA:387,27,1,36
BRDA:406,28,0,0
BRDA:406,28,1,48
BRDA:407,29,0,0
BRDA:407,29,1,48
BRDA:416,30,0,2669
BRDA:416,30,1,520
BRDA:420,31,0,1595
BRDA:420,31,1,991
BRDA:421,32,0,1587
BRDA:421,32,1,8
BRDA:423,33,0,901
BRDA:423,33,1,90
BRDA:424,34,0,0
BRDA:424,34,1,901
BRDA:427,35,0,0
BRDA:427,35,1,991
BRDA:436,36,0,31
BRDA:436,36,1,61
BRDA:452,37,0,1000
BRDA:452,37,1,13
BRDA:472,38,0,364
BRDA:472,38,1,2320
BRDA:476,39,0,620
BRDA:476,39,1,1700
BRDA:498,40,0,223
BRDA:498,40,1,1517
BRDA:501,41,0,916
BRDA:501,41,1,650
BRDA:544,42,0,1395
BRDA:544,42,1,56
BRDA:636,43,0,23
BRDA:636,43,1,23
BRDA:637,44,0,28
BRDA:637,44,1,18
BRDA:672,45,0,11
BRDA:672,45,1,11
BRDA:677,46,0,0
BRDA:677,46,1,124
BRDA:699,47,0,7
BRDA:699,47,1,0
BRDA:700,48,0,0
BRDA:700,48,1,7
BRDA:700,49,0,7
BRDA:700,49,1,7
BRDA:737,50,0,0
BRDA:737,50,1,1
BRDA:769,51,0,0
BRDA:769,51,1,0
BRDA:782,52,0,0
BRDA:782,52,1,0
BRDA:867,53,0,63
BRDA:867,53,1,64
BRDA:881,54,0,1
BRDA:881,54,1,1
BRDA:882,55,0,1
BRDA:882,55,1,0
BRDA:882,56,0,1
BRDA:882,56,1,1
BRF:113
BRH:83
end_of_record
TN:
SF:E:\Git\myna-parser\grammars\csv.js
FN:7,CsvGrammar
FNF:1
FNH:1
FNDA:1,CsvGrammar
DA:7,1
DA:9,1
DA:10,1
DA:13,1
DA:15,1
DA:16,1
DA:17,1
DA:18,1
DA:19,1
DA:22,1
DA:26,1
DA:27,1
LF:12
LH:12
BRDA:9,1,0,1
BRDA:9,1,1,0
BRDA:26,2,0,1
BRDA:26,2,1,0
BRDA:26,3,0,1
BRDA:26,3,1,1
BRF:6
BRH:4
end_of_record
TN:
SF:E:\Git\myna-parser\grammars\json.js
FN:5,JsonGrammar
FN:23,(anonymous_2)
FNF:2
FNH:2
FNDA:1,JsonGrammar
FNDA:63,(anonymous_2)
DA:5,1
DA:8,1
DA:11,1
DA:12,1
DA:13,1
DA:14,1
DA:15,1
DA:16,1
DA:17,1
DA:22,1
DA:23,1
DA:24,63
DA:27,1
DA:28,1
DA:29,1
DA:30,1
DA:31,1
DA:32,1
DA:33,1
DA:36,1
DA:40,1
DA:41,1
LF:22
LH:22
BRDA:40,1,0,1
BRDA:40,1,1,0
BRDA:40,2,0,1
BRDA:40,2,1,1
BRF:4
BRH:3
end_of_record
TN:
SF:E:\Git\myna-parser\grammars\arithmetic.js
FN:4,ArithmeticGrammar
FN:17,(anonymous_2)
FNF:2
FNH:2
FNDA:1,ArithmeticGrammar
FNDA:58,(anonymous_2)
DA:4,1
DA:7,1
DA:10,1
DA:11,1
DA:12,1
DA:13,1
DA:16,1
DA:17,58
DA:20,1
DA:21,1
DA:22,1
DA:23,1
DA:24,1
DA:25,1
DA:26,1
DA:27,1
DA:28,1
DA:29,1
DA:30,1
DA:31,1
DA:34,1
DA:38,1
DA:39,1
LF:23
LH:23
BRDA:38,1,0,1
BRDA:38,1,1,0
BRDA:38,2,0,1
BRDA:38,2,1,1
BRF:4
BRH:3
end_of_record
TN:
SF:E:\Git\myna-parser\examples\arithmetic_evaluator.js
FN:3,EvalArithmetic
FN:57,ArithmeticEvaluator
FNF:2
FNH:1
FNDA:222,EvalArithmetic
FNDA:0,ArithmeticEvaluator
DA:3,1
DA:5,222
DA:7,0
DA:8,0
DA:11,222
DA:15,34
DA:16,34
DA:17,11
DA:18,11
DA:19,6
DA:20,5
DA:21,0
DA:24,34
DA:28,45
DA:29,45
DA:30,14
DA:31,14
DA:32,14
DA:33,0
DA:34,0
DA:37,45
DA:41,59
DA:42,59
DA:43,11
DA:44,9
DA:45,59
DA:47,11
DA:48,48
DA:49,6
DA:50,5
DA:51,14
DA:52,0
DA:53,0
DA:57,1
DA:59,0
DA:60,0
DA:64,1
DA:65,1
LF:38
LH:29
BRDA:5,1,0,0
BRDA:5,1,1,222
BRDA:11,2,0,34
BRDA:11,2,1,45
BRDA:11,2,2,59
BRDA:11,2,3,11
BRDA:11,2,4,48
BRDA:11,2,5,6
BRDA:11,2,6,5
BRDA:11,2,7,14
BRDA:11,2,8,0
BRDA:11,2,9,0
BRDA:18,3,0,6
BRDA:18,3,1,5
BRDA:18,3,2,0
BRDA:31,4,0,14
BRDA:31,4,1,0
BRDA:31,4,2,0
BRDA:43,5,0,9
BRDA:43,5,1,2
BRDA:64,6,0,1
BRDA:64,6,1,0
BRDA:64,7,0,1
BRDA:64,7,1,1
BRF:24
BRH:17
end_of_record
