{"E:\\Git\\myna-parser\\myna.js":{"path":"E:\\Git\\myna-parser\\myna.js","s":{"1":1,"2":11,"3":0,"4":0,"5":1,"6":11,"7":11,"8":1,"9":1,"10":1,"11":550,"12":550,"13":1,"14":1,"15":0,"16":0,"17":1,"18":1,"19":550,"20":550,"21":512,"22":0,"23":512,"24":512,"25":512,"26":1,"27":1,"28":1,"29":1,"30":1,"31":1,"32":1,"33":1,"34":1,"35":1,"36":1,"37":1,"38":1,"39":1,"40":474,"41":1,"42":1,"43":1,"44":1,"45":903,"46":795,"47":108,"48":92,"49":16,"50":16,"51":0,"52":1,"53":1,"54":1,"55":1493,"56":550,"57":1493,"58":1493,"59":1493,"60":1493,"61":1493,"62":1493,"63":1,"64":0,"65":1,"66":1,"67":1,"68":1,"69":474,"70":474,"71":474,"72":474,"73":474,"74":1,"75":0,"76":1,"77":85,"78":0,"79":85,"80":1,"81":10217,"82":0,"83":10217,"84":9274,"85":943,"86":943,"87":943,"88":931,"89":931,"90":0,"91":931,"92":360,"93":571,"94":571,"95":0,"96":571,"97":571,"98":457,"99":571,"100":571,"101":1,"102":229,"103":229,"104":1,"105":61,"106":61,"107":1,"108":494,"109":1,"110":3537,"111":1,"112":636,"113":1,"114":2714,"115":1,"116":0,"117":1,"118":20,"119":20,"120":0,"121":20,"122":20,"123":20,"124":20,"125":1,"126":20,"127":20,"128":20,"129":1,"130":9,"131":1,"132":13,"133":1,"134":2,"135":1,"136":0,"137":1,"138":1,"139":1,"140":14,"141":1,"142":0,"143":1,"144":0,"145":1,"146":15,"147":1,"148":0,"149":1,"150":0,"151":1,"152":3,"153":1,"154":0,"155":1,"156":0,"157":1,"158":1,"159":1,"160":0,"161":1,"162":3,"163":1,"164":1,"165":1,"166":1,"167":1,"168":107,"169":107,"170":1,"171":2512,"172":4129,"173":4129,"174":4058,"175":1317,"176":1124,"177":1,"178":795,"179":1821,"180":1,"181":15,"182":1,"183":1,"184":1,"185":1,"186":1,"187":125,"188":125,"189":1,"190":1672,"191":2585,"192":2585,"193":2548,"194":1311,"195":1237,"196":398,"197":1,"198":21,"199":39,"200":39,"201":3,"202":18,"203":1,"204":610,"205":1233,"206":1,"207":2,"208":1,"209":1,"210":1,"211":1,"212":1,"213":51,"214":0,"215":51,"216":0,"217":51,"218":51,"219":51,"220":51,"221":1,"222":1348,"223":1348,"224":2162,"225":2160,"226":1250,"227":910,"228":805,"229":0,"230":910,"231":0,"232":910,"233":96,"234":1,"235":402,"236":1,"237":2,"238":1,"239":1,"240":1,"241":1,"242":1,"243":1,"244":1,"245":1,"246":885,"247":1,"248":7,"249":1,"250":0,"251":1,"252":1,"253":1,"254":1,"255":1,"256":20,"257":20,"258":20,"259":20,"260":1,"261":2178,"262":220,"263":1958,"264":1958,"265":1958,"266":492,"267":1466,"268":1,"269":123,"270":1,"271":0,"272":1,"273":1,"274":1,"275":1,"276":1,"277":100,"278":100,"279":100,"280":1,"281":1619,"282":224,"283":1395,"284":1444,"285":803,"286":592,"287":1,"288":693,"289":1,"290":0,"291":1,"292":1,"293":1,"294":1,"295":1,"296":3,"297":3,"298":3,"299":1,"300":88,"301":1,"302":5,"303":1,"304":1,"305":1,"306":1,"307":1,"308":1,"309":1,"310":67,"311":1,"312":1255,"313":1161,"314":56,"315":1,"316":1,"317":1,"318":1,"319":1,"320":15,"321":15,"322":1,"323":66,"324":1,"325":79,"326":1,"327":0,"328":1,"329":1,"330":1,"331":1,"332":1,"333":1,"334":1,"335":1,"336":1,"337":1,"338":2,"339":1,"340":0,"341":1,"342":1,"343":1,"344":1,"345":1,"346":51,"347":51,"348":51,"349":1,"350":1188,"351":1,"352":0,"353":1,"354":1,"355":1,"356":100,"357":1,"358":1,"359":92,"360":92,"361":209,"362":92,"363":1,"364":1,"365":123,"366":123,"367":496,"368":123,"369":1,"370":1,"371":2,"372":93,"373":1,"374":1,"375":15,"376":1,"377":1,"378":49,"379":23,"380":49,"381":28,"382":49,"383":1,"384":1,"385":23,"386":1,"387":1,"388":5,"389":1,"390":1,"391":18,"392":1,"393":1,"394":2,"395":1,"396":1,"397":1,"398":1,"399":1,"400":20,"401":9,"402":20,"403":20,"404":20,"405":124,"406":124,"407":0,"408":124,"409":20,"410":1,"411":1,"412":0,"413":1,"414":1,"415":0,"416":1,"417":1,"418":9,"419":1,"420":1,"421":4,"422":1,"423":1,"424":7,"425":7,"426":7,"427":0,"428":7,"429":7,"430":7,"431":7,"432":91,"433":7,"434":1,"435":1,"436":7,"437":1,"438":1,"439":0,"440":1,"441":1,"442":6,"443":1,"444":1,"445":3,"446":1,"447":1,"448":2,"449":1,"450":1,"451":1,"452":1,"453":1,"454":1,"455":1,"456":1,"457":0,"458":1,"459":1,"460":51,"461":1,"462":1,"463":47,"464":41,"465":3,"466":1,"467":1,"468":46,"469":38,"470":38,"471":1,"472":1,"473":1,"474":0,"475":1,"476":3,"477":1,"478":1,"479":45,"480":1,"481":1,"482":13,"483":13,"484":42,"485":13,"486":42,"487":1,"488":1,"489":3,"490":1,"491":1,"492":1,"493":1,"494":1,"495":3,"496":1,"497":1,"498":2,"499":1,"500":1,"501":2,"502":1,"503":1,"504":1,"505":1,"506":1,"507":4,"508":1,"509":1,"510":1,"511":1,"512":2,"513":1,"514":1,"515":1,"516":2,"517":1,"518":1135,"519":1,"520":6,"521":1,"522":4,"523":1,"524":1,"525":1,"526":1,"527":1,"528":1,"529":1,"530":1,"531":1,"532":1,"533":1,"534":1,"535":1,"536":1,"537":1,"538":1,"539":1,"540":1,"541":1,"542":1,"543":1,"544":1,"545":1,"546":0,"547":0,"548":0,"549":1,"550":1,"551":0,"552":0,"553":1,"554":1,"555":4,"556":123,"557":61,"558":61,"559":61,"560":61,"561":4,"562":1,"563":1,"564":1,"565":1},"b":{"1":[1,1,1],"2":[0,0],"3":[0,11],"4":[0,512],"5":[1,1],"6":[795,108],"7":[92,16],"8":[16,0],"9":[0,16],"10":[550,943],"11":[1493,0],"12":[0,85],"13":[85,85],"14":[0,10217],"15":[10217,10217],"16":[9274,943],"17":[0,931],"18":[360,571],"19":[0,571],"20":[457,114],"21":[968,2569],"22":[0,20],"23":[1317,2741],"24":[1311,1237],"25":[3,36],"26":[0,51],"27":[0,51],"28":[2258,534],"29":[1250,910],"30":[1242,8],"31":[805,105],"32":[0,805],"33":[0,910],"34":[175,227],"35":[872,13],"36":[220,1958],"37":[492,1466],"38":[224,1395],"39":[803,641],"40":[1161,56],"41":[23,26],"42":[28,21],"43":[9,11],"44":[0,124],"45":[7,0],"46":[0,7],"47":[7,7],"48":[0,1],"49":[61,62],"50":[1,1],"51":[1,0],"52":[1,1]},"f":{"1":11,"2":11,"3":1,"4":550,"5":0,"6":550,"7":1,"8":474,"9":903,"10":1,"11":1493,"12":0,"13":1,"14":474,"15":0,"16":85,"17":10217,"18":229,"19":61,"20":494,"21":3537,"22":636,"23":2714,"24":0,"25":20,"26":20,"27":9,"28":13,"29":2,"30":0,"31":1,"32":14,"33":0,"34":0,"35":15,"36":0,"37":0,"38":3,"39":0,"40":0,"41":1,"42":0,"43":3,"44":1,"45":107,"46":2512,"47":795,"48":1821,"49":15,"50":1,"51":125,"52":1672,"53":21,"54":610,"55":1233,"56":2,"57":1,"58":51,"59":1348,"60":402,"61":2,"62":1,"63":1,"64":885,"65":7,"66":0,"67":1,"68":20,"69":2178,"70":123,"71":0,"72":1,"73":100,"74":1619,"75":693,"76":0,"77":1,"78":3,"79":88,"80":5,"81":1,"82":1,"83":67,"84":1255,"85":1,"86":15,"87":66,"88":79,"89":0,"90":1,"91":1,"92":1,"93":2,"94":0,"95":1,"96":51,"97":1188,"98":0,"99":100,"100":92,"101":123,"102":2,"103":93,"104":15,"105":49,"106":23,"107":5,"108":18,"109":2,"110":1,"111":20,"112":0,"113":0,"114":9,"115":4,"116":7,"117":7,"118":0,"119":6,"120":3,"121":2,"122":1,"123":1,"124":0,"125":51,"126":47,"127":41,"128":46,"129":38,"130":1,"131":3,"132":45,"133":13,"134":42,"135":3,"136":1,"137":3,"138":2,"139":2,"140":1,"141":4,"142":1,"143":2,"144":1135,"145":6,"146":4,"147":0,"148":0,"149":0,"150":0,"151":0,"152":4},"fnMap":{"1":{"name":"(anonymous_1)","line":4,"loc":{"start":{"line":4,"column":44},"end":{"line":4,"column":60}}},"2":{"name":"__","line":6,"loc":{"start":{"line":6,"column":4},"end":{"line":6,"column":18}}},"3":{"name":"(anonymous_3)","line":15,"loc":{"start":{"line":15,"column":1},"end":{"line":15,"column":17}}},"4":{"name":"_initialize","line":19,"loc":{"start":{"line":19,"column":4},"end":{"line":19,"column":31}}},"5":{"name":"match","line":26,"loc":{"start":{"line":26,"column":4},"end":{"line":26,"column":25}}},"6":{"name":"parse","line":38,"loc":{"start":{"line":38,"column":4},"end":{"line":38,"column":25}}},"7":{"name":"(anonymous_7)","line":51,"loc":{"start":{"line":51,"column":5},"end":{"line":51,"column":27}}},"8":{"name":"genId","line":76,"loc":{"start":{"line":76,"column":4},"end":{"line":76,"column":21}}},"9":{"name":"RuleTypeToRule","line":86,"loc":{"start":{"line":86,"column":4},"end":{"line":86,"column":34}}},"10":{"name":"(anonymous_10)","line":99,"loc":{"start":{"line":99,"column":19},"end":{"line":99,"column":31}}},"11":{"name":"AstNode","line":100,"loc":{"start":{"line":100,"column":8},"end":{"line":100,"column":43}}},"12":{"name":"(anonymous_12)","line":109,"loc":{"start":{"line":109,"column":17},"end":{"line":109,"column":29}}},"13":{"name":"(anonymous_13)","line":122,"loc":{"start":{"line":122,"column":16},"end":{"line":122,"column":28}}},"14":{"name":"Rule","line":124,"loc":{"start":{"line":124,"column":8},"end":{"line":124,"column":29}}},"15":{"name":"(anonymous_15)","line":136,"loc":{"start":{"line":136,"column":45},"end":{"line":136,"column":62}}},"16":{"name":"(anonymous_16)","line":140,"loc":{"start":{"line":140,"column":31},"end":{"line":140,"column":48}}},"17":{"name":"(anonymous_17)","line":148,"loc":{"start":{"line":148,"column":31},"end":{"line":148,"column":48}}},"18":{"name":"(anonymous_18)","line":186,"loc":{"start":{"line":186,"column":33},"end":{"line":186,"column":53}}},"19":{"name":"(anonymous_19)","line":191,"loc":{"start":{"line":191,"column":33},"end":{"line":191,"column":49}}},"20":{"name":"(anonymous_20)","line":197,"loc":{"start":{"line":197,"column":17},"end":{"line":197,"column":29}}},"21":{"name":"(anonymous_21)","line":205,"loc":{"start":{"line":205,"column":17},"end":{"line":205,"column":29}}},"22":{"name":"(anonymous_22)","line":212,"loc":{"start":{"line":212,"column":34},"end":{"line":212,"column":46}}},"23":{"name":"(anonymous_23)","line":217,"loc":{"start":{"line":217,"column":17},"end":{"line":217,"column":29}}},"24":{"name":"(anonymous_24)","line":224,"loc":{"start":{"line":224,"column":45},"end":{"line":224,"column":57}}},"25":{"name":"(anonymous_25)","line":229,"loc":{"start":{"line":229,"column":17},"end":{"line":229,"column":29}}},"26":{"name":"(anonymous_26)","line":243,"loc":{"start":{"line":243,"column":17},"end":{"line":243,"column":29}}},"27":{"name":"(anonymous_27)","line":253,"loc":{"start":{"line":253,"column":17},"end":{"line":253,"column":29}}},"28":{"name":"(anonymous_28)","line":258,"loc":{"start":{"line":258,"column":17},"end":{"line":258,"column":29}}},"29":{"name":"(anonymous_29)","line":263,"loc":{"start":{"line":263,"column":17},"end":{"line":263,"column":29}}},"30":{"name":"(anonymous_30)","line":268,"loc":{"start":{"line":268,"column":17},"end":{"line":268,"column":29}}},"31":{"name":"(anonymous_31)","line":273,"loc":{"start":{"line":273,"column":17},"end":{"line":273,"column":29}}},"32":{"name":"(anonymous_32)","line":278,"loc":{"start":{"line":278,"column":17},"end":{"line":278,"column":29}}},"33":{"name":"(anonymous_33)","line":283,"loc":{"start":{"line":283,"column":17},"end":{"line":283,"column":29}}},"34":{"name":"(anonymous_34)","line":288,"loc":{"start":{"line":288,"column":17},"end":{"line":288,"column":29}}},"35":{"name":"(anonymous_35)","line":292,"loc":{"start":{"line":292,"column":30},"end":{"line":292,"column":43}}},"36":{"name":"(anonymous_36)","line":293,"loc":{"start":{"line":293,"column":32},"end":{"line":293,"column":45}}},"37":{"name":"(anonymous_37)","line":294,"loc":{"start":{"line":294,"column":33},"end":{"line":294,"column":46}}},"38":{"name":"(anonymous_38)","line":295,"loc":{"start":{"line":295,"column":28},"end":{"line":295,"column":41}}},"39":{"name":"(anonymous_39)","line":296,"loc":{"start":{"line":296,"column":31},"end":{"line":296,"column":44}}},"40":{"name":"(anonymous_40)","line":297,"loc":{"start":{"line":297,"column":35},"end":{"line":297,"column":48}}},"41":{"name":"(anonymous_41)","line":298,"loc":{"start":{"line":298,"column":32},"end":{"line":298,"column":49}}},"42":{"name":"(anonymous_42)","line":299,"loc":{"start":{"line":299,"column":33},"end":{"line":299,"column":53}}},"43":{"name":"(anonymous_43)","line":300,"loc":{"start":{"line":300,"column":35},"end":{"line":300,"column":56}}},"44":{"name":"(anonymous_44)","line":311,"loc":{"start":{"line":311,"column":20},"end":{"line":311,"column":38}}},"45":{"name":"Sequence","line":313,"loc":{"start":{"line":313,"column":8},"end":{"line":313,"column":33}}},"46":{"name":"(anonymous_46)","line":317,"loc":{"start":{"line":317,"column":49},"end":{"line":317,"column":66}}},"47":{"name":"(anonymous_47)","line":327,"loc":{"start":{"line":327,"column":17},"end":{"line":327,"column":29}}},"48":{"name":"(anonymous_48)","line":327,"loc":{"start":{"line":327,"column":59},"end":{"line":327,"column":72}}},"49":{"name":"(anonymous_49)","line":331,"loc":{"start":{"line":331,"column":49},"end":{"line":331,"column":61}}},"50":{"name":"(anonymous_50)","line":336,"loc":{"start":{"line":336,"column":18},"end":{"line":336,"column":36}}},"51":{"name":"Choice","line":338,"loc":{"start":{"line":338,"column":8},"end":{"line":338,"column":31}}},"52":{"name":"(anonymous_52)","line":342,"loc":{"start":{"line":342,"column":47},"end":{"line":342,"column":64}}},"53":{"name":"(anonymous_53)","line":352,"loc":{"start":{"line":352,"column":33},"end":{"line":352,"column":50}}},"54":{"name":"(anonymous_54)","line":361,"loc":{"start":{"line":361,"column":17},"end":{"line":361,"column":29}}},"55":{"name":"(anonymous_55)","line":361,"loc":{"start":{"line":361,"column":59},"end":{"line":361,"column":72}}},"56":{"name":"(anonymous_56)","line":365,"loc":{"start":{"line":365,"column":47},"end":{"line":365,"column":59}}},"57":{"name":"(anonymous_57)","line":371,"loc":{"start":{"line":371,"column":23},"end":{"line":371,"column":41}}},"58":{"name":"BoundedRule","line":373,"loc":{"start":{"line":373,"column":8},"end":{"line":373,"column":45}}},"59":{"name":"(anonymous_59)","line":381,"loc":{"start":{"line":381,"column":52},"end":{"line":381,"column":69}}},"60":{"name":"(anonymous_60)","line":402,"loc":{"start":{"line":402,"column":17},"end":{"line":402,"column":29}}},"61":{"name":"(anonymous_61)","line":409,"loc":{"start":{"line":409,"column":52},"end":{"line":409,"column":64}}},"62":{"name":"(anonymous_62)","line":414,"loc":{"start":{"line":414,"column":19},"end":{"line":414,"column":37}}},"63":{"name":"Advance","line":416,"loc":{"start":{"line":416,"column":8},"end":{"line":416,"column":27}}},"64":{"name":"(anonymous_64)","line":420,"loc":{"start":{"line":420,"column":48},"end":{"line":420,"column":65}}},"65":{"name":"(anonymous_65)","line":422,"loc":{"start":{"line":422,"column":17},"end":{"line":422,"column":29}}},"66":{"name":"(anonymous_66)","line":426,"loc":{"start":{"line":426,"column":48},"end":{"line":426,"column":60}}},"67":{"name":"(anonymous_67)","line":431,"loc":{"start":{"line":431,"column":18},"end":{"line":431,"column":36}}},"68":{"name":"Lookup","line":433,"loc":{"start":{"line":433,"column":8},"end":{"line":433,"column":43}}},"69":{"name":"(anonymous_69)","line":439,"loc":{"start":{"line":439,"column":47},"end":{"line":439,"column":64}}},"70":{"name":"(anonymous_70)","line":449,"loc":{"start":{"line":449,"column":17},"end":{"line":449,"column":29}}},"71":{"name":"(anonymous_71)","line":453,"loc":{"start":{"line":453,"column":47},"end":{"line":453,"column":59}}},"72":{"name":"(anonymous_72)","line":458,"loc":{"start":{"line":458,"column":16},"end":{"line":458,"column":34}}},"73":{"name":"Text","line":460,"loc":{"start":{"line":460,"column":8},"end":{"line":460,"column":28}}},"74":{"name":"(anonymous_74)","line":465,"loc":{"start":{"line":465,"column":45},"end":{"line":465,"column":62}}},"75":{"name":"(anonymous_75)","line":474,"loc":{"start":{"line":474,"column":17},"end":{"line":474,"column":29}}},"76":{"name":"(anonymous_76)","line":478,"loc":{"start":{"line":478,"column":45},"end":{"line":478,"column":57}}},"77":{"name":"(anonymous_77)","line":484,"loc":{"start":{"line":484,"column":17},"end":{"line":484,"column":35}}},"78":{"name":"Delay","line":486,"loc":{"start":{"line":486,"column":8},"end":{"line":486,"column":27}}},"79":{"name":"(anonymous_79)","line":491,"loc":{"start":{"line":491,"column":46},"end":{"line":491,"column":63}}},"80":{"name":"(anonymous_80)","line":493,"loc":{"start":{"line":493,"column":17},"end":{"line":493,"column":29}}},"81":{"name":"(anonymous_81)","line":497,"loc":{"start":{"line":497,"column":46},"end":{"line":497,"column":58}}},"82":{"name":"(anonymous_82)","line":504,"loc":{"start":{"line":504,"column":25},"end":{"line":504,"column":43}}},"83":{"name":"PredicateRule","line":506,"loc":{"start":{"line":506,"column":8},"end":{"line":506,"column":33}}},"84":{"name":"(anonymous_84)","line":511,"loc":{"start":{"line":511,"column":40},"end":{"line":511,"column":57}}},"85":{"name":"(anonymous_85)","line":520,"loc":{"start":{"line":520,"column":15},"end":{"line":520,"column":33}}},"86":{"name":"Not","line":522,"loc":{"start":{"line":522,"column":8},"end":{"line":522,"column":27}}},"87":{"name":"(anonymous_87)","line":526,"loc":{"start":{"line":526,"column":30},"end":{"line":526,"column":47}}},"88":{"name":"(anonymous_88)","line":528,"loc":{"start":{"line":528,"column":17},"end":{"line":528,"column":29}}},"89":{"name":"(anonymous_89)","line":532,"loc":{"start":{"line":532,"column":44},"end":{"line":532,"column":56}}},"90":{"name":"(anonymous_90)","line":537,"loc":{"start":{"line":537,"column":14},"end":{"line":537,"column":32}}},"91":{"name":"At","line":539,"loc":{"start":{"line":539,"column":8},"end":{"line":539,"column":26}}},"92":{"name":"(anonymous_92)","line":543,"loc":{"start":{"line":543,"column":29},"end":{"line":543,"column":46}}},"93":{"name":"(anonymous_93)","line":545,"loc":{"start":{"line":545,"column":17},"end":{"line":545,"column":29}}},"94":{"name":"(anonymous_94)","line":549,"loc":{"start":{"line":549,"column":43},"end":{"line":549,"column":55}}},"95":{"name":"(anonymous_95)","line":554,"loc":{"start":{"line":554,"column":21},"end":{"line":554,"column":39}}},"96":{"name":"Predicate","line":556,"loc":{"start":{"line":556,"column":8},"end":{"line":556,"column":31}}},"97":{"name":"(anonymous_97)","line":561,"loc":{"start":{"line":561,"column":36},"end":{"line":561,"column":53}}},"98":{"name":"(anonymous_98)","line":562,"loc":{"start":{"line":562,"column":50},"end":{"line":562,"column":62}}},"99":{"name":"text","line":569,"loc":{"start":{"line":569,"column":4},"end":{"line":569,"column":24}}},"100":{"name":"seq","line":574,"loc":{"start":{"line":574,"column":4},"end":{"line":574,"column":19}}},"101":{"name":"choice","line":583,"loc":{"start":{"line":583,"column":4},"end":{"line":583,"column":22}}},"102":{"name":"delay","line":593,"loc":{"start":{"line":593,"column":4},"end":{"line":593,"column":24}}},"103":{"name":"(anonymous_103)","line":593,"loc":{"start":{"line":593,"column":43},"end":{"line":593,"column":55}}},"104":{"name":"not","line":596,"loc":{"start":{"line":596,"column":4},"end":{"line":596,"column":23}}},"105":{"name":"bounded","line":603,"loc":{"start":{"line":603,"column":4},"end":{"line":603,"column":37}}},"106":{"name":"star","line":611,"loc":{"start":{"line":611,"column":4},"end":{"line":611,"column":24}}},"107":{"name":"plus","line":617,"loc":{"start":{"line":617,"column":4},"end":{"line":617,"column":24}}},"108":{"name":"opt","line":622,"loc":{"start":{"line":622,"column":4},"end":{"line":622,"column":23}}},"109":{"name":"repeat","line":628,"loc":{"start":{"line":628,"column":4},"end":{"line":628,"column":33}}},"110":{"name":"at","line":633,"loc":{"start":{"line":633,"column":4},"end":{"line":633,"column":22}}},"111":{"name":"lookup","line":639,"loc":{"start":{"line":639,"column":4},"end":{"line":639,"column":45}}},"112":{"name":"atChar","line":654,"loc":{"start":{"line":654,"column":4},"end":{"line":654,"column":27}}},"113":{"name":"notAtChar","line":657,"loc":{"start":{"line":657,"column":4},"end":{"line":657,"column":30}}},"114":{"name":"char","line":660,"loc":{"start":{"line":660,"column":4},"end":{"line":660,"column":25}}},"115":{"name":"charExcept","line":663,"loc":{"start":{"line":663,"column":4},"end":{"line":663,"column":31}}},"116":{"name":"inRange","line":666,"loc":{"start":{"line":666,"column":4},"end":{"line":666,"column":48}}},"117":{"name":"range","line":678,"loc":{"start":{"line":678,"column":4},"end":{"line":678,"column":29}}},"118":{"name":"exceptRange","line":680,"loc":{"start":{"line":680,"column":4},"end":{"line":680,"column":35}}},"119":{"name":"delimited","line":684,"loc":{"start":{"line":684,"column":4},"end":{"line":684,"column":40}}},"120":{"name":"except","line":686,"loc":{"start":{"line":686,"column":4},"end":{"line":686,"column":37}}},"121":{"name":"repeatWhileNot","line":688,"loc":{"start":{"line":688,"column":4},"end":{"line":688,"column":45}}},"122":{"name":"repeatUntilPast","line":690,"loc":{"start":{"line":690,"column":4},"end":{"line":690,"column":46}}},"123":{"name":"advanceWhileNot","line":692,"loc":{"start":{"line":692,"column":4},"end":{"line":692,"column":35}}},"124":{"name":"advanceUntilPast","line":694,"loc":{"start":{"line":694,"column":4},"end":{"line":694,"column":36}}},"125":{"name":"predicate","line":698,"loc":{"start":{"line":698,"column":4},"end":{"line":698,"column":27}}},"126":{"name":"action","line":700,"loc":{"start":{"line":700,"column":4},"end":{"line":700,"column":24}}},"127":{"name":"(anonymous_127)","line":700,"loc":{"start":{"line":700,"column":43},"end":{"line":700,"column":60}}},"128":{"name":"err","line":702,"loc":{"start":{"line":702,"column":4},"end":{"line":702,"column":21}}},"129":{"name":"(anonymous_129)","line":702,"loc":{"start":{"line":702,"column":37},"end":{"line":702,"column":50}}},"130":{"name":"log","line":704,"loc":{"start":{"line":704,"column":4},"end":{"line":704,"column":22}}},"131":{"name":"(anonymous_131)","line":706,"loc":{"start":{"line":706,"column":22},"end":{"line":706,"column":35}}},"132":{"name":"assert","line":709,"loc":{"start":{"line":709,"column":4},"end":{"line":709,"column":26}}},"133":{"name":"guardedSeq","line":716,"loc":{"start":{"line":716,"column":4},"end":{"line":716,"column":35}}},"134":{"name":"(anonymous_134)","line":721,"loc":{"start":{"line":721,"column":58},"end":{"line":721,"column":71}}},"135":{"name":"doubleQuoted","line":725,"loc":{"start":{"line":725,"column":4},"end":{"line":725,"column":32}}},"136":{"name":"singleQuoted","line":727,"loc":{"start":{"line":727,"column":4},"end":{"line":727,"column":32}}},"137":{"name":"parenthesized","line":730,"loc":{"start":{"line":730,"column":4},"end":{"line":730,"column":33}}},"138":{"name":"braced","line":732,"loc":{"start":{"line":732,"column":4},"end":{"line":732,"column":26}}},"139":{"name":"bracketed","line":734,"loc":{"start":{"line":734,"column":4},"end":{"line":734,"column":29}}},"140":{"name":"tagged","line":736,"loc":{"start":{"line":736,"column":4},"end":{"line":736,"column":26}}},"141":{"name":"keyword","line":739,"loc":{"start":{"line":739,"column":4},"end":{"line":739,"column":27}}},"142":{"name":"keywords","line":741,"loc":{"start":{"line":741,"column":4},"end":{"line":741,"column":24}}},"143":{"name":"(anonymous_143)","line":751,"loc":{"start":{"line":751,"column":35},"end":{"line":751,"column":52}}},"144":{"name":"(anonymous_144)","line":752,"loc":{"start":{"line":752,"column":36},"end":{"line":752,"column":53}}},"145":{"name":"(anonymous_145)","line":753,"loc":{"start":{"line":753,"column":25},"end":{"line":753,"column":42}}},"146":{"name":"(anonymous_146)","line":754,"loc":{"start":{"line":754,"column":28},"end":{"line":754,"column":45}}},"147":{"name":"grammarRules","line":782,"loc":{"start":{"line":782,"column":4},"end":{"line":782,"column":29}}},"148":{"name":"(anonymous_148)","line":785,"loc":{"start":{"line":785,"column":17},"end":{"line":785,"column":30}}},"149":{"name":"(anonymous_149)","line":786,"loc":{"start":{"line":786,"column":20},"end":{"line":786,"column":33}}},"150":{"name":"grammarToString","line":790,"loc":{"start":{"line":790,"column":4},"end":{"line":790,"column":32}}},"151":{"name":"(anonymous_151)","line":792,"loc":{"start":{"line":792,"column":17},"end":{"line":792,"column":30}}},"152":{"name":"registerGrammar","line":800,"loc":{"start":{"line":800,"column":4},"end":{"line":800,"column":51}}}},"statementMap":{"1":{"start":{"line":4,"column":0},"end":{"line":8,"column":2}},"2":{"start":{"line":5,"column":4},"end":{"line":5,"column":58}},"3":{"start":{"line":5,"column":21},"end":{"line":5,"column":58}},"4":{"start":{"line":5,"column":46},"end":{"line":5,"column":58}},"5":{"start":{"line":6,"column":4},"end":{"line":6,"column":43}},"6":{"start":{"line":6,"column":20},"end":{"line":6,"column":41}},"7":{"start":{"line":7,"column":4},"end":{"line":7,"column":89}},"8":{"start":{"line":14,"column":0},"end":{"line":14,"column":9}},"9":{"start":{"line":15,"column":0},"end":{"line":817,"column":24}},"10":{"start":{"line":19,"column":4},"end":{"line":22,"column":5}},"11":{"start":{"line":20,"column":8},"end":{"line":20,"column":22}},"12":{"start":{"line":21,"column":8},"end":{"line":21,"column":37}},"13":{"start":{"line":23,"column":4},"end":{"line":23,"column":35}},"14":{"start":{"line":26,"column":4},"end":{"line":29,"column":5}},"15":{"start":{"line":27,"column":8},"end":{"line":27,"column":23}},"16":{"start":{"line":28,"column":8},"end":{"line":28,"column":26}},"17":{"start":{"line":30,"column":4},"end":{"line":30,"column":23}},"18":{"start":{"line":38,"column":4},"end":{"line":46,"column":5}},"19":{"start":{"line":39,"column":8},"end":{"line":39,"column":23}},"20":{"start":{"line":40,"column":8},"end":{"line":40,"column":29}},"21":{"start":{"line":41,"column":8},"end":{"line":42,"column":48}},"22":{"start":{"line":42,"column":12},"end":{"line":42,"column":48}},"23":{"start":{"line":43,"column":8},"end":{"line":43,"column":29}},"24":{"start":{"line":44,"column":8},"end":{"line":44,"column":23}},"25":{"start":{"line":45,"column":8},"end":{"line":45,"column":20}},"26":{"start":{"line":47,"column":4},"end":{"line":47,"column":23}},"27":{"start":{"line":51,"column":4},"end":{"line":66,"column":50}},"28":{"start":{"line":53,"column":8},"end":{"line":53,"column":74}},"29":{"start":{"line":55,"column":8},"end":{"line":55,"column":80}},"30":{"start":{"line":57,"column":8},"end":{"line":57,"column":68}},"31":{"start":{"line":59,"column":8},"end":{"line":59,"column":74}},"32":{"start":{"line":61,"column":8},"end":{"line":61,"column":76}},"33":{"start":{"line":63,"column":8},"end":{"line":63,"column":80}},"34":{"start":{"line":65,"column":8},"end":{"line":65,"column":96}},"35":{"start":{"line":67,"column":4},"end":{"line":67,"column":37}},"36":{"start":{"line":71,"column":4},"end":{"line":71,"column":23}},"37":{"start":{"line":73,"column":4},"end":{"line":73,"column":20}},"38":{"start":{"line":75,"column":4},"end":{"line":75,"column":20}},"39":{"start":{"line":76,"column":4},"end":{"line":78,"column":5}},"40":{"start":{"line":77,"column":8},"end":{"line":77,"column":25}},"41":{"start":{"line":80,"column":4},"end":{"line":80,"column":20}},"42":{"start":{"line":82,"column":4},"end":{"line":82,"column":20}},"43":{"start":{"line":84,"column":4},"end":{"line":84,"column":15}},"44":{"start":{"line":86,"column":4},"end":{"line":94,"column":5}},"45":{"start":{"line":87,"column":8},"end":{"line":88,"column":24}},"46":{"start":{"line":88,"column":12},"end":{"line":88,"column":24}},"47":{"start":{"line":89,"column":8},"end":{"line":90,"column":30}},"48":{"start":{"line":90,"column":12},"end":{"line":90,"column":30}},"49":{"start":{"line":91,"column":8},"end":{"line":92,"column":67}},"50":{"start":{"line":92,"column":12},"end":{"line":92,"column":67}},"51":{"start":{"line":93,"column":8},"end":{"line":93,"column":41}},"52":{"start":{"line":95,"column":4},"end":{"line":95,"column":41}},"53":{"start":{"line":99,"column":4},"end":{"line":114,"column":9}},"54":{"start":{"line":100,"column":8},"end":{"line":107,"column":9}},"55":{"start":{"line":101,"column":12},"end":{"line":101,"column":48}},"56":{"start":{"line":101,"column":36},"end":{"line":101,"column":46}},"57":{"start":{"line":102,"column":12},"end":{"line":102,"column":49}},"58":{"start":{"line":102,"column":34},"end":{"line":102,"column":47}},"59":{"start":{"line":103,"column":12},"end":{"line":103,"column":29}},"60":{"start":{"line":104,"column":12},"end":{"line":104,"column":31}},"61":{"start":{"line":105,"column":12},"end":{"line":105,"column":27}},"62":{"start":{"line":106,"column":12},"end":{"line":106,"column":33}},"63":{"start":{"line":108,"column":8},"end":{"line":112,"column":11}},"64":{"start":{"line":109,"column":31},"end":{"line":109,"column":73}},"65":{"start":{"line":113,"column":8},"end":{"line":113,"column":23}},"66":{"start":{"line":115,"column":4},"end":{"line":115,"column":27}},"67":{"start":{"line":122,"column":4},"end":{"line":302,"column":9}},"68":{"start":{"line":124,"column":8},"end":{"line":134,"column":9}},"69":{"start":{"line":125,"column":12},"end":{"line":125,"column":31}},"70":{"start":{"line":127,"column":12},"end":{"line":127,"column":27}},"71":{"start":{"line":129,"column":12},"end":{"line":129,"column":30}},"72":{"start":{"line":131,"column":12},"end":{"line":131,"column":27}},"73":{"start":{"line":133,"column":12},"end":{"line":133,"column":40}},"74":{"start":{"line":136,"column":8},"end":{"line":138,"column":10}},"75":{"start":{"line":137,"column":12},"end":{"line":137,"column":45}},"76":{"start":{"line":140,"column":8},"end":{"line":145,"column":10}},"77":{"start":{"line":142,"column":12},"end":{"line":143,"column":29}},"78":{"start":{"line":143,"column":16},"end":{"line":143,"column":29}},"79":{"start":{"line":144,"column":12},"end":{"line":144,"column":61}},"80":{"start":{"line":148,"column":8},"end":{"line":184,"column":10}},"81":{"start":{"line":150,"column":12},"end":{"line":151,"column":30}},"82":{"start":{"line":151,"column":16},"end":{"line":151,"column":30}},"83":{"start":{"line":153,"column":12},"end":{"line":183,"column":13}},"84":{"start":{"line":155,"column":16},"end":{"line":155,"column":55}},"85":{"start":{"line":159,"column":16},"end":{"line":159,"column":52}},"86":{"start":{"line":161,"column":16},"end":{"line":161,"column":34}},"87":{"start":{"line":163,"column":16},"end":{"line":163,"column":60}},"88":{"start":{"line":165,"column":16},"end":{"line":165,"column":41}},"89":{"start":{"line":166,"column":16},"end":{"line":167,"column":56}},"90":{"start":{"line":167,"column":20},"end":{"line":167,"column":56}},"91":{"start":{"line":169,"column":16},"end":{"line":170,"column":34}},"92":{"start":{"line":170,"column":20},"end":{"line":170,"column":34}},"93":{"start":{"line":172,"column":16},"end":{"line":172,"column":34}},"94":{"start":{"line":175,"column":16},"end":{"line":176,"column":56}},"95":{"start":{"line":176,"column":20},"end":{"line":176,"column":56}},"96":{"start":{"line":177,"column":16},"end":{"line":177,"column":57}},"97":{"start":{"line":178,"column":16},"end":{"line":179,"column":52}},"98":{"start":{"line":179,"column":20},"end":{"line":179,"column":52}},"99":{"start":{"line":180,"column":16},"end":{"line":180,"column":46}},"100":{"start":{"line":182,"column":16},"end":{"line":182,"column":29}},"101":{"start":{"line":186,"column":8},"end":{"line":189,"column":10}},"102":{"start":{"line":187,"column":12},"end":{"line":187,"column":33}},"103":{"start":{"line":188,"column":12},"end":{"line":188,"column":24}},"104":{"start":{"line":191,"column":8},"end":{"line":194,"column":10}},"105":{"start":{"line":192,"column":12},"end":{"line":192,"column":29}},"106":{"start":{"line":193,"column":12},"end":{"line":193,"column":24}},"107":{"start":{"line":195,"column":8},"end":{"line":202,"column":11}},"108":{"start":{"line":198,"column":16},"end":{"line":198,"column":45}},"109":{"start":{"line":203,"column":8},"end":{"line":210,"column":11}},"110":{"start":{"line":206,"column":16},"end":{"line":206,"column":63}},"111":{"start":{"line":212,"column":8},"end":{"line":214,"column":10}},"112":{"start":{"line":213,"column":12},"end":{"line":213,"column":57}},"113":{"start":{"line":215,"column":8},"end":{"line":222,"column":11}},"114":{"start":{"line":218,"column":16},"end":{"line":218,"column":37}},"115":{"start":{"line":224,"column":8},"end":{"line":226,"column":10}},"116":{"start":{"line":225,"column":12},"end":{"line":225,"column":45}},"117":{"start":{"line":227,"column":8},"end":{"line":240,"column":11}},"118":{"start":{"line":230,"column":16},"end":{"line":230,"column":51}},"119":{"start":{"line":231,"column":16},"end":{"line":232,"column":54}},"120":{"start":{"line":232,"column":20},"end":{"line":232,"column":54}},"121":{"start":{"line":233,"column":16},"end":{"line":233,"column":35}},"122":{"start":{"line":234,"column":16},"end":{"line":234,"column":35}},"123":{"start":{"line":235,"column":16},"end":{"line":235,"column":55}},"124":{"start":{"line":236,"column":16},"end":{"line":236,"column":25}},"125":{"start":{"line":241,"column":8},"end":{"line":250,"column":11}},"126":{"start":{"line":244,"column":16},"end":{"line":244,"column":34}},"127":{"start":{"line":245,"column":16},"end":{"line":245,"column":40}},"128":{"start":{"line":246,"column":16},"end":{"line":246,"column":25}},"129":{"start":{"line":251,"column":8},"end":{"line":256,"column":11}},"130":{"start":{"line":253,"column":31},"end":{"line":253,"column":48}},"131":{"start":{"line":257,"column":8},"end":{"line":261,"column":11}},"132":{"start":{"line":258,"column":31},"end":{"line":258,"column":49}},"133":{"start":{"line":262,"column":8},"end":{"line":266,"column":11}},"134":{"start":{"line":263,"column":31},"end":{"line":263,"column":49}},"135":{"start":{"line":267,"column":8},"end":{"line":271,"column":11}},"136":{"start":{"line":268,"column":31},"end":{"line":268,"column":48}},"137":{"start":{"line":272,"column":8},"end":{"line":276,"column":11}},"138":{"start":{"line":273,"column":31},"end":{"line":273,"column":62}},"139":{"start":{"line":277,"column":8},"end":{"line":281,"column":11}},"140":{"start":{"line":278,"column":31},"end":{"line":278,"column":57}},"141":{"start":{"line":282,"column":8},"end":{"line":286,"column":11}},"142":{"start":{"line":283,"column":31},"end":{"line":283,"column":58}},"143":{"start":{"line":287,"column":8},"end":{"line":291,"column":11}},"144":{"start":{"line":288,"column":31},"end":{"line":288,"column":58}},"145":{"start":{"line":292,"column":8},"end":{"line":292,"column":68}},"146":{"start":{"line":292,"column":45},"end":{"line":292,"column":65}},"147":{"start":{"line":293,"column":8},"end":{"line":293,"column":74}},"148":{"start":{"line":293,"column":47},"end":{"line":293,"column":71}},"149":{"start":{"line":294,"column":8},"end":{"line":294,"column":76}},"150":{"start":{"line":294,"column":48},"end":{"line":294,"column":73}},"151":{"start":{"line":295,"column":8},"end":{"line":295,"column":69}},"152":{"start":{"line":295,"column":43},"end":{"line":295,"column":66}},"153":{"start":{"line":296,"column":8},"end":{"line":296,"column":80}},"154":{"start":{"line":296,"column":46},"end":{"line":296,"column":77}},"155":{"start":{"line":297,"column":8},"end":{"line":297,"column":85}},"156":{"start":{"line":297,"column":50},"end":{"line":297,"column":82}},"157":{"start":{"line":298,"column":8},"end":{"line":298,"column":81}},"158":{"start":{"line":298,"column":51},"end":{"line":298,"column":78}},"159":{"start":{"line":299,"column":8},"end":{"line":299,"column":89}},"160":{"start":{"line":299,"column":55},"end":{"line":299,"column":86}},"161":{"start":{"line":300,"column":8},"end":{"line":300,"column":95}},"162":{"start":{"line":300,"column":58},"end":{"line":300,"column":92}},"163":{"start":{"line":301,"column":8},"end":{"line":301,"column":20}},"164":{"start":{"line":303,"column":4},"end":{"line":303,"column":21}},"165":{"start":{"line":311,"column":4},"end":{"line":333,"column":13}},"166":{"start":{"line":312,"column":8},"end":{"line":312,"column":36}},"167":{"start":{"line":313,"column":8},"end":{"line":316,"column":9}},"168":{"start":{"line":314,"column":12},"end":{"line":314,"column":37}},"169":{"start":{"line":315,"column":12},"end":{"line":315,"column":35}},"170":{"start":{"line":317,"column":8},"end":{"line":325,"column":10}},"171":{"start":{"line":318,"column":12},"end":{"line":323,"column":13}},"172":{"start":{"line":319,"column":16},"end":{"line":319,"column":31}},"173":{"start":{"line":320,"column":16},"end":{"line":320,"column":39}},"174":{"start":{"line":321,"column":16},"end":{"line":322,"column":33}},"175":{"start":{"line":322,"column":20},"end":{"line":322,"column":33}},"176":{"start":{"line":324,"column":12},"end":{"line":324,"column":25}},"177":{"start":{"line":326,"column":8},"end":{"line":330,"column":11}},"178":{"start":{"line":327,"column":31},"end":{"line":327,"column":120}},"179":{"start":{"line":327,"column":74},"end":{"line":327,"column":100}},"180":{"start":{"line":331,"column":8},"end":{"line":331,"column":98}},"181":{"start":{"line":331,"column":63},"end":{"line":331,"column":95}},"182":{"start":{"line":332,"column":8},"end":{"line":332,"column":24}},"183":{"start":{"line":334,"column":4},"end":{"line":334,"column":29}},"184":{"start":{"line":336,"column":4},"end":{"line":367,"column":13}},"185":{"start":{"line":337,"column":8},"end":{"line":337,"column":34}},"186":{"start":{"line":338,"column":8},"end":{"line":341,"column":9}},"187":{"start":{"line":339,"column":12},"end":{"line":339,"column":37}},"188":{"start":{"line":340,"column":12},"end":{"line":340,"column":33}},"189":{"start":{"line":342,"column":8},"end":{"line":351,"column":10}},"190":{"start":{"line":343,"column":12},"end":{"line":349,"column":13}},"191":{"start":{"line":344,"column":16},"end":{"line":344,"column":31}},"192":{"start":{"line":345,"column":16},"end":{"line":345,"column":44}},"193":{"start":{"line":346,"column":16},"end":{"line":347,"column":29}},"194":{"start":{"line":347,"column":20},"end":{"line":347,"column":29}},"195":{"start":{"line":348,"column":16},"end":{"line":348,"column":30}},"196":{"start":{"line":350,"column":12},"end":{"line":350,"column":26}},"197":{"start":{"line":352,"column":8},"end":{"line":359,"column":10}},"198":{"start":{"line":353,"column":12},"end":{"line":357,"column":13}},"199":{"start":{"line":354,"column":16},"end":{"line":354,"column":31}},"200":{"start":{"line":355,"column":16},"end":{"line":356,"column":32}},"201":{"start":{"line":356,"column":20},"end":{"line":356,"column":32}},"202":{"start":{"line":358,"column":12},"end":{"line":358,"column":25}},"203":{"start":{"line":360,"column":8},"end":{"line":364,"column":11}},"204":{"start":{"line":361,"column":31},"end":{"line":361,"column":122}},"205":{"start":{"line":361,"column":74},"end":{"line":361,"column":100}},"206":{"start":{"line":365,"column":8},"end":{"line":365,"column":94}},"207":{"start":{"line":365,"column":61},"end":{"line":365,"column":91}},"208":{"start":{"line":366,"column":8},"end":{"line":366,"column":22}},"209":{"start":{"line":368,"column":4},"end":{"line":368,"column":25}},"210":{"start":{"line":371,"column":4},"end":{"line":411,"column":13}},"211":{"start":{"line":372,"column":8},"end":{"line":372,"column":39}},"212":{"start":{"line":373,"column":8},"end":{"line":380,"column":9}},"213":{"start":{"line":374,"column":12},"end":{"line":374,"column":44}},"214":{"start":{"line":374,"column":34},"end":{"line":374,"column":42}},"215":{"start":{"line":375,"column":12},"end":{"line":375,"column":45}},"216":{"start":{"line":375,"column":34},"end":{"line":375,"column":43}},"217":{"start":{"line":376,"column":12},"end":{"line":376,"column":38}},"218":{"start":{"line":377,"column":12},"end":{"line":377,"column":27}},"219":{"start":{"line":378,"column":12},"end":{"line":378,"column":27}},"220":{"start":{"line":379,"column":12},"end":{"line":379,"column":34}},"221":{"start":{"line":381,"column":8},"end":{"line":400,"column":10}},"222":{"start":{"line":382,"column":12},"end":{"line":382,"column":31}},"223":{"start":{"line":384,"column":12},"end":{"line":398,"column":13}},"224":{"start":{"line":385,"column":16},"end":{"line":385,"column":56}},"225":{"start":{"line":388,"column":16},"end":{"line":389,"column":61}},"226":{"start":{"line":389,"column":20},"end":{"line":389,"column":61}},"227":{"start":{"line":391,"column":16},"end":{"line":393,"column":57}},"228":{"start":{"line":392,"column":20},"end":{"line":393,"column":57}},"229":{"start":{"line":393,"column":24},"end":{"line":393,"column":57}},"230":{"start":{"line":395,"column":16},"end":{"line":396,"column":34}},"231":{"start":{"line":396,"column":20},"end":{"line":396,"column":34}},"232":{"start":{"line":397,"column":16},"end":{"line":397,"column":29}},"233":{"start":{"line":399,"column":12},"end":{"line":399,"column":26}},"234":{"start":{"line":401,"column":8},"end":{"line":408,"column":11}},"235":{"start":{"line":403,"column":16},"end":{"line":404,"column":76}},"236":{"start":{"line":409,"column":8},"end":{"line":409,"column":129}},"237":{"start":{"line":409,"column":66},"end":{"line":409,"column":126}},"238":{"start":{"line":410,"column":8},"end":{"line":410,"column":27}},"239":{"start":{"line":412,"column":4},"end":{"line":412,"column":35}},"240":{"start":{"line":414,"column":4},"end":{"line":428,"column":13}},"241":{"start":{"line":415,"column":8},"end":{"line":415,"column":35}},"242":{"start":{"line":416,"column":8},"end":{"line":419,"column":9}},"243":{"start":{"line":417,"column":12},"end":{"line":417,"column":34}},"244":{"start":{"line":418,"column":12},"end":{"line":418,"column":34}},"245":{"start":{"line":420,"column":8},"end":{"line":420,"column":120}},"246":{"start":{"line":420,"column":67},"end":{"line":420,"column":117}},"247":{"start":{"line":421,"column":8},"end":{"line":425,"column":11}},"248":{"start":{"line":422,"column":31},"end":{"line":422,"column":42}},"249":{"start":{"line":426,"column":8},"end":{"line":426,"column":86}},"250":{"start":{"line":426,"column":62},"end":{"line":426,"column":83}},"251":{"start":{"line":427,"column":8},"end":{"line":427,"column":23}},"252":{"start":{"line":429,"column":4},"end":{"line":429,"column":27}},"253":{"start":{"line":431,"column":4},"end":{"line":455,"column":13}},"254":{"start":{"line":432,"column":8},"end":{"line":432,"column":34}},"255":{"start":{"line":433,"column":8},"end":{"line":438,"column":9}},"256":{"start":{"line":434,"column":12},"end":{"line":434,"column":34}},"257":{"start":{"line":435,"column":12},"end":{"line":435,"column":33}},"258":{"start":{"line":436,"column":12},"end":{"line":436,"column":39}},"259":{"start":{"line":437,"column":12},"end":{"line":437,"column":33}},"260":{"start":{"line":439,"column":8},"end":{"line":447,"column":10}},"261":{"start":{"line":440,"column":12},"end":{"line":441,"column":30}},"262":{"start":{"line":441,"column":16},"end":{"line":441,"column":30}},"263":{"start":{"line":442,"column":12},"end":{"line":442,"column":36}},"264":{"start":{"line":443,"column":12},"end":{"line":443,"column":37}},"265":{"start":{"line":444,"column":12},"end":{"line":445,"column":38}},"266":{"start":{"line":445,"column":16},"end":{"line":445,"column":38}},"267":{"start":{"line":446,"column":12},"end":{"line":446,"column":47}},"268":{"start":{"line":448,"column":8},"end":{"line":452,"column":11}},"269":{"start":{"line":449,"column":31},"end":{"line":449,"column":50}},"270":{"start":{"line":453,"column":8},"end":{"line":453,"column":111}},"271":{"start":{"line":453,"column":61},"end":{"line":453,"column":108}},"272":{"start":{"line":454,"column":8},"end":{"line":454,"column":22}},"273":{"start":{"line":456,"column":4},"end":{"line":456,"column":25}},"274":{"start":{"line":458,"column":4},"end":{"line":480,"column":13}},"275":{"start":{"line":459,"column":8},"end":{"line":459,"column":32}},"276":{"start":{"line":460,"column":8},"end":{"line":464,"column":9}},"277":{"start":{"line":461,"column":12},"end":{"line":461,"column":34}},"278":{"start":{"line":462,"column":12},"end":{"line":462,"column":29}},"279":{"start":{"line":463,"column":12},"end":{"line":463,"column":31}},"280":{"start":{"line":465,"column":8},"end":{"line":472,"column":10}},"281":{"start":{"line":466,"column":12},"end":{"line":467,"column":30}},"282":{"start":{"line":467,"column":16},"end":{"line":467,"column":30}},"283":{"start":{"line":468,"column":12},"end":{"line":470,"column":34}},"284":{"start":{"line":469,"column":16},"end":{"line":470,"column":34}},"285":{"start":{"line":470,"column":20},"end":{"line":470,"column":34}},"286":{"start":{"line":471,"column":12},"end":{"line":471,"column":44}},"287":{"start":{"line":473,"column":8},"end":{"line":477,"column":11}},"288":{"start":{"line":474,"column":31},"end":{"line":474,"column":60}},"289":{"start":{"line":478,"column":8},"end":{"line":478,"column":89}},"290":{"start":{"line":478,"column":59},"end":{"line":478,"column":86}},"291":{"start":{"line":479,"column":8},"end":{"line":479,"column":20}},"292":{"start":{"line":481,"column":4},"end":{"line":481,"column":21}},"293":{"start":{"line":484,"column":4},"end":{"line":499,"column":13}},"294":{"start":{"line":485,"column":8},"end":{"line":485,"column":33}},"295":{"start":{"line":486,"column":8},"end":{"line":490,"column":9}},"296":{"start":{"line":487,"column":12},"end":{"line":487,"column":34}},"297":{"start":{"line":488,"column":12},"end":{"line":488,"column":25}},"298":{"start":{"line":489,"column":12},"end":{"line":489,"column":32}},"299":{"start":{"line":491,"column":8},"end":{"line":491,"column":98}},"300":{"start":{"line":491,"column":65},"end":{"line":491,"column":95}},"301":{"start":{"line":492,"column":8},"end":{"line":496,"column":11}},"302":{"start":{"line":493,"column":31},"end":{"line":493,"column":59}},"303":{"start":{"line":497,"column":8},"end":{"line":497,"column":89}},"304":{"start":{"line":497,"column":60},"end":{"line":497,"column":86}},"305":{"start":{"line":498,"column":8},"end":{"line":498,"column":21}},"306":{"start":{"line":500,"column":4},"end":{"line":500,"column":23}},"307":{"start":{"line":504,"column":4},"end":{"line":517,"column":13}},"308":{"start":{"line":505,"column":8},"end":{"line":505,"column":41}},"309":{"start":{"line":506,"column":8},"end":{"line":508,"column":9}},"310":{"start":{"line":507,"column":12},"end":{"line":507,"column":42}},"311":{"start":{"line":511,"column":8},"end":{"line":515,"column":10}},"312":{"start":{"line":512,"column":12},"end":{"line":513,"column":30}},"313":{"start":{"line":513,"column":16},"end":{"line":513,"column":30}},"314":{"start":{"line":514,"column":12},"end":{"line":514,"column":25}},"315":{"start":{"line":516,"column":8},"end":{"line":516,"column":29}},"316":{"start":{"line":518,"column":4},"end":{"line":518,"column":39}},"317":{"start":{"line":520,"column":4},"end":{"line":534,"column":22}},"318":{"start":{"line":521,"column":8},"end":{"line":521,"column":31}},"319":{"start":{"line":522,"column":8},"end":{"line":525,"column":9}},"320":{"start":{"line":523,"column":12},"end":{"line":523,"column":38}},"321":{"start":{"line":524,"column":12},"end":{"line":524,"column":30}},"322":{"start":{"line":526,"column":8},"end":{"line":526,"column":89}},"323":{"start":{"line":526,"column":49},"end":{"line":526,"column":86}},"324":{"start":{"line":527,"column":8},"end":{"line":531,"column":11}},"325":{"start":{"line":528,"column":31},"end":{"line":528,"column":77}},"326":{"start":{"line":532,"column":8},"end":{"line":532,"column":93}},"327":{"start":{"line":532,"column":58},"end":{"line":532,"column":90}},"328":{"start":{"line":533,"column":8},"end":{"line":533,"column":19}},"329":{"start":{"line":535,"column":4},"end":{"line":535,"column":19}},"330":{"start":{"line":537,"column":4},"end":{"line":551,"column":22}},"331":{"start":{"line":538,"column":8},"end":{"line":538,"column":30}},"332":{"start":{"line":539,"column":8},"end":{"line":542,"column":9}},"333":{"start":{"line":540,"column":12},"end":{"line":540,"column":38}},"334":{"start":{"line":541,"column":12},"end":{"line":541,"column":29}},"335":{"start":{"line":543,"column":8},"end":{"line":543,"column":87}},"336":{"start":{"line":543,"column":48},"end":{"line":543,"column":84}},"337":{"start":{"line":544,"column":8},"end":{"line":548,"column":11}},"338":{"start":{"line":545,"column":31},"end":{"line":545,"column":77}},"339":{"start":{"line":549,"column":8},"end":{"line":549,"column":91}},"340":{"start":{"line":549,"column":57},"end":{"line":549,"column":88}},"341":{"start":{"line":550,"column":8},"end":{"line":550,"column":18}},"342":{"start":{"line":552,"column":4},"end":{"line":552,"column":17}},"343":{"start":{"line":554,"column":4},"end":{"line":564,"column":22}},"344":{"start":{"line":555,"column":8},"end":{"line":555,"column":37}},"345":{"start":{"line":556,"column":8},"end":{"line":560,"column":9}},"346":{"start":{"line":557,"column":12},"end":{"line":557,"column":34}},"347":{"start":{"line":558,"column":12},"end":{"line":558,"column":25}},"348":{"start":{"line":559,"column":12},"end":{"line":559,"column":36}},"349":{"start":{"line":561,"column":8},"end":{"line":561,"column":80}},"350":{"start":{"line":561,"column":55},"end":{"line":561,"column":77}},"351":{"start":{"line":562,"column":8},"end":{"line":562,"column":97}},"352":{"start":{"line":562,"column":64},"end":{"line":562,"column":94}},"353":{"start":{"line":563,"column":8},"end":{"line":563,"column":25}},"354":{"start":{"line":565,"column":4},"end":{"line":565,"column":31}},"355":{"start":{"line":569,"column":4},"end":{"line":571,"column":5}},"356":{"start":{"line":570,"column":8},"end":{"line":570,"column":30}},"357":{"start":{"line":572,"column":4},"end":{"line":572,"column":21}},"358":{"start":{"line":574,"column":4},"end":{"line":580,"column":5}},"359":{"start":{"line":575,"column":8},"end":{"line":575,"column":23}},"360":{"start":{"line":576,"column":8},"end":{"line":578,"column":9}},"361":{"start":{"line":577,"column":12},"end":{"line":577,"column":42}},"362":{"start":{"line":579,"column":8},"end":{"line":579,"column":55}},"363":{"start":{"line":581,"column":4},"end":{"line":581,"column":19}},"364":{"start":{"line":583,"column":4},"end":{"line":589,"column":5}},"365":{"start":{"line":584,"column":8},"end":{"line":584,"column":23}},"366":{"start":{"line":585,"column":8},"end":{"line":587,"column":9}},"367":{"start":{"line":586,"column":12},"end":{"line":586,"column":42}},"368":{"start":{"line":588,"column":8},"end":{"line":588,"column":53}},"369":{"start":{"line":590,"column":4},"end":{"line":590,"column":25}},"370":{"start":{"line":593,"column":4},"end":{"line":593,"column":92}},"371":{"start":{"line":593,"column":26},"end":{"line":593,"column":90}},"372":{"start":{"line":593,"column":57},"end":{"line":593,"column":86}},"373":{"start":{"line":594,"column":4},"end":{"line":594,"column":23}},"374":{"start":{"line":596,"column":4},"end":{"line":598,"column":5}},"375":{"start":{"line":597,"column":8},"end":{"line":597,"column":45}},"376":{"start":{"line":599,"column":4},"end":{"line":599,"column":19}},"377":{"start":{"line":603,"column":4},"end":{"line":607,"column":5}},"378":{"start":{"line":604,"column":8},"end":{"line":604,"column":40}},"379":{"start":{"line":604,"column":30},"end":{"line":604,"column":38}},"380":{"start":{"line":605,"column":8},"end":{"line":605,"column":41}},"381":{"start":{"line":605,"column":30},"end":{"line":605,"column":39}},"382":{"start":{"line":606,"column":8},"end":{"line":606,"column":63}},"383":{"start":{"line":608,"column":4},"end":{"line":608,"column":27}},"384":{"start":{"line":611,"column":4},"end":{"line":613,"column":5}},"385":{"start":{"line":612,"column":8},"end":{"line":612,"column":45}},"386":{"start":{"line":614,"column":4},"end":{"line":614,"column":21}},"387":{"start":{"line":617,"column":4},"end":{"line":619,"column":5}},"388":{"start":{"line":618,"column":8},"end":{"line":618,"column":48}},"389":{"start":{"line":620,"column":4},"end":{"line":620,"column":21}},"390":{"start":{"line":622,"column":4},"end":{"line":624,"column":5}},"391":{"start":{"line":623,"column":8},"end":{"line":623,"column":50}},"392":{"start":{"line":625,"column":4},"end":{"line":625,"column":19}},"393":{"start":{"line":628,"column":4},"end":{"line":630,"column":5}},"394":{"start":{"line":629,"column":8},"end":{"line":629,"column":61}},"395":{"start":{"line":631,"column":4},"end":{"line":631,"column":25}},"396":{"start":{"line":633,"column":4},"end":{"line":635,"column":5}},"397":{"start":{"line":634,"column":8},"end":{"line":634,"column":44}},"398":{"start":{"line":636,"column":4},"end":{"line":636,"column":17}},"399":{"start":{"line":639,"column":4},"end":{"line":650,"column":5}},"400":{"start":{"line":640,"column":8},"end":{"line":640,"column":56}},"401":{"start":{"line":640,"column":36},"end":{"line":640,"column":54}},"402":{"start":{"line":641,"column":8},"end":{"line":641,"column":19}},"403":{"start":{"line":642,"column":8},"end":{"line":642,"column":37}},"404":{"start":{"line":643,"column":8},"end":{"line":648,"column":9}},"405":{"start":{"line":644,"column":12},"end":{"line":644,"column":33}},"406":{"start":{"line":645,"column":12},"end":{"line":646,"column":60}},"407":{"start":{"line":646,"column":16},"end":{"line":646,"column":60}},"408":{"start":{"line":647,"column":12},"end":{"line":647,"column":21}},"409":{"start":{"line":649,"column":8},"end":{"line":649,"column":56}},"410":{"start":{"line":651,"column":4},"end":{"line":651,"column":25}},"411":{"start":{"line":654,"column":4},"end":{"line":654,"column":82}},"412":{"start":{"line":654,"column":29},"end":{"line":654,"column":80}},"413":{"start":{"line":655,"column":4},"end":{"line":655,"column":25}},"414":{"start":{"line":657,"column":4},"end":{"line":657,"column":106}},"415":{"start":{"line":657,"column":32},"end":{"line":657,"column":104}},"416":{"start":{"line":658,"column":4},"end":{"line":658,"column":31}},"417":{"start":{"line":660,"column":4},"end":{"line":660,"column":74}},"418":{"start":{"line":660,"column":27},"end":{"line":660,"column":72}},"419":{"start":{"line":661,"column":4},"end":{"line":661,"column":21}},"420":{"start":{"line":663,"column":4},"end":{"line":663,"column":101}},"421":{"start":{"line":663,"column":33},"end":{"line":663,"column":99}},"422":{"start":{"line":664,"column":4},"end":{"line":664,"column":33}},"423":{"start":{"line":666,"column":4},"end":{"line":676,"column":5}},"424":{"start":{"line":667,"column":8},"end":{"line":667,"column":56}},"425":{"start":{"line":667,"column":36},"end":{"line":667,"column":54}},"426":{"start":{"line":668,"column":8},"end":{"line":669,"column":48}},"427":{"start":{"line":669,"column":12},"end":{"line":669,"column":48}},"428":{"start":{"line":670,"column":8},"end":{"line":670,"column":40}},"429":{"start":{"line":671,"column":8},"end":{"line":671,"column":40}},"430":{"start":{"line":672,"column":8},"end":{"line":672,"column":24}},"431":{"start":{"line":673,"column":8},"end":{"line":674,"column":48}},"432":{"start":{"line":674,"column":12},"end":{"line":674,"column":48}},"433":{"start":{"line":675,"column":8},"end":{"line":675,"column":47}},"434":{"start":{"line":677,"column":4},"end":{"line":677,"column":27}},"435":{"start":{"line":678,"column":4},"end":{"line":678,"column":72}},"436":{"start":{"line":678,"column":31},"end":{"line":678,"column":70}},"437":{"start":{"line":679,"column":4},"end":{"line":679,"column":23}},"438":{"start":{"line":680,"column":4},"end":{"line":680,"column":99}},"439":{"start":{"line":680,"column":37},"end":{"line":680,"column":97}},"440":{"start":{"line":681,"column":4},"end":{"line":681,"column":35}},"441":{"start":{"line":684,"column":4},"end":{"line":684,"column":119}},"442":{"start":{"line":684,"column":42},"end":{"line":684,"column":117}},"443":{"start":{"line":685,"column":4},"end":{"line":685,"column":31}},"444":{"start":{"line":686,"column":4},"end":{"line":686,"column":92}},"445":{"start":{"line":686,"column":39},"end":{"line":686,"column":90}},"446":{"start":{"line":687,"column":4},"end":{"line":687,"column":25}},"447":{"start":{"line":688,"column":4},"end":{"line":688,"column":106}},"448":{"start":{"line":688,"column":47},"end":{"line":688,"column":104}},"449":{"start":{"line":689,"column":4},"end":{"line":689,"column":41}},"450":{"start":{"line":690,"column":4},"end":{"line":690,"column":132}},"451":{"start":{"line":690,"column":48},"end":{"line":690,"column":130}},"452":{"start":{"line":691,"column":4},"end":{"line":691,"column":43}},"453":{"start":{"line":692,"column":4},"end":{"line":692,"column":96}},"454":{"start":{"line":692,"column":37},"end":{"line":692,"column":94}},"455":{"start":{"line":693,"column":4},"end":{"line":693,"column":43}},"456":{"start":{"line":694,"column":4},"end":{"line":694,"column":108}},"457":{"start":{"line":694,"column":38},"end":{"line":694,"column":106}},"458":{"start":{"line":695,"column":4},"end":{"line":695,"column":45}},"459":{"start":{"line":698,"column":4},"end":{"line":698,"column":56}},"460":{"start":{"line":698,"column":29},"end":{"line":698,"column":54}},"461":{"start":{"line":699,"column":4},"end":{"line":699,"column":31}},"462":{"start":{"line":700,"column":4},"end":{"line":700,"column":109}},"463":{"start":{"line":700,"column":26},"end":{"line":700,"column":107}},"464":{"start":{"line":700,"column":62},"end":{"line":700,"column":72}},"465":{"start":{"line":700,"column":73},"end":{"line":700,"column":85}},"466":{"start":{"line":701,"column":4},"end":{"line":701,"column":25}},"467":{"start":{"line":702,"column":4},"end":{"line":702,"column":101}},"468":{"start":{"line":702,"column":23},"end":{"line":702,"column":99}},"469":{"start":{"line":702,"column":52},"end":{"line":702,"column":68}},"470":{"start":{"line":702,"column":69},"end":{"line":702,"column":80}},"471":{"start":{"line":703,"column":4},"end":{"line":703,"column":19}},"472":{"start":{"line":704,"column":4},"end":{"line":707,"column":5}},"473":{"start":{"line":705,"column":8},"end":{"line":705,"column":41}},"474":{"start":{"line":705,"column":30},"end":{"line":705,"column":39}},"475":{"start":{"line":706,"column":8},"end":{"line":706,"column":73}},"476":{"start":{"line":706,"column":37},"end":{"line":706,"column":54}},"477":{"start":{"line":708,"column":4},"end":{"line":708,"column":19}},"478":{"start":{"line":709,"column":4},"end":{"line":709,"column":105}},"479":{"start":{"line":709,"column":28},"end":{"line":709,"column":103}},"480":{"start":{"line":710,"column":4},"end":{"line":710,"column":25}},"481":{"start":{"line":716,"column":4},"end":{"line":722,"column":5}},"482":{"start":{"line":717,"column":8},"end":{"line":717,"column":23}},"483":{"start":{"line":718,"column":8},"end":{"line":720,"column":9}},"484":{"start":{"line":719,"column":12},"end":{"line":719,"column":42}},"485":{"start":{"line":721,"column":8},"end":{"line":721,"column":118}},"486":{"start":{"line":721,"column":73},"end":{"line":721,"column":90}},"487":{"start":{"line":723,"column":4},"end":{"line":723,"column":33}},"488":{"start":{"line":725,"column":4},"end":{"line":725,"column":96}},"489":{"start":{"line":725,"column":34},"end":{"line":725,"column":94}},"490":{"start":{"line":726,"column":4},"end":{"line":726,"column":37}},"491":{"start":{"line":727,"column":4},"end":{"line":727,"column":94}},"492":{"start":{"line":727,"column":34},"end":{"line":727,"column":92}},"493":{"start":{"line":728,"column":4},"end":{"line":728,"column":37}},"494":{"start":{"line":730,"column":4},"end":{"line":730,"column":114}},"495":{"start":{"line":730,"column":35},"end":{"line":730,"column":112}},"496":{"start":{"line":731,"column":4},"end":{"line":731,"column":39}},"497":{"start":{"line":732,"column":4},"end":{"line":732,"column":100}},"498":{"start":{"line":732,"column":28},"end":{"line":732,"column":98}},"499":{"start":{"line":733,"column":4},"end":{"line":733,"column":25}},"500":{"start":{"line":734,"column":4},"end":{"line":734,"column":106}},"501":{"start":{"line":734,"column":31},"end":{"line":734,"column":104}},"502":{"start":{"line":735,"column":4},"end":{"line":735,"column":31}},"503":{"start":{"line":736,"column":4},"end":{"line":736,"column":100}},"504":{"start":{"line":736,"column":28},"end":{"line":736,"column":98}},"505":{"start":{"line":737,"column":4},"end":{"line":737,"column":25}},"506":{"start":{"line":739,"column":4},"end":{"line":739,"column":93}},"507":{"start":{"line":739,"column":29},"end":{"line":739,"column":91}},"508":{"start":{"line":740,"column":4},"end":{"line":740,"column":27}},"509":{"start":{"line":741,"column":4},"end":{"line":747,"column":5}},"510":{"start":{"line":742,"column":8},"end":{"line":742,"column":23}},"511":{"start":{"line":743,"column":8},"end":{"line":745,"column":9}},"512":{"start":{"line":744,"column":12},"end":{"line":744,"column":42}},"513":{"start":{"line":746,"column":8},"end":{"line":746,"column":56}},"514":{"start":{"line":748,"column":4},"end":{"line":748,"column":29}},"515":{"start":{"line":751,"column":4},"end":{"line":751,"column":70}},"516":{"start":{"line":751,"column":54},"end":{"line":751,"column":66}},"517":{"start":{"line":752,"column":4},"end":{"line":752,"column":72}},"518":{"start":{"line":752,"column":55},"end":{"line":752,"column":68}},"519":{"start":{"line":753,"column":4},"end":{"line":753,"column":78}},"520":{"start":{"line":753,"column":44},"end":{"line":753,"column":74}},"521":{"start":{"line":754,"column":4},"end":{"line":754,"column":80}},"522":{"start":{"line":754,"column":47},"end":{"line":754,"column":76}},"523":{"start":{"line":755,"column":4},"end":{"line":755,"column":33}},"524":{"start":{"line":756,"column":4},"end":{"line":756,"column":33}},"525":{"start":{"line":757,"column":4},"end":{"line":757,"column":39}},"526":{"start":{"line":758,"column":4},"end":{"line":758,"column":39}},"527":{"start":{"line":759,"column":4},"end":{"line":759,"column":61}},"528":{"start":{"line":760,"column":4},"end":{"line":760,"column":33}},"529":{"start":{"line":761,"column":4},"end":{"line":761,"column":40}},"530":{"start":{"line":762,"column":4},"end":{"line":762,"column":72}},"531":{"start":{"line":763,"column":4},"end":{"line":763,"column":73}},"532":{"start":{"line":764,"column":4},"end":{"line":764,"column":40}},"533":{"start":{"line":765,"column":4},"end":{"line":765,"column":38}},"534":{"start":{"line":766,"column":4},"end":{"line":766,"column":56}},"535":{"start":{"line":767,"column":4},"end":{"line":767,"column":32}},"536":{"start":{"line":768,"column":4},"end":{"line":768,"column":64}},"537":{"start":{"line":769,"column":4},"end":{"line":769,"column":69}},"538":{"start":{"line":770,"column":4},"end":{"line":770,"column":74}},"539":{"start":{"line":771,"column":4},"end":{"line":771,"column":28}},"540":{"start":{"line":772,"column":4},"end":{"line":772,"column":29}},"541":{"start":{"line":773,"column":4},"end":{"line":773,"column":43}},"542":{"start":{"line":774,"column":4},"end":{"line":774,"column":27}},"543":{"start":{"line":775,"column":4},"end":{"line":775,"column":26}},"544":{"start":{"line":776,"column":4},"end":{"line":776,"column":35}},"545":{"start":{"line":782,"column":4},"end":{"line":787,"column":5}},"546":{"start":{"line":783,"column":8},"end":{"line":786,"column":64}},"547":{"start":{"line":785,"column":32},"end":{"line":785,"column":44}},"548":{"start":{"line":786,"column":35},"end":{"line":786,"column":60}},"549":{"start":{"line":788,"column":4},"end":{"line":788,"column":37}},"550":{"start":{"line":790,"column":4},"end":{"line":794,"column":5}},"551":{"start":{"line":791,"column":8},"end":{"line":793,"column":24}},"552":{"start":{"line":792,"column":32},"end":{"line":792,"column":52}},"553":{"start":{"line":795,"column":4},"end":{"line":795,"column":43}},"554":{"start":{"line":800,"column":4},"end":{"line":810,"column":5}},"555":{"start":{"line":801,"column":8},"end":{"line":808,"column":9}},"556":{"start":{"line":802,"column":12},"end":{"line":807,"column":13}},"557":{"start":{"line":803,"column":16},"end":{"line":803,"column":53}},"558":{"start":{"line":804,"column":16},"end":{"line":804,"column":38}},"559":{"start":{"line":805,"column":16},"end":{"line":805,"column":39}},"560":{"start":{"line":806,"column":16},"end":{"line":806,"column":44}},"561":{"start":{"line":809,"column":8},"end":{"line":809,"column":45}},"562":{"start":{"line":811,"column":4},"end":{"line":811,"column":43}},"563":{"start":{"line":816,"column":4},"end":{"line":816,"column":34}},"564":{"start":{"line":818,"column":0},"end":{"line":819,"column":31}},"565":{"start":{"line":819,"column":4},"end":{"line":819,"column":31}}},"branchMap":{"1":{"line":4,"type":"binary-expr","locations":[{"start":{"line":4,"column":17},"end":{"line":4,"column":21}},{"start":{"line":4,"column":25},"end":{"line":4,"column":39}},{"start":{"line":4,"column":44},"end":{"line":8,"column":1}}]},"2":{"line":5,"type":"if","locations":[{"start":{"line":5,"column":21},"end":{"line":5,"column":21}},{"start":{"line":5,"column":21},"end":{"line":5,"column":21}}]},"3":{"line":7,"type":"cond-expr","locations":[{"start":{"line":7,"column":31},"end":{"line":7,"column":47}},{"start":{"line":7,"column":51},"end":{"line":7,"column":87}}]},"4":{"line":41,"type":"if","locations":[{"start":{"line":41,"column":8},"end":{"line":41,"column":8}},{"start":{"line":41,"column":8},"end":{"line":41,"column":8}}]},"5":{"line":66,"type":"binary-expr","locations":[{"start":{"line":66,"column":7},"end":{"line":66,"column":22}},{"start":{"line":66,"column":27},"end":{"line":66,"column":47}}]},"6":{"line":87,"type":"if","locations":[{"start":{"line":87,"column":8},"end":{"line":87,"column":8}},{"start":{"line":87,"column":8},"end":{"line":87,"column":8}}]},"7":{"line":89,"type":"if","locations":[{"start":{"line":89,"column":8},"end":{"line":89,"column":8}},{"start":{"line":89,"column":8},"end":{"line":89,"column":8}}]},"8":{"line":91,"type":"if","locations":[{"start":{"line":91,"column":8},"end":{"line":91,"column":8}},{"start":{"line":91,"column":8},"end":{"line":91,"column":8}}]},"9":{"line":92,"type":"cond-expr","locations":[{"start":{"line":92,"column":26},"end":{"line":92,"column":44}},{"start":{"line":92,"column":47},"end":{"line":92,"column":66}}]},"10":{"line":101,"type":"if","locations":[{"start":{"line":101,"column":12},"end":{"line":101,"column":12}},{"start":{"line":101,"column":12},"end":{"line":101,"column":12}}]},"11":{"line":102,"type":"if","locations":[{"start":{"line":102,"column":12},"end":{"line":102,"column":12}},{"start":{"line":102,"column":12},"end":{"line":102,"column":12}}]},"12":{"line":142,"type":"if","locations":[{"start":{"line":142,"column":12},"end":{"line":142,"column":12}},{"start":{"line":142,"column":12},"end":{"line":142,"column":12}}]},"13":{"line":142,"type":"binary-expr","locations":[{"start":{"line":142,"column":16},"end":{"line":142,"column":25}},{"start":{"line":142,"column":29},"end":{"line":142,"column":50}}]},"14":{"line":150,"type":"if","locations":[{"start":{"line":150,"column":12},"end":{"line":150,"column":12}},{"start":{"line":150,"column":12},"end":{"line":150,"column":12}}]},"15":{"line":150,"type":"binary-expr","locations":[{"start":{"line":150,"column":16},"end":{"line":150,"column":25}},{"start":{"line":150,"column":29},"end":{"line":150,"column":50}}]},"16":{"line":153,"type":"if","locations":[{"start":{"line":153,"column":12},"end":{"line":153,"column":12}},{"start":{"line":153,"column":12},"end":{"line":153,"column":12}}]},"17":{"line":166,"type":"if","locations":[{"start":{"line":166,"column":16},"end":{"line":166,"column":16}},{"start":{"line":166,"column":16},"end":{"line":166,"column":16}}]},"18":{"line":169,"type":"if","locations":[{"start":{"line":169,"column":16},"end":{"line":169,"column":16}},{"start":{"line":169,"column":16},"end":{"line":169,"column":16}}]},"19":{"line":175,"type":"if","locations":[{"start":{"line":175,"column":16},"end":{"line":175,"column":16}},{"start":{"line":175,"column":16},"end":{"line":175,"column":16}}]},"20":{"line":178,"type":"if","locations":[{"start":{"line":178,"column":16},"end":{"line":178,"column":16}},{"start":{"line":178,"column":16},"end":{"line":178,"column":16}}]},"21":{"line":206,"type":"cond-expr","locations":[{"start":{"line":206,"column":35},"end":{"line":206,"column":44}},{"start":{"line":206,"column":47},"end":{"line":206,"column":62}}]},"22":{"line":231,"type":"if","locations":[{"start":{"line":231,"column":16},"end":{"line":231,"column":16}},{"start":{"line":231,"column":16},"end":{"line":231,"column":16}}]},"23":{"line":321,"type":"if","locations":[{"start":{"line":321,"column":16},"end":{"line":321,"column":16}},{"start":{"line":321,"column":16},"end":{"line":321,"column":16}}]},"24":{"line":346,"type":"if","locations":[{"start":{"line":346,"column":16},"end":{"line":346,"column":16}},{"start":{"line":346,"column":16},"end":{"line":346,"column":16}}]},"25":{"line":355,"type":"if","locations":[{"start":{"line":355,"column":16},"end":{"line":355,"column":16}},{"start":{"line":355,"column":16},"end":{"line":355,"column":16}}]},"26":{"line":374,"type":"if","locations":[{"start":{"line":374,"column":12},"end":{"line":374,"column":12}},{"start":{"line":374,"column":12},"end":{"line":374,"column":12}}]},"27":{"line":375,"type":"if","locations":[{"start":{"line":375,"column":12},"end":{"line":375,"column":12}},{"start":{"line":375,"column":12},"end":{"line":375,"column":12}}]},"28":{"line":384,"type":"binary-expr","locations":[{"start":{"line":384,"column":28},"end":{"line":384,"column":40}},{"start":{"line":384,"column":44},"end":{"line":384,"column":56}}]},"29":{"line":388,"type":"if","locations":[{"start":{"line":388,"column":16},"end":{"line":388,"column":16}},{"start":{"line":388,"column":16},"end":{"line":388,"column":16}}]},"30":{"line":389,"type":"cond-expr","locations":[{"start":{"line":389,"column":45},"end":{"line":389,"column":51}},{"start":{"line":389,"column":54},"end":{"line":389,"column":60}}]},"31":{"line":391,"type":"if","locations":[{"start":{"line":391,"column":16},"end":{"line":391,"column":16}},{"start":{"line":391,"column":16},"end":{"line":391,"column":16}}]},"32":{"line":392,"type":"if","locations":[{"start":{"line":392,"column":20},"end":{"line":392,"column":20}},{"start":{"line":392,"column":20},"end":{"line":392,"column":20}}]},"33":{"line":395,"type":"if","locations":[{"start":{"line":395,"column":16},"end":{"line":395,"column":16}},{"start":{"line":395,"column":16},"end":{"line":395,"column":16}}]},"34":{"line":404,"type":"cond-expr","locations":[{"start":{"line":404,"column":54},"end":{"line":404,"column":62}},{"start":{"line":404,"column":65},"end":{"line":404,"column":68}}]},"35":{"line":420,"type":"cond-expr","locations":[{"start":{"line":420,"column":98},"end":{"line":420,"column":107}},{"start":{"line":420,"column":110},"end":{"line":420,"column":116}}]},"36":{"line":440,"type":"if","locations":[{"start":{"line":440,"column":12},"end":{"line":440,"column":12}},{"start":{"line":440,"column":12},"end":{"line":440,"column":12}}]},"37":{"line":444,"type":"if","locations":[{"start":{"line":444,"column":12},"end":{"line":444,"column":12}},{"start":{"line":444,"column":12},"end":{"line":444,"column":12}}]},"38":{"line":466,"type":"if","locations":[{"start":{"line":466,"column":12},"end":{"line":466,"column":12}},{"start":{"line":466,"column":12},"end":{"line":466,"column":12}}]},"39":{"line":469,"type":"if","locations":[{"start":{"line":469,"column":16},"end":{"line":469,"column":16}},{"start":{"line":469,"column":16},"end":{"line":469,"column":16}}]},"40":{"line":512,"type":"if","locations":[{"start":{"line":512,"column":12},"end":{"line":512,"column":12}},{"start":{"line":512,"column":12},"end":{"line":512,"column":12}}]},"41":{"line":604,"type":"if","locations":[{"start":{"line":604,"column":8},"end":{"line":604,"column":8}},{"start":{"line":604,"column":8},"end":{"line":604,"column":8}}]},"42":{"line":605,"type":"if","locations":[{"start":{"line":605,"column":8},"end":{"line":605,"column":8}},{"start":{"line":605,"column":8},"end":{"line":605,"column":8}}]},"43":{"line":640,"type":"if","locations":[{"start":{"line":640,"column":8},"end":{"line":640,"column":8}},{"start":{"line":640,"column":8},"end":{"line":640,"column":8}}]},"44":{"line":645,"type":"if","locations":[{"start":{"line":645,"column":12},"end":{"line":645,"column":12}},{"start":{"line":645,"column":12},"end":{"line":645,"column":12}}]},"45":{"line":667,"type":"if","locations":[{"start":{"line":667,"column":8},"end":{"line":667,"column":8}},{"start":{"line":667,"column":8},"end":{"line":667,"column":8}}]},"46":{"line":668,"type":"if","locations":[{"start":{"line":668,"column":8},"end":{"line":668,"column":8}},{"start":{"line":668,"column":8},"end":{"line":668,"column":8}}]},"47":{"line":668,"type":"binary-expr","locations":[{"start":{"line":668,"column":12},"end":{"line":668,"column":27}},{"start":{"line":668,"column":31},"end":{"line":668,"column":46}}]},"48":{"line":705,"type":"if","locations":[{"start":{"line":705,"column":8},"end":{"line":705,"column":8}},{"start":{"line":705,"column":8},"end":{"line":705,"column":8}}]},"49":{"line":802,"type":"if","locations":[{"start":{"line":802,"column":12},"end":{"line":802,"column":12}},{"start":{"line":802,"column":12},"end":{"line":802,"column":12}}]},"50":{"line":817,"type":"binary-expr","locations":[{"start":{"line":817,"column":3},"end":{"line":817,"column":7}},{"start":{"line":817,"column":12},"end":{"line":817,"column":21}}]},"51":{"line":818,"type":"if","locations":[{"start":{"line":818,"column":0},"end":{"line":818,"column":0}},{"start":{"line":818,"column":0},"end":{"line":818,"column":0}}]},"52":{"line":818,"type":"binary-expr","locations":[{"start":{"line":818,"column":4},"end":{"line":818,"column":30}},{"start":{"line":818,"column":34},"end":{"line":818,"column":48}}]}}},"E:\\Git\\myna-parser\\grammars\\csv.js":{"path":"E:\\Git\\myna-parser\\grammars\\csv.js","s":{"1":1,"2":1,"3":1,"4":1,"5":1,"6":1,"7":1,"8":1,"9":1,"10":1,"11":1,"12":1},"b":{"1":[1,0],"2":[1,0],"3":[1,1]},"f":{"1":1},"fnMap":{"1":{"name":"CsvGrammar","line":7,"loc":{"start":{"line":7,"column":0},"end":{"line":8,"column":0}}}},"statementMap":{"1":{"start":{"line":7,"column":0},"end":{"line":23,"column":1}},"2":{"start":{"line":9,"column":4},"end":{"line":10,"column":24}},"3":{"start":{"line":10,"column":8},"end":{"line":10,"column":24}},"4":{"start":{"line":13,"column":4},"end":{"line":13,"column":17}},"5":{"start":{"line":15,"column":4},"end":{"line":15,"column":56}},"6":{"start":{"line":16,"column":4},"end":{"line":16,"column":70}},"7":{"start":{"line":17,"column":4},"end":{"line":17,"column":61}},"8":{"start":{"line":18,"column":4},"end":{"line":18,"column":58}},"9":{"start":{"line":19,"column":4},"end":{"line":19,"column":55}},"10":{"start":{"line":22,"column":4},"end":{"line":22,"column":35}},"11":{"start":{"line":26,"column":0},"end":{"line":27,"column":32}},"12":{"start":{"line":27,"column":4},"end":{"line":27,"column":32}}},"branchMap":{"1":{"line":9,"type":"if","locations":[{"start":{"line":9,"column":4},"end":{"line":9,"column":4}},{"start":{"line":9,"column":4},"end":{"line":9,"column":4}}]},"2":{"line":26,"type":"if","locations":[{"start":{"line":26,"column":0},"end":{"line":26,"column":0}},{"start":{"line":26,"column":0},"end":{"line":26,"column":0}}]},"3":{"line":26,"type":"binary-expr","locations":[{"start":{"line":26,"column":4},"end":{"line":26,"column":30}},{"start":{"line":26,"column":34},"end":{"line":26,"column":48}}]}}},"E:\\Git\\myna-parser\\grammars\\json.js":{"path":"E:\\Git\\myna-parser\\grammars\\json.js","s":{"1":1,"2":1,"3":1,"4":1,"5":1,"6":1,"7":1,"8":1,"9":1,"10":1,"11":1,"12":62,"13":1,"14":1,"15":1,"16":1,"17":1,"18":1,"19":1,"20":1,"21":1,"22":1},"b":{"1":[1,0],"2":[1,1]},"f":{"1":1,"2":62},"fnMap":{"1":{"name":"JsonGrammar","line":5,"loc":{"start":{"line":5,"column":0},"end":{"line":6,"column":0}}},"2":{"name":"(anonymous_2)","line":23,"loc":{"start":{"line":23,"column":25},"end":{"line":23,"column":36}}}},"statementMap":{"1":{"start":{"line":5,"column":0},"end":{"line":37,"column":1}},"2":{"start":{"line":8,"column":4},"end":{"line":8,"column":17}},"3":{"start":{"line":11,"column":4},"end":{"line":11,"column":59}},"4":{"start":{"line":12,"column":4},"end":{"line":12,"column":61}},"5":{"start":{"line":13,"column":4},"end":{"line":13,"column":93}},"6":{"start":{"line":14,"column":4},"end":{"line":14,"column":51}},"7":{"start":{"line":15,"column":4},"end":{"line":15,"column":39}},"8":{"start":{"line":16,"column":4},"end":{"line":16,"column":82}},"9":{"start":{"line":17,"column":4},"end":{"line":17,"column":41}},"10":{"start":{"line":22,"column":4},"end":{"line":22,"column":21}},"11":{"start":{"line":23,"column":4},"end":{"line":25,"column":11}},"12":{"start":{"line":24,"column":8},"end":{"line":24,"column":103}},"13":{"start":{"line":27,"column":4},"end":{"line":27,"column":66}},"14":{"start":{"line":28,"column":4},"end":{"line":28,"column":48}},"15":{"start":{"line":29,"column":4},"end":{"line":29,"column":58}},"16":{"start":{"line":30,"column":4},"end":{"line":30,"column":107}},"17":{"start":{"line":31,"column":4},"end":{"line":31,"column":82}},"18":{"start":{"line":32,"column":4},"end":{"line":32,"column":81}},"19":{"start":{"line":33,"column":4},"end":{"line":33,"column":78}},"20":{"start":{"line":36,"column":4},"end":{"line":36,"column":36}},"21":{"start":{"line":40,"column":0},"end":{"line":41,"column":33}},"22":{"start":{"line":41,"column":4},"end":{"line":41,"column":33}}},"branchMap":{"1":{"line":40,"type":"if","locations":[{"start":{"line":40,"column":0},"end":{"line":40,"column":0}},{"start":{"line":40,"column":0},"end":{"line":40,"column":0}}]},"2":{"line":40,"type":"binary-expr","locations":[{"start":{"line":40,"column":4},"end":{"line":40,"column":30}},{"start":{"line":40,"column":34},"end":{"line":40,"column":48}}]}}},"E:\\Git\\myna-parser\\grammars\\arithmetic.js":{"path":"E:\\Git\\myna-parser\\grammars\\arithmetic.js","s":{"1":1,"2":1,"3":1,"4":1,"5":1,"6":1,"7":1,"8":1,"9":31,"10":1,"11":1,"12":1,"13":1,"14":1,"15":1,"16":1,"17":1,"18":1,"19":1,"20":1,"21":1,"22":1},"b":{"1":[1,0],"2":[1,1]},"f":{"1":1,"2":31},"fnMap":{"1":{"name":"ArithmeticGrammar","line":4,"loc":{"start":{"line":4,"column":0},"end":{"line":5,"column":0}}},"2":{"name":"(anonymous_2)","line":19,"loc":{"start":{"line":19,"column":24},"end":{"line":19,"column":35}}}},"statementMap":{"1":{"start":{"line":4,"column":0},"end":{"line":34,"column":1}},"2":{"start":{"line":7,"column":4},"end":{"line":7,"column":17}},"3":{"start":{"line":10,"column":4},"end":{"line":10,"column":51}},"4":{"start":{"line":11,"column":4},"end":{"line":11,"column":42}},"5":{"start":{"line":12,"column":4},"end":{"line":12,"column":82}},"6":{"start":{"line":13,"column":4},"end":{"line":13,"column":41}},"7":{"start":{"line":18,"column":4},"end":{"line":18,"column":21}},"8":{"start":{"line":19,"column":4},"end":{"line":19,"column":58}},"9":{"start":{"line":19,"column":37},"end":{"line":19,"column":54}},"10":{"start":{"line":21,"column":4},"end":{"line":21,"column":39}},"11":{"start":{"line":22,"column":4},"end":{"line":22,"column":81}},"12":{"start":{"line":23,"column":4},"end":{"line":23,"column":56}},"13":{"start":{"line":24,"column":4},"end":{"line":24,"column":78}},"14":{"start":{"line":25,"column":4},"end":{"line":25,"column":113}},"15":{"start":{"line":26,"column":4},"end":{"line":26,"column":69}},"16":{"start":{"line":27,"column":4},"end":{"line":27,"column":66}},"17":{"start":{"line":28,"column":4},"end":{"line":28,"column":71}},"18":{"start":{"line":29,"column":4},"end":{"line":29,"column":63}},"19":{"start":{"line":30,"column":4},"end":{"line":30,"column":65}},"20":{"start":{"line":33,"column":4},"end":{"line":33,"column":42}},"21":{"start":{"line":37,"column":0},"end":{"line":38,"column":39}},"22":{"start":{"line":38,"column":4},"end":{"line":38,"column":39}}},"branchMap":{"1":{"line":37,"type":"if","locations":[{"start":{"line":37,"column":0},"end":{"line":37,"column":0}},{"start":{"line":37,"column":0},"end":{"line":37,"column":0}}]},"2":{"line":37,"type":"binary-expr","locations":[{"start":{"line":37,"column":4},"end":{"line":37,"column":30}},{"start":{"line":37,"column":34},"end":{"line":37,"column":48}}]}}}}