TN:
SF:E:\Git\myna-parser\myna.js
FN:4,(anonymous_1)
FN:6,__
FN:15,(anonymous_3)
FN:19,_initialize
FN:26,match
FN:38,parse
FN:51,(anonymous_7)
FN:76,genId
FN:86,RuleTypeToRule
FN:99,(anonymous_10)
FN:100,AstNode
FN:109,(anonymous_12)
FN:122,(anonymous_13)
FN:124,Rule
FN:136,(anonymous_15)
FN:140,(anonymous_16)
FN:148,(anonymous_17)
FN:186,(anonymous_18)
FN:191,(anonymous_19)
FN:197,(anonymous_20)
FN:205,(anonymous_21)
FN:212,(anonymous_22)
FN:217,(anonymous_23)
FN:224,(anonymous_24)
FN:229,(anonymous_25)
FN:243,(anonymous_26)
FN:253,(anonymous_27)
FN:258,(anonymous_28)
FN:263,(anonymous_29)
FN:268,(anonymous_30)
FN:273,(anonymous_31)
FN:278,(anonymous_32)
FN:283,(anonymous_33)
FN:288,(anonymous_34)
FN:292,(anonymous_35)
FN:293,(anonymous_36)
FN:294,(anonymous_37)
FN:295,(anonymous_38)
FN:296,(anonymous_39)
FN:297,(anonymous_40)
FN:298,(anonymous_41)
FN:299,(anonymous_42)
FN:300,(anonymous_43)
FN:311,(anonymous_44)
FN:313,Sequence
FN:317,(anonymous_46)
FN:327,(anonymous_47)
FN:327,(anonymous_48)
FN:331,(anonymous_49)
FN:336,(anonymous_50)
FN:338,Choice
FN:342,(anonymous_52)
FN:352,(anonymous_53)
FN:361,(anonymous_54)
FN:361,(anonymous_55)
FN:365,(anonymous_56)
FN:371,(anonymous_57)
FN:373,BoundedRule
FN:381,(anonymous_59)
FN:402,(anonymous_60)
FN:409,(anonymous_61)
FN:414,(anonymous_62)
FN:416,Advance
FN:420,(anonymous_64)
FN:422,(anonymous_65)
FN:426,(anonymous_66)
FN:431,(anonymous_67)
FN:433,Lookup
FN:439,(anonymous_69)
FN:449,(anonymous_70)
FN:453,(anonymous_71)
FN:458,(anonymous_72)
FN:460,Text
FN:465,(anonymous_74)
FN:474,(anonymous_75)
FN:478,(anonymous_76)
FN:484,(anonymous_77)
FN:486,Delay
FN:491,(anonymous_79)
FN:493,(anonymous_80)
FN:497,(anonymous_81)
FN:504,(anonymous_82)
FN:506,PredicateRule
FN:511,(anonymous_84)
FN:520,(anonymous_85)
FN:522,Not
FN:526,(anonymous_87)
FN:528,(anonymous_88)
FN:532,(anonymous_89)
FN:537,(anonymous_90)
FN:539,At
FN:543,(anonymous_92)
FN:545,(anonymous_93)
FN:549,(anonymous_94)
FN:554,(anonymous_95)
FN:556,Predicate
FN:561,(anonymous_97)
FN:562,(anonymous_98)
FN:569,text
FN:574,seq
FN:583,choice
FN:593,delay
FN:593,(anonymous_103)
FN:596,not
FN:603,bounded
FN:611,star
FN:617,plus
FN:622,opt
FN:628,repeat
FN:633,at
FN:639,lookup
FN:654,atChar
FN:657,notAtChar
FN:660,char
FN:663,charExcept
FN:666,inRange
FN:678,range
FN:680,exceptRange
FN:684,delimited
FN:686,except
FN:688,repeatWhileNot
FN:690,repeatUntilPast
FN:692,advanceWhileNot
FN:694,advanceUntilPast
FN:698,predicate
FN:700,action
FN:700,(anonymous_127)
FN:702,err
FN:702,(anonymous_129)
FN:704,log
FN:706,(anonymous_131)
FN:709,assert
FN:716,guardedSeq
FN:721,(anonymous_134)
FN:725,doubleQuoted
FN:727,singleQuoted
FN:730,parenthesized
FN:732,braced
FN:734,bracketed
FN:736,tagged
FN:739,keyword
FN:741,keywords
FN:751,(anonymous_143)
FN:752,(anonymous_144)
FN:753,(anonymous_145)
FN:754,(anonymous_146)
FN:782,grammarRules
FN:785,(anonymous_148)
FN:786,(anonymous_149)
FN:790,grammarToString
FN:792,(anonymous_151)
FN:800,registerGrammar
FNF:152
FNH:125
FNDA:11,(anonymous_1)
FNDA:11,__
FNDA:1,(anonymous_3)
FNDA:550,_initialize
FNDA:0,match
FNDA:550,parse
FNDA:1,(anonymous_7)
FNDA:474,genId
FNDA:903,RuleTypeToRule
FNDA:1,(anonymous_10)
FNDA:1493,AstNode
FNDA:0,(anonymous_12)
FNDA:1,(anonymous_13)
FNDA:474,Rule
FNDA:0,(anonymous_15)
FNDA:85,(anonymous_16)
FNDA:10217,(anonymous_17)
FNDA:229,(anonymous_18)
FNDA:61,(anonymous_19)
FNDA:494,(anonymous_20)
FNDA:3537,(anonymous_21)
FNDA:636,(anonymous_22)
FNDA:2714,(anonymous_23)
FNDA:0,(anonymous_24)
FNDA:20,(anonymous_25)
FNDA:20,(anonymous_26)
FNDA:9,(anonymous_27)
FNDA:13,(anonymous_28)
FNDA:2,(anonymous_29)
FNDA:0,(anonymous_30)
FNDA:1,(anonymous_31)
FNDA:14,(anonymous_32)
FNDA:0,(anonymous_33)
FNDA:0,(anonymous_34)
FNDA:15,(anonymous_35)
FNDA:0,(anonymous_36)
FNDA:0,(anonymous_37)
FNDA:3,(anonymous_38)
FNDA:0,(anonymous_39)
FNDA:0,(anonymous_40)
FNDA:1,(anonymous_41)
FNDA:0,(anonymous_42)
FNDA:3,(anonymous_43)
FNDA:1,(anonymous_44)
FNDA:107,Sequence
FNDA:2512,(anonymous_46)
FNDA:795,(anonymous_47)
FNDA:1821,(anonymous_48)
FNDA:15,(anonymous_49)
FNDA:1,(anonymous_50)
FNDA:125,Choice
FNDA:1672,(anonymous_52)
FNDA:21,(anonymous_53)
FNDA:610,(anonymous_54)
FNDA:1233,(anonymous_55)
FNDA:2,(anonymous_56)
FNDA:1,(anonymous_57)
FNDA:51,BoundedRule
FNDA:1348,(anonymous_59)
FNDA:402,(anonymous_60)
FNDA:2,(anonymous_61)
FNDA:1,(anonymous_62)
FNDA:1,Advance
FNDA:885,(anonymous_64)
FNDA:7,(anonymous_65)
FNDA:0,(anonymous_66)
FNDA:1,(anonymous_67)
FNDA:20,Lookup
FNDA:2178,(anonymous_69)
FNDA:123,(anonymous_70)
FNDA:0,(anonymous_71)
FNDA:1,(anonymous_72)
FNDA:100,Text
FNDA:1619,(anonymous_74)
FNDA:693,(anonymous_75)
FNDA:0,(anonymous_76)
FNDA:1,(anonymous_77)
FNDA:3,Delay
FNDA:88,(anonymous_79)
FNDA:5,(anonymous_80)
FNDA:1,(anonymous_81)
FNDA:1,(anonymous_82)
FNDA:67,PredicateRule
FNDA:1255,(anonymous_84)
FNDA:1,(anonymous_85)
FNDA:15,Not
FNDA:66,(anonymous_87)
FNDA:79,(anonymous_88)
FNDA:0,(anonymous_89)
FNDA:1,(anonymous_90)
FNDA:1,At
FNDA:1,(anonymous_92)
FNDA:2,(anonymous_93)
FNDA:0,(anonymous_94)
FNDA:1,(anonymous_95)
FNDA:51,Predicate
FNDA:1188,(anonymous_97)
FNDA:0,(anonymous_98)
FNDA:100,text
FNDA:92,seq
FNDA:123,choice
FNDA:2,delay
FNDA:93,(anonymous_103)
FNDA:15,not
FNDA:49,bounded
FNDA:23,star
FNDA:5,plus
FNDA:18,opt
FNDA:2,repeat
FNDA:1,at
FNDA:20,lookup
FNDA:0,atChar
FNDA:0,notAtChar
FNDA:9,char
FNDA:4,charExcept
FNDA:7,inRange
FNDA:7,range
FNDA:0,exceptRange
FNDA:6,delimited
FNDA:3,except
FNDA:2,repeatWhileNot
FNDA:1,repeatUntilPast
FNDA:1,advanceWhileNot
FNDA:0,advanceUntilPast
FNDA:51,predicate
FNDA:47,action
FNDA:41,(anonymous_127)
FNDA:46,err
FNDA:38,(anonymous_129)
FNDA:1,log
FNDA:3,(anonymous_131)
FNDA:45,assert
FNDA:13,guardedSeq
FNDA:42,(anonymous_134)
FNDA:3,doubleQuoted
FNDA:1,singleQuoted
FNDA:3,parenthesized
FNDA:2,braced
FNDA:2,bracketed
FNDA:1,tagged
FNDA:4,keyword
FNDA:1,keywords
FNDA:2,(anonymous_143)
FNDA:1135,(anonymous_144)
FNDA:6,(anonymous_145)
FNDA:4,(anonymous_146)
FNDA:0,grammarRules
FNDA:0,(anonymous_148)
FNDA:0,(anonymous_149)
FNDA:0,grammarToString
FNDA:0,(anonymous_151)
FNDA:4,registerGrammar
DA:4,1
DA:5,11
DA:6,11
DA:7,11
DA:14,1
DA:15,1
DA:19,1
DA:20,550
DA:21,550
DA:23,1
DA:26,1
DA:27,0
DA:28,0
DA:30,1
DA:38,1
DA:39,550
DA:40,550
DA:41,512
DA:42,0
DA:43,512
DA:44,512
DA:45,512
DA:47,1
DA:51,1
DA:53,1
DA:55,1
DA:57,1
DA:59,1
DA:61,1
DA:63,1
DA:65,1
DA:67,1
DA:71,1
DA:73,1
DA:75,1
DA:76,1
DA:77,474
DA:80,1
DA:82,1
DA:84,1
DA:86,1
DA:87,903
DA:88,795
DA:89,108
DA:90,92
DA:91,16
DA:92,16
DA:93,0
DA:95,1
DA:99,1
DA:100,1
DA:101,1493
DA:102,1493
DA:103,1493
DA:104,1493
DA:105,1493
DA:106,1493
DA:108,1
DA:109,0
DA:113,1
DA:115,1
DA:122,1
DA:124,1
DA:125,474
DA:127,474
DA:129,474
DA:131,474
DA:133,474
DA:136,1
DA:137,0
DA:140,1
DA:142,85
DA:143,0
DA:144,85
DA:148,1
DA:150,10217
DA:151,0
DA:153,10217
DA:155,9274
DA:159,943
DA:161,943
DA:163,943
DA:165,931
DA:166,931
DA:167,0
DA:169,931
DA:170,360
DA:172,571
DA:175,571
DA:176,0
DA:177,571
DA:178,571
DA:179,457
DA:180,571
DA:182,571
DA:186,1
DA:187,229
DA:188,229
DA:191,1
DA:192,61
DA:193,61
DA:195,1
DA:198,494
DA:203,1
DA:206,3537
DA:212,1
DA:213,636
DA:215,1
DA:218,2714
DA:224,1
DA:225,0
DA:227,1
DA:230,20
DA:231,20
DA:232,0
DA:233,20
DA:234,20
DA:235,20
DA:236,20
DA:241,1
DA:244,20
DA:245,20
DA:246,20
DA:251,1
DA:253,9
DA:257,1
DA:258,13
DA:262,1
DA:263,2
DA:267,1
DA:268,0
DA:272,1
DA:273,1
DA:277,1
DA:278,14
DA:282,1
DA:283,0
DA:287,1
DA:288,0
DA:292,15
DA:293,1
DA:294,1
DA:295,3
DA:296,1
DA:297,1
DA:298,1
DA:299,1
DA:300,3
DA:301,1
DA:303,1
DA:311,1
DA:312,1
DA:313,1
DA:314,107
DA:315,107
DA:317,1
DA:318,2512
DA:319,4129
DA:320,4129
DA:321,4058
DA:322,1317
DA:324,1124
DA:326,1
DA:327,1821
DA:331,15
DA:332,1
DA:334,1
DA:336,1
DA:337,1
DA:338,1
DA:339,125
DA:340,125
DA:342,1
DA:343,1672
DA:344,2585
DA:345,2585
DA:346,2548
DA:347,1311
DA:348,1237
DA:350,398
DA:352,1
DA:353,21
DA:354,39
DA:355,39
DA:356,3
DA:358,18
DA:360,1
DA:361,1233
DA:365,2
DA:366,1
DA:368,1
DA:371,1
DA:372,1
DA:373,1
DA:374,51
DA:375,51
DA:376,51
DA:377,51
DA:378,51
DA:379,51
DA:381,1
DA:382,1348
DA:384,1348
DA:385,2162
DA:388,2160
DA:389,1250
DA:391,910
DA:392,805
DA:393,0
DA:395,910
DA:396,0
DA:397,910
DA:399,96
DA:401,1
DA:403,402
DA:409,2
DA:410,1
DA:412,1
DA:414,1
DA:415,1
DA:416,1
DA:417,1
DA:418,1
DA:420,885
DA:421,1
DA:422,7
DA:426,1
DA:427,1
DA:429,1
DA:431,1
DA:432,1
DA:433,1
DA:434,20
DA:435,20
DA:436,20
DA:437,20
DA:439,1
DA:440,2178
DA:441,220
DA:442,1958
DA:443,1958
DA:444,1958
DA:445,492
DA:446,1466
DA:448,1
DA:449,123
DA:453,1
DA:454,1
DA:456,1
DA:458,1
DA:459,1
DA:460,1
DA:461,100
DA:462,100
DA:463,100
DA:465,1
DA:466,1619
DA:467,224
DA:468,1395
DA:469,1444
DA:470,803
DA:471,592
DA:473,1
DA:474,693
DA:478,1
DA:479,1
DA:481,1
DA:484,1
DA:485,1
DA:486,1
DA:487,3
DA:488,3
DA:489,3
DA:491,88
DA:492,1
DA:493,5
DA:497,1
DA:498,1
DA:500,1
DA:504,1
DA:505,1
DA:506,1
DA:507,67
DA:511,1
DA:512,1255
DA:513,1161
DA:514,56
DA:516,1
DA:518,1
DA:520,1
DA:521,1
DA:522,1
DA:523,15
DA:524,15
DA:526,66
DA:527,1
DA:528,79
DA:532,1
DA:533,1
DA:535,1
DA:537,1
DA:538,1
DA:539,1
DA:540,1
DA:541,1
DA:543,1
DA:544,1
DA:545,2
DA:549,1
DA:550,1
DA:552,1
DA:554,1
DA:555,1
DA:556,1
DA:557,51
DA:558,51
DA:559,51
DA:561,1188
DA:562,1
DA:563,1
DA:565,1
DA:569,1
DA:570,100
DA:572,1
DA:574,1
DA:575,92
DA:576,92
DA:577,209
DA:579,92
DA:581,1
DA:583,1
DA:584,123
DA:585,123
DA:586,496
DA:588,123
DA:590,1
DA:593,93
DA:594,1
DA:596,1
DA:597,15
DA:599,1
DA:603,1
DA:604,49
DA:605,49
DA:606,49
DA:608,1
DA:611,1
DA:612,23
DA:614,1
DA:617,1
DA:618,5
DA:620,1
DA:622,1
DA:623,18
DA:625,1
DA:628,1
DA:629,2
DA:631,1
DA:633,1
DA:634,1
DA:636,1
DA:639,1
DA:640,20
DA:641,20
DA:642,20
DA:643,20
DA:644,124
DA:645,124
DA:646,0
DA:647,124
DA:649,20
DA:651,1
DA:654,1
DA:655,1
DA:657,1
DA:658,1
DA:660,9
DA:661,1
DA:663,4
DA:664,1
DA:666,1
DA:667,7
DA:668,7
DA:669,0
DA:670,7
DA:671,7
DA:672,7
DA:673,7
DA:674,91
DA:675,7
DA:677,1
DA:678,7
DA:679,1
DA:680,1
DA:681,1
DA:684,6
DA:685,1
DA:686,3
DA:687,1
DA:688,2
DA:689,1
DA:690,1
DA:691,1
DA:692,1
DA:693,1
DA:694,1
DA:695,1
DA:698,51
DA:699,1
DA:700,47
DA:701,1
DA:702,46
DA:703,1
DA:704,1
DA:705,1
DA:706,3
DA:708,1
DA:709,45
DA:710,1
DA:716,1
DA:717,13
DA:718,13
DA:719,42
DA:721,42
DA:723,1
DA:725,3
DA:726,1
DA:727,1
DA:728,1
DA:730,3
DA:731,1
DA:732,2
DA:733,1
DA:734,2
DA:735,1
DA:736,1
DA:737,1
DA:739,4
DA:740,1
DA:741,1
DA:742,1
DA:743,1
DA:744,2
DA:746,1
DA:748,1
DA:751,2
DA:752,1135
DA:753,6
DA:754,4
DA:755,1
DA:756,1
DA:757,1
DA:758,1
DA:759,1
DA:760,1
DA:761,1
DA:762,1
DA:763,1
DA:764,1
DA:765,1
DA:766,1
DA:767,1
DA:768,1
DA:769,1
DA:770,1
DA:771,1
DA:772,1
DA:773,1
DA:774,1
DA:775,1
DA:776,1
DA:782,1
DA:783,0
DA:785,0
DA:786,0
DA:788,1
DA:790,1
DA:791,0
DA:792,0
DA:795,1
DA:800,1
DA:801,4
DA:802,123
DA:803,61
DA:804,61
DA:805,61
DA:806,61
DA:809,4
DA:811,1
DA:816,1
DA:818,1
DA:819,1
LF:492
LH:468
BRDA:4,1,0,1
BRDA:4,1,1,1
BRDA:4,1,2,1
BRDA:5,2,0,0
BRDA:5,2,1,0
BRDA:7,3,0,0
BRDA:7,3,1,11
BRDA:41,4,0,0
BRDA:41,4,1,512
BRDA:66,5,0,1
BRDA:66,5,1,1
BRDA:87,6,0,795
BRDA:87,6,1,108
BRDA:89,7,0,92
BRDA:89,7,1,16
BRDA:91,8,0,16
BRDA:91,8,1,0
BRDA:92,9,0,0
BRDA:92,9,1,16
BRDA:101,10,0,550
BRDA:101,10,1,943
BRDA:102,11,0,1493
BRDA:102,11,1,0
BRDA:142,12,0,0
BRDA:142,12,1,85
BRDA:142,13,0,85
BRDA:142,13,1,85
BRDA:150,14,0,0
BRDA:150,14,1,10217
BRDA:150,15,0,10217
BRDA:150,15,1,10217
BRDA:153,16,0,9274
BRDA:153,16,1,943
BRDA:166,17,0,0
BRDA:166,17,1,931
BRDA:169,18,0,360
BRDA:169,18,1,571
BRDA:175,19,0,0
BRDA:175,19,1,571
BRDA:178,20,0,457
BRDA:178,20,1,114
BRDA:206,21,0,968
BRDA:206,21,1,2569
BRDA:231,22,0,0
BRDA:231,22,1,20
BRDA:321,23,0,1317
BRDA:321,23,1,2741
BRDA:346,24,0,1311
BRDA:346,24,1,1237
BRDA:355,25,0,3
BRDA:355,25,1,36
BRDA:374,26,0,0
BRDA:374,26,1,51
BRDA:375,27,0,0
BRDA:375,27,1,51
BRDA:384,28,0,2258
BRDA:384,28,1,534
BRDA:388,29,0,1250
BRDA:388,29,1,910
BRDA:389,30,0,1242
BRDA:389,30,1,8
BRDA:391,31,0,805
BRDA:391,31,1,105
BRDA:392,32,0,0
BRDA:392,32,1,805
BRDA:395,33,0,0
BRDA:395,33,1,910
BRDA:404,34,0,175
BRDA:404,34,1,227
BRDA:420,35,0,872
BRDA:420,35,1,13
BRDA:440,36,0,220
BRDA:440,36,1,1958
BRDA:444,37,0,492
BRDA:444,37,1,1466
BRDA:466,38,0,224
BRDA:466,38,1,1395
BRDA:469,39,0,803
BRDA:469,39,1,641
BRDA:512,40,0,1161
BRDA:512,40,1,56
BRDA:604,41,0,23
BRDA:604,41,1,26
BRDA:605,42,0,28
BRDA:605,42,1,21
BRDA:640,43,0,9
BRDA:640,43,1,11
BRDA:645,44,0,0
BRDA:645,44,1,124
BRDA:667,45,0,7
BRDA:667,45,1,0
BRDA:668,46,0,0
BRDA:668,46,1,7
BRDA:668,47,0,7
BRDA:668,47,1,7
BRDA:705,48,0,0
BRDA:705,48,1,1
BRDA:802,49,0,61
BRDA:802,49,1,62
BRDA:817,50,0,1
BRDA:817,50,1,1
BRDA:818,51,0,1
BRDA:818,51,1,0
BRDA:818,52,0,1
BRDA:818,52,1,1
BRF:105
BRH:84
end_of_record
TN:
SF:E:\Git\myna-parser\grammars\csv.js
FN:7,CsvGrammar
FNF:1
FNH:1
FNDA:1,CsvGrammar
DA:7,1
DA:9,1
DA:10,1
DA:13,1
DA:15,1
DA:16,1
DA:17,1
DA:18,1
DA:19,1
DA:22,1
DA:26,1
DA:27,1
LF:12
LH:12
BRDA:9,1,0,1
BRDA:9,1,1,0
BRDA:26,2,0,1
BRDA:26,2,1,0
BRDA:26,3,0,1
BRDA:26,3,1,1
BRF:6
BRH:4
end_of_record
TN:
SF:E:\Git\myna-parser\grammars\json.js
FN:5,JsonGrammar
FN:23,(anonymous_2)
FNF:2
FNH:2
FNDA:1,JsonGrammar
FNDA:62,(anonymous_2)
DA:5,1
DA:8,1
DA:11,1
DA:12,1
DA:13,1
DA:14,1
DA:15,1
DA:16,1
DA:17,1
DA:22,1
DA:23,1
DA:24,62
DA:27,1
DA:28,1
DA:29,1
DA:30,1
DA:31,1
DA:32,1
DA:33,1
DA:36,1
DA:40,1
DA:41,1
LF:22
LH:22
BRDA:40,1,0,1
BRDA:40,1,1,0
BRDA:40,2,0,1
BRDA:40,2,1,1
BRF:4
BRH:3
end_of_record
TN:
SF:E:\Git\myna-parser\grammars\arithmetic.js
FN:4,ArithmeticGrammar
FN:19,(anonymous_2)
FNF:2
FNH:2
FNDA:1,ArithmeticGrammar
FNDA:31,(anonymous_2)
DA:4,1
DA:7,1
DA:10,1
DA:11,1
DA:12,1
DA:13,1
DA:18,1
DA:19,31
DA:21,1
DA:22,1
DA:23,1
DA:24,1
DA:25,1
DA:26,1
DA:27,1
DA:28,1
DA:29,1
DA:30,1
DA:33,1
DA:37,1
DA:38,1
LF:21
LH:21
BRDA:37,1,0,1
BRDA:37,1,1,0
BRDA:37,2,0,1
BRDA:37,2,1,1
BRF:4
BRH:3
end_of_record
